2025-08-05 20:01:56,146 - INFO - 🚀 Starting Elai slide conversion test...
2025-08-05 20:01:56,147 - INFO - 📤 Creating video...
2025-08-05 20:01:56,693 - INFO - ✅ Video created with ID: 68924713687b930194503c82
2025-08-05 20:01:56,696 - INFO - 🎬 Starting video render...
2025-08-05 20:01:56,958 - INFO - ✅ Render started successfully
2025-08-05 20:01:57,472 - INFO - 📊 Video status: validating
2025-08-05 20:01:57,474 - INFO - ⏳ Still processing... Status: validating
2025-08-05 20:02:08,075 - INFO - 📊 Video status: rendering
2025-08-05 20:02:08,076 - INFO - ⏳ Still processing... Status: rendering
2025-08-05 20:02:18,556 - INFO - 📊 Video status: rendering
2025-08-05 20:02:18,560 - INFO - ⏳ Still processing... Status: rendering
2025-08-05 20:02:29,039 - INFO - 📊 Video status: rendering
2025-08-05 20:02:29,040 - INFO - ⏳ Still processing... Status: rendering
2025-08-05 20:02:39,711 - INFO - 📊 Video status: rendering
2025-08-05 20:02:39,711 - INFO - ⏳ Still processing... Status: rendering
2025-08-05 20:02:50,143 - INFO - 📊 Video status: rendering
2025-08-05 20:02:50,144 - INFO - ⏳ Still processing... Status: rendering
2025-08-05 20:03:00,661 - INFO - 📊 Video status: rendering
2025-08-05 20:03:00,662 - INFO - ⏳ Still processing... Status: rendering
2025-08-05 20:03:11,108 - INFO - 📊 Video status: ready
2025-08-05 20:03:11,108 - INFO - ✅ Video rendering completed with status: ready!
2025-08-05 20:03:11,114 - INFO - 📥 Downloading video to: elai_video_20250805_200311.mp4
2025-08-05 20:03:12,091 - INFO - ⏳ Download progress: 0.3%
2025-08-05 20:03:12,091 - INFO - ⏳ Download progress: 0.5%
2025-08-05 20:03:12,203 - INFO - ⏳ Download progress: 0.8%
2025-08-05 20:03:12,204 - INFO - ⏳ Download progress: 1.0%
2025-08-05 20:03:12,235 - INFO - ⏳ Download progress: 1.3%
2025-08-05 20:03:12,235 - INFO - ⏳ Download progress: 1.5%
2025-08-05 20:03:12,252 - INFO - ⏳ Download progress: 1.8%
2025-08-05 20:03:12,305 - INFO - ⏳ Download progress: 2.0%
2025-08-05 20:03:12,305 - INFO - ⏳ Download progress: 2.3%
2025-08-05 20:03:12,337 - INFO - ⏳ Download progress: 2.6%
2025-08-05 20:03:12,338 - INFO - ⏳ Download progress: 2.8%
2025-08-05 20:03:12,379 - INFO - ⏳ Download progress: 3.1%
2025-08-05 20:03:12,380 - INFO - ⏳ Download progress: 3.3%
2025-08-05 20:03:12,406 - INFO - ⏳ Download progress: 3.6%
2025-08-05 20:03:12,407 - INFO - ⏳ Download progress: 3.8%
2025-08-05 20:03:12,432 - INFO - ⏳ Download progress: 4.1%
2025-08-05 20:03:12,433 - INFO - ⏳ Download progress: 4.3%
2025-08-05 20:03:12,455 - INFO - ⏳ Download progress: 4.6%
2025-08-05 20:03:12,483 - INFO - ⏳ Download progress: 4.8%
2025-08-05 20:03:12,484 - INFO - ⏳ Download progress: 5.1%
2025-08-05 20:03:12,511 - INFO - ⏳ Download progress: 5.4%
2025-08-05 20:03:12,513 - INFO - ⏳ Download progress: 5.6%
2025-08-05 20:03:12,554 - INFO - ⏳ Download progress: 5.9%
2025-08-05 20:03:12,554 - INFO - ⏳ Download progress: 6.1%
2025-08-05 20:03:12,596 - INFO - ⏳ Download progress: 6.4%
2025-08-05 20:03:12,597 - INFO - ⏳ Download progress: 6.6%
2025-08-05 20:03:12,616 - INFO - ⏳ Download progress: 6.9%
2025-08-05 20:03:12,617 - INFO - ⏳ Download progress: 7.1%
2025-08-05 20:03:12,644 - INFO - ⏳ Download progress: 7.4%
2025-08-05 20:03:12,646 - INFO - ⏳ Download progress: 7.7%
2025-08-05 20:03:12,677 - INFO - ⏳ Download progress: 7.9%
2025-08-05 20:03:12,678 - INFO - ⏳ Download progress: 8.2%
2025-08-05 20:03:12,712 - INFO - ⏳ Download progress: 8.4%
2025-08-05 20:03:12,713 - INFO - ⏳ Download progress: 8.7%
2025-08-05 20:03:12,745 - INFO - ⏳ Download progress: 8.9%
2025-08-05 20:03:12,746 - INFO - ⏳ Download progress: 9.2%
2025-08-05 20:03:12,775 - INFO - ⏳ Download progress: 9.4%
2025-08-05 20:03:12,777 - INFO - ⏳ Download progress: 9.7%
2025-08-05 20:03:12,797 - INFO - ⏳ Download progress: 9.9%
2025-08-05 20:03:12,798 - INFO - ⏳ Download progress: 10.2%
2025-08-05 20:03:12,865 - INFO - ⏳ Download progress: 10.5%
2025-08-05 20:03:12,866 - INFO - ⏳ Download progress: 10.7%
2025-08-05 20:03:12,882 - INFO - ⏳ Download progress: 11.0%
2025-08-05 20:03:12,921 - INFO - ⏳ Download progress: 11.2%
2025-08-05 20:03:12,921 - INFO - ⏳ Download progress: 11.5%
2025-08-05 20:03:12,944 - INFO - ⏳ Download progress: 11.7%
2025-08-05 20:03:12,945 - INFO - ⏳ Download progress: 12.0%
2025-08-05 20:03:12,974 - INFO - ⏳ Download progress: 12.2%
2025-08-05 20:03:12,975 - INFO - ⏳ Download progress: 12.5%
2025-08-05 20:03:13,013 - INFO - ⏳ Download progress: 12.8%
2025-08-05 20:03:13,014 - INFO - ⏳ Download progress: 13.0%
2025-08-05 20:03:13,046 - INFO - ⏳ Download progress: 13.3%
2025-08-05 20:03:13,047 - INFO - ⏳ Download progress: 13.5%
2025-08-05 20:03:13,078 - INFO - ⏳ Download progress: 13.8%
2025-08-05 20:03:13,080 - INFO - ⏳ Download progress: 14.0%
2025-08-05 20:03:13,105 - INFO - ⏳ Download progress: 14.3%
2025-08-05 20:03:13,106 - INFO - ⏳ Download progress: 14.5%
2025-08-05 20:03:13,150 - INFO - ⏳ Download progress: 14.8%
2025-08-05 20:03:13,150 - INFO - ⏳ Download progress: 15.0%
2025-08-05 20:03:13,180 - INFO - ⏳ Download progress: 15.3%
2025-08-05 20:03:13,182 - INFO - ⏳ Download progress: 15.6%
2025-08-05 20:03:13,223 - INFO - ⏳ Download progress: 15.8%
2025-08-05 20:03:13,223 - INFO - ⏳ Download progress: 16.1%
2025-08-05 20:03:13,246 - INFO - ⏳ Download progress: 16.3%
2025-08-05 20:03:13,247 - INFO - ⏳ Download progress: 16.6%
2025-08-05 20:03:13,282 - INFO - ⏳ Download progress: 16.8%
2025-08-05 20:03:13,283 - INFO - ⏳ Download progress: 17.1%
2025-08-05 20:03:13,318 - INFO - ⏳ Download progress: 17.3%
2025-08-05 20:03:13,318 - INFO - ⏳ Download progress: 17.6%
2025-08-05 20:03:13,345 - INFO - ⏳ Download progress: 17.9%
2025-08-05 20:03:13,347 - INFO - ⏳ Download progress: 18.1%
2025-08-05 20:03:13,396 - INFO - ⏳ Download progress: 18.4%
2025-08-05 20:03:13,397 - INFO - ⏳ Download progress: 18.6%
2025-08-05 20:03:13,439 - INFO - ⏳ Download progress: 18.9%
2025-08-05 20:03:13,440 - INFO - ⏳ Download progress: 19.1%
2025-08-05 20:03:13,468 - INFO - ⏳ Download progress: 19.4%
2025-08-05 20:03:13,468 - INFO - ⏳ Download progress: 19.6%
2025-08-05 20:03:13,498 - INFO - ⏳ Download progress: 19.9%
2025-08-05 20:03:13,499 - INFO - ⏳ Download progress: 20.2%
2025-08-05 20:03:13,546 - INFO - ⏳ Download progress: 20.4%
2025-08-05 20:03:13,547 - INFO - ⏳ Download progress: 20.7%
2025-08-05 20:03:13,550 - INFO - ⏳ Download progress: 20.9%
2025-08-05 20:03:13,583 - INFO - ⏳ Download progress: 21.2%
2025-08-05 20:03:13,583 - INFO - ⏳ Download progress: 21.4%
2025-08-05 20:03:13,630 - INFO - ⏳ Download progress: 21.7%
2025-08-05 20:03:13,631 - INFO - ⏳ Download progress: 21.9%
2025-08-05 20:03:13,652 - INFO - ⏳ Download progress: 22.2%
2025-08-05 20:03:13,653 - INFO - ⏳ Download progress: 22.4%
2025-08-05 20:03:13,680 - INFO - ⏳ Download progress: 22.7%
2025-08-05 20:03:13,681 - INFO - ⏳ Download progress: 23.0%
2025-08-05 20:03:13,721 - INFO - ⏳ Download progress: 23.2%
2025-08-05 20:03:13,721 - INFO - ⏳ Download progress: 23.5%
2025-08-05 20:03:13,749 - INFO - ⏳ Download progress: 23.7%
2025-08-05 20:03:13,749 - INFO - ⏳ Download progress: 24.0%
2025-08-05 20:03:13,782 - INFO - ⏳ Download progress: 24.2%
2025-08-05 20:03:13,798 - INFO - ⏳ Download progress: 24.5%
2025-08-05 20:03:13,810 - INFO - ⏳ Download progress: 24.7%
2025-08-05 20:03:13,863 - INFO - ⏳ Download progress: 25.0%
2025-08-05 20:03:13,863 - INFO - ⏳ Download progress: 25.3%
2025-08-05 20:03:13,896 - INFO - ⏳ Download progress: 25.5%
2025-08-05 20:03:13,897 - INFO - ⏳ Download progress: 25.8%
2025-08-05 20:03:13,920 - INFO - ⏳ Download progress: 26.0%
2025-08-05 20:03:13,921 - INFO - ⏳ Download progress: 26.3%
2025-08-05 20:03:13,960 - INFO - ⏳ Download progress: 26.5%
2025-08-05 20:03:13,962 - INFO - ⏳ Download progress: 26.8%
2025-08-05 20:03:13,992 - INFO - ⏳ Download progress: 27.0%
2025-08-05 20:03:13,993 - INFO - ⏳ Download progress: 27.3%
2025-08-05 20:03:14,034 - INFO - ⏳ Download progress: 27.5%
2025-08-05 20:03:14,034 - INFO - ⏳ Download progress: 27.8%
2025-08-05 20:03:14,046 - INFO - ⏳ Download progress: 28.1%
2025-08-05 20:03:14,083 - INFO - ⏳ Download progress: 28.3%
2025-08-05 20:03:14,084 - INFO - ⏳ Download progress: 28.6%
2025-08-05 20:03:14,113 - INFO - ⏳ Download progress: 28.8%
2025-08-05 20:03:14,114 - INFO - ⏳ Download progress: 29.1%
2025-08-05 20:03:14,137 - INFO - ⏳ Download progress: 29.3%
2025-08-05 20:03:14,137 - INFO - ⏳ Download progress: 29.6%
2025-08-05 20:03:14,180 - INFO - ⏳ Download progress: 29.8%
2025-08-05 20:03:14,182 - INFO - ⏳ Download progress: 30.1%
2025-08-05 20:03:14,205 - INFO - ⏳ Download progress: 30.4%
2025-08-05 20:03:14,205 - INFO - ⏳ Download progress: 30.6%
2025-08-05 20:03:14,251 - INFO - ⏳ Download progress: 30.9%
2025-08-05 20:03:14,251 - INFO - ⏳ Download progress: 31.1%
2025-08-05 20:03:14,273 - INFO - ⏳ Download progress: 31.4%
2025-08-05 20:03:14,273 - INFO - ⏳ Download progress: 31.6%
2025-08-05 20:03:14,323 - INFO - ⏳ Download progress: 31.9%
2025-08-05 20:03:14,323 - INFO - ⏳ Download progress: 32.1%
2025-08-05 20:03:14,349 - INFO - ⏳ Download progress: 32.4%
2025-08-05 20:03:14,350 - INFO - ⏳ Download progress: 32.7%
2025-08-05 20:03:14,388 - INFO - ⏳ Download progress: 32.9%
2025-08-05 20:03:14,389 - INFO - ⏳ Download progress: 33.2%
2025-08-05 20:03:14,424 - INFO - ⏳ Download progress: 33.4%
2025-08-05 20:03:14,424 - INFO - ⏳ Download progress: 33.7%
2025-08-05 20:03:14,447 - INFO - ⏳ Download progress: 33.9%
2025-08-05 20:03:14,448 - INFO - ⏳ Download progress: 34.2%
2025-08-05 20:03:14,491 - INFO - ⏳ Download progress: 34.4%
2025-08-05 20:03:14,491 - INFO - ⏳ Download progress: 34.7%
2025-08-05 20:03:14,523 - INFO - ⏳ Download progress: 34.9%
2025-08-05 20:03:14,523 - INFO - ⏳ Download progress: 35.2%
2025-08-05 20:03:14,547 - INFO - ⏳ Download progress: 35.5%
2025-08-05 20:03:14,547 - INFO - ⏳ Download progress: 35.7%
2025-08-05 20:03:14,590 - INFO - ⏳ Download progress: 36.0%
2025-08-05 20:03:14,590 - INFO - ⏳ Download progress: 36.2%
2025-08-05 20:03:14,618 - INFO - ⏳ Download progress: 36.5%
2025-08-05 20:03:14,618 - INFO - ⏳ Download progress: 36.7%
2025-08-05 20:03:14,657 - INFO - ⏳ Download progress: 37.0%
2025-08-05 20:03:14,658 - INFO - ⏳ Download progress: 37.2%
2025-08-05 20:03:14,684 - INFO - ⏳ Download progress: 37.5%
2025-08-05 20:03:14,684 - INFO - ⏳ Download progress: 37.8%
2025-08-05 20:03:14,730 - INFO - ⏳ Download progress: 38.0%
2025-08-05 20:03:14,731 - INFO - ⏳ Download progress: 38.3%
2025-08-05 20:03:14,736 - INFO - ⏳ Download progress: 38.5%
2025-08-05 20:03:14,782 - INFO - ⏳ Download progress: 38.8%
2025-08-05 20:03:14,783 - INFO - ⏳ Download progress: 39.0%
2025-08-05 20:03:14,806 - INFO - ⏳ Download progress: 39.3%
2025-08-05 20:03:14,807 - INFO - ⏳ Download progress: 39.5%
2025-08-05 20:03:14,840 - INFO - ⏳ Download progress: 39.8%
2025-08-05 20:03:14,841 - INFO - ⏳ Download progress: 40.0%
2025-08-05 20:03:14,863 - INFO - ⏳ Download progress: 40.3%
2025-08-05 20:03:14,864 - INFO - ⏳ Download progress: 40.6%
2025-08-05 20:03:14,897 - INFO - ⏳ Download progress: 40.8%
2025-08-05 20:03:14,899 - INFO - ⏳ Download progress: 41.1%
2025-08-05 20:03:14,932 - INFO - ⏳ Download progress: 41.3%
2025-08-05 20:03:14,933 - INFO - ⏳ Download progress: 41.6%
2025-08-05 20:03:14,972 - INFO - ⏳ Download progress: 41.8%
2025-08-05 20:03:14,972 - INFO - ⏳ Download progress: 42.1%
2025-08-05 20:03:14,999 - INFO - ⏳ Download progress: 42.3%
2025-08-05 20:03:15,000 - INFO - ⏳ Download progress: 42.6%
2025-08-05 20:03:15,045 - INFO - ⏳ Download progress: 42.9%
2025-08-05 20:03:15,047 - INFO - ⏳ Download progress: 43.1%
2025-08-05 20:03:15,066 - INFO - ⏳ Download progress: 43.4%
2025-08-05 20:03:15,067 - INFO - ⏳ Download progress: 43.6%
2025-08-05 20:03:15,113 - INFO - ⏳ Download progress: 43.9%
2025-08-05 20:03:15,115 - INFO - ⏳ Download progress: 44.1%
2025-08-05 20:03:15,148 - INFO - ⏳ Download progress: 44.4%
2025-08-05 20:03:15,149 - INFO - ⏳ Download progress: 44.6%
2025-08-05 20:03:15,193 - INFO - ⏳ Download progress: 44.9%
2025-08-05 20:03:15,196 - INFO - ⏳ Download progress: 45.1%
2025-08-05 20:03:15,216 - INFO - ⏳ Download progress: 45.4%
2025-08-05 20:03:15,216 - INFO - ⏳ Download progress: 45.7%
2025-08-05 20:03:15,246 - INFO - ⏳ Download progress: 45.9%
2025-08-05 20:03:15,247 - INFO - ⏳ Download progress: 46.2%
2025-08-05 20:03:15,293 - INFO - ⏳ Download progress: 46.4%
2025-08-05 20:03:15,295 - INFO - ⏳ Download progress: 46.7%
2025-08-05 20:03:15,325 - INFO - ⏳ Download progress: 46.9%
2025-08-05 20:03:15,325 - INFO - ⏳ Download progress: 47.2%
2025-08-05 20:03:15,369 - INFO - ⏳ Download progress: 47.4%
2025-08-05 20:03:15,369 - INFO - ⏳ Download progress: 47.7%
2025-08-05 20:03:15,391 - INFO - ⏳ Download progress: 48.0%
2025-08-05 20:03:15,392 - INFO - ⏳ Download progress: 48.2%
2025-08-05 20:03:15,421 - INFO - ⏳ Download progress: 48.5%
2025-08-05 20:03:15,422 - INFO - ⏳ Download progress: 48.7%
2025-08-05 20:03:15,477 - INFO - ⏳ Download progress: 49.0%
2025-08-05 20:03:15,480 - INFO - ⏳ Download progress: 49.2%
2025-08-05 20:03:15,500 - INFO - ⏳ Download progress: 49.5%
2025-08-05 20:03:15,500 - INFO - ⏳ Download progress: 49.7%
2025-08-05 20:03:15,535 - INFO - ⏳ Download progress: 50.0%
2025-08-05 20:03:15,536 - INFO - ⏳ Download progress: 50.3%
2025-08-05 20:03:15,564 - INFO - ⏳ Download progress: 50.5%
2025-08-05 20:03:15,564 - INFO - ⏳ Download progress: 50.8%
2025-08-05 20:03:15,586 - INFO - ⏳ Download progress: 51.0%
2025-08-05 20:03:15,587 - INFO - ⏳ Download progress: 51.3%
2025-08-05 20:03:15,636 - INFO - ⏳ Download progress: 51.5%
2025-08-05 20:03:15,636 - INFO - ⏳ Download progress: 51.8%
2025-08-05 20:03:15,660 - INFO - ⏳ Download progress: 52.0%
2025-08-05 20:03:15,661 - INFO - ⏳ Download progress: 52.3%
2025-08-05 20:03:15,704 - INFO - ⏳ Download progress: 52.5%
2025-08-05 20:03:15,704 - INFO - ⏳ Download progress: 52.8%
2025-08-05 20:03:15,729 - INFO - ⏳ Download progress: 53.1%
2025-08-05 20:03:15,731 - INFO - ⏳ Download progress: 53.3%
2025-08-05 20:03:15,762 - INFO - ⏳ Download progress: 53.6%
2025-08-05 20:03:15,764 - INFO - ⏳ Download progress: 53.8%
2025-08-05 20:03:15,808 - INFO - ⏳ Download progress: 54.1%
2025-08-05 20:03:15,808 - INFO - ⏳ Download progress: 54.3%
2025-08-05 20:03:15,834 - INFO - ⏳ Download progress: 54.6%
2025-08-05 20:03:15,836 - INFO - ⏳ Download progress: 54.8%
2025-08-05 20:03:15,876 - INFO - ⏳ Download progress: 55.1%
2025-08-05 20:03:15,876 - INFO - ⏳ Download progress: 55.4%
2025-08-05 20:03:15,904 - INFO - ⏳ Download progress: 55.6%
2025-08-05 20:03:15,904 - INFO - ⏳ Download progress: 55.9%
2025-08-05 20:03:15,932 - INFO - ⏳ Download progress: 56.1%
2025-08-05 20:03:15,933 - INFO - ⏳ Download progress: 56.4%
2025-08-05 20:03:15,972 - INFO - ⏳ Download progress: 56.6%
2025-08-05 20:03:15,973 - INFO - ⏳ Download progress: 56.9%
2025-08-05 20:03:15,995 - INFO - ⏳ Download progress: 57.1%
2025-08-05 20:03:15,997 - INFO - ⏳ Download progress: 57.4%
2025-08-05 20:03:16,019 - INFO - ⏳ Download progress: 57.6%
2025-08-05 20:03:16,019 - INFO - ⏳ Download progress: 57.9%
2025-08-05 20:03:16,069 - INFO - ⏳ Download progress: 58.2%
2025-08-05 20:03:16,069 - INFO - ⏳ Download progress: 58.4%
2025-08-05 20:03:16,109 - INFO - ⏳ Download progress: 58.7%
2025-08-05 20:03:16,112 - INFO - ⏳ Download progress: 58.9%
2025-08-05 20:03:16,137 - INFO - ⏳ Download progress: 59.2%
2025-08-05 20:03:16,138 - INFO - ⏳ Download progress: 59.4%
2025-08-05 20:03:16,204 - INFO - ⏳ Download progress: 59.7%
2025-08-05 20:03:16,205 - INFO - ⏳ Download progress: 59.9%
2025-08-05 20:03:16,230 - INFO - ⏳ Download progress: 60.2%
2025-08-05 20:03:16,231 - INFO - ⏳ Download progress: 60.5%
2025-08-05 20:03:16,288 - INFO - ⏳ Download progress: 60.7%
2025-08-05 20:03:16,289 - INFO - ⏳ Download progress: 61.0%
2025-08-05 20:03:16,313 - INFO - ⏳ Download progress: 61.2%
2025-08-05 20:03:16,314 - INFO - ⏳ Download progress: 61.5%
2025-08-05 20:03:16,335 - INFO - ⏳ Download progress: 61.7%
2025-08-05 20:03:16,335 - INFO - ⏳ Download progress: 62.0%
2025-08-05 20:03:16,381 - INFO - ⏳ Download progress: 62.2%
2025-08-05 20:03:16,382 - INFO - ⏳ Download progress: 62.5%
2025-08-05 20:03:16,407 - INFO - ⏳ Download progress: 62.8%
2025-08-05 20:03:16,408 - INFO - ⏳ Download progress: 63.0%
2025-08-05 20:03:16,458 - INFO - ⏳ Download progress: 63.3%
2025-08-05 20:03:16,458 - INFO - ⏳ Download progress: 63.5%
2025-08-05 20:03:16,481 - INFO - ⏳ Download progress: 63.8%
2025-08-05 20:03:16,482 - INFO - ⏳ Download progress: 64.0%
2025-08-05 20:03:16,508 - INFO - ⏳ Download progress: 64.3%
2025-08-05 20:03:16,509 - INFO - ⏳ Download progress: 64.5%
2025-08-05 20:03:16,552 - INFO - ⏳ Download progress: 64.8%
2025-08-05 20:03:16,553 - INFO - ⏳ Download progress: 65.0%
2025-08-05 20:03:16,581 - INFO - ⏳ Download progress: 65.3%
2025-08-05 20:03:16,583 - INFO - ⏳ Download progress: 65.6%
2025-08-05 20:03:16,602 - INFO - ⏳ Download progress: 65.8%
2025-08-05 20:03:16,603 - INFO - ⏳ Download progress: 66.1%
2025-08-05 20:03:16,649 - INFO - ⏳ Download progress: 66.3%
2025-08-05 20:03:16,649 - INFO - ⏳ Download progress: 66.6%
2025-08-05 20:03:16,670 - INFO - ⏳ Download progress: 66.8%
2025-08-05 20:03:16,671 - INFO - ⏳ Download progress: 67.1%
2025-08-05 20:03:16,721 - INFO - ⏳ Download progress: 67.3%
2025-08-05 20:03:16,722 - INFO - ⏳ Download progress: 67.6%
2025-08-05 20:03:16,752 - INFO - ⏳ Download progress: 67.9%
2025-08-05 20:03:16,752 - INFO - ⏳ Download progress: 68.1%
2025-08-05 20:03:16,792 - INFO - ⏳ Download progress: 68.4%
2025-08-05 20:03:16,793 - INFO - ⏳ Download progress: 68.6%
2025-08-05 20:03:16,820 - INFO - ⏳ Download progress: 68.9%
2025-08-05 20:03:16,820 - INFO - ⏳ Download progress: 69.1%
2025-08-05 20:03:16,877 - INFO - ⏳ Download progress: 69.4%
2025-08-05 20:03:16,880 - INFO - ⏳ Download progress: 69.6%
2025-08-05 20:03:16,902 - INFO - ⏳ Download progress: 69.9%
2025-08-05 20:03:16,902 - INFO - ⏳ Download progress: 70.1%
2025-08-05 20:03:16,940 - INFO - ⏳ Download progress: 70.4%
2025-08-05 20:03:16,941 - INFO - ⏳ Download progress: 70.7%
2025-08-05 20:03:16,967 - INFO - ⏳ Download progress: 70.9%
2025-08-05 20:03:16,967 - INFO - ⏳ Download progress: 71.2%
2025-08-05 20:03:17,025 - INFO - ⏳ Download progress: 71.4%
2025-08-05 20:03:17,026 - INFO - ⏳ Download progress: 71.7%
2025-08-05 20:03:17,048 - INFO - ⏳ Download progress: 71.9%
2025-08-05 20:03:17,048 - INFO - ⏳ Download progress: 72.2%
2025-08-05 20:03:17,090 - INFO - ⏳ Download progress: 72.4%
2025-08-05 20:03:17,090 - INFO - ⏳ Download progress: 72.7%
2025-08-05 20:03:17,136 - INFO - ⏳ Download progress: 73.0%
2025-08-05 20:03:17,136 - INFO - ⏳ Download progress: 73.2%
2025-08-05 20:03:17,162 - INFO - ⏳ Download progress: 73.5%
2025-08-05 20:03:17,164 - INFO - ⏳ Download progress: 73.7%
2025-08-05 20:03:17,216 - INFO - ⏳ Download progress: 74.0%
2025-08-05 20:03:17,217 - INFO - ⏳ Download progress: 74.2%
2025-08-05 20:03:17,252 - INFO - ⏳ Download progress: 74.5%
2025-08-05 20:03:17,252 - INFO - ⏳ Download progress: 74.7%
2025-08-05 20:03:17,299 - INFO - ⏳ Download progress: 75.0%
2025-08-05 20:03:17,300 - INFO - ⏳ Download progress: 75.2%
2025-08-05 20:03:17,326 - INFO - ⏳ Download progress: 75.5%
2025-08-05 20:03:17,327 - INFO - ⏳ Download progress: 75.8%
2025-08-05 20:03:17,377 - INFO - ⏳ Download progress: 76.0%
2025-08-05 20:03:17,380 - INFO - ⏳ Download progress: 76.3%
2025-08-05 20:03:17,400 - INFO - ⏳ Download progress: 76.5%
2025-08-05 20:03:17,400 - INFO - ⏳ Download progress: 76.8%
2025-08-05 20:03:17,421 - INFO - ⏳ Download progress: 77.0%
2025-08-05 20:03:17,422 - INFO - ⏳ Download progress: 77.3%
2025-08-05 20:03:17,469 - INFO - ⏳ Download progress: 77.5%
2025-08-05 20:03:17,469 - INFO - ⏳ Download progress: 77.8%
2025-08-05 20:03:17,491 - INFO - ⏳ Download progress: 78.1%
2025-08-05 20:03:17,491 - INFO - ⏳ Download progress: 78.3%
2025-08-05 20:03:17,535 - INFO - ⏳ Download progress: 78.6%
2025-08-05 20:03:17,535 - INFO - ⏳ Download progress: 78.8%
2025-08-05 20:03:17,556 - INFO - ⏳ Download progress: 79.1%
2025-08-05 20:03:17,557 - INFO - ⏳ Download progress: 79.3%
2025-08-05 20:03:17,589 - INFO - ⏳ Download progress: 79.6%
2025-08-05 20:03:17,590 - INFO - ⏳ Download progress: 79.8%
2025-08-05 20:03:17,642 - INFO - ⏳ Download progress: 80.1%
2025-08-05 20:03:17,643 - INFO - ⏳ Download progress: 80.4%
2025-08-05 20:03:17,687 - INFO - ⏳ Download progress: 80.6%
2025-08-05 20:03:17,688 - INFO - ⏳ Download progress: 80.9%
2025-08-05 20:03:17,710 - INFO - ⏳ Download progress: 81.1%
2025-08-05 20:03:17,712 - INFO - ⏳ Download progress: 81.4%
2025-08-05 20:03:17,733 - INFO - ⏳ Download progress: 81.6%
2025-08-05 20:03:17,734 - INFO - ⏳ Download progress: 81.9%
2025-08-05 20:03:17,778 - INFO - ⏳ Download progress: 82.1%
2025-08-05 20:03:17,780 - INFO - ⏳ Download progress: 82.4%
2025-08-05 20:03:17,817 - INFO - ⏳ Download progress: 82.6%
2025-08-05 20:03:17,818 - INFO - ⏳ Download progress: 82.9%
2025-08-05 20:03:17,856 - INFO - ⏳ Download progress: 83.2%
2025-08-05 20:03:17,857 - INFO - ⏳ Download progress: 83.4%
2025-08-05 20:03:17,892 - INFO - ⏳ Download progress: 83.7%
2025-08-05 20:03:17,894 - INFO - ⏳ Download progress: 83.9%
2025-08-05 20:03:17,920 - INFO - ⏳ Download progress: 84.2%
2025-08-05 20:03:17,921 - INFO - ⏳ Download progress: 84.4%
2025-08-05 20:03:17,970 - INFO - ⏳ Download progress: 84.7%
2025-08-05 20:03:17,971 - INFO - ⏳ Download progress: 84.9%
2025-08-05 20:03:18,003 - INFO - ⏳ Download progress: 85.2%
2025-08-05 20:03:18,004 - INFO - ⏳ Download progress: 85.5%
2025-08-05 20:03:18,041 - INFO - ⏳ Download progress: 85.7%
2025-08-05 20:03:18,042 - INFO - ⏳ Download progress: 86.0%
2025-08-05 20:03:18,064 - INFO - ⏳ Download progress: 86.2%
2025-08-05 20:03:18,066 - INFO - ⏳ Download progress: 86.5%
2025-08-05 20:03:18,101 - INFO - ⏳ Download progress: 86.7%
2025-08-05 20:03:18,102 - INFO - ⏳ Download progress: 87.0%
2025-08-05 20:03:18,152 - INFO - ⏳ Download progress: 87.2%
2025-08-05 20:03:18,153 - INFO - ⏳ Download progress: 87.5%
2025-08-05 20:03:18,185 - INFO - ⏳ Download progress: 87.7%
2025-08-05 20:03:18,186 - INFO - ⏳ Download progress: 88.0%
2025-08-05 20:03:18,223 - INFO - ⏳ Download progress: 88.3%
2025-08-05 20:03:18,223 - INFO - ⏳ Download progress: 88.5%
2025-08-05 20:03:18,242 - INFO - ⏳ Download progress: 88.8%
2025-08-05 20:03:18,242 - INFO - ⏳ Download progress: 89.0%
2025-08-05 20:03:18,276 - INFO - ⏳ Download progress: 89.3%
2025-08-05 20:03:18,277 - INFO - ⏳ Download progress: 89.5%
2025-08-05 20:03:18,317 - INFO - ⏳ Download progress: 89.8%
2025-08-05 20:03:18,318 - INFO - ⏳ Download progress: 90.0%
2025-08-05 20:03:18,344 - INFO - ⏳ Download progress: 90.3%
2025-08-05 20:03:18,348 - INFO - ⏳ Download progress: 90.6%
2025-08-05 20:03:18,370 - INFO - ⏳ Download progress: 90.8%
2025-08-05 20:03:18,371 - INFO - ⏳ Download progress: 91.1%
2025-08-05 20:03:18,407 - INFO - ⏳ Download progress: 91.3%
2025-08-05 20:03:18,408 - INFO - ⏳ Download progress: 91.6%
2025-08-05 20:03:18,434 - INFO - ⏳ Download progress: 91.8%
2025-08-05 20:03:18,435 - INFO - ⏳ Download progress: 92.1%
2025-08-05 20:03:18,472 - INFO - ⏳ Download progress: 92.3%
2025-08-05 20:03:18,473 - INFO - ⏳ Download progress: 92.6%
2025-08-05 20:03:18,503 - INFO - ⏳ Download progress: 92.8%
2025-08-05 20:03:18,504 - INFO - ⏳ Download progress: 93.1%
2025-08-05 20:03:18,531 - INFO - ⏳ Download progress: 93.4%
2025-08-05 20:03:18,538 - INFO - ⏳ Download progress: 93.6%
2025-08-05 20:03:18,569 - INFO - ⏳ Download progress: 93.9%
2025-08-05 20:03:18,570 - INFO - ⏳ Download progress: 94.1%
2025-08-05 20:03:18,619 - INFO - ⏳ Download progress: 94.4%
2025-08-05 20:03:18,633 - INFO - ⏳ Download progress: 94.6%
2025-08-05 20:03:18,647 - INFO - ⏳ Download progress: 94.9%
2025-08-05 20:03:18,649 - INFO - ⏳ Download progress: 95.1%
2025-08-05 20:03:18,667 - INFO - ⏳ Download progress: 95.4%
2025-08-05 20:03:18,668 - INFO - ⏳ Download progress: 95.7%
2025-08-05 20:03:18,699 - INFO - ⏳ Download progress: 95.9%
2025-08-05 20:03:18,701 - INFO - ⏳ Download progress: 96.2%
2025-08-05 20:03:18,734 - INFO - ⏳ Download progress: 96.4%
2025-08-05 20:03:18,735 - INFO - ⏳ Download progress: 96.7%
2025-08-05 20:03:18,789 - INFO - ⏳ Download progress: 96.9%
2025-08-05 20:03:18,789 - INFO - ⏳ Download progress: 97.2%
2025-08-05 20:03:18,820 - INFO - ⏳ Download progress: 97.4%
2025-08-05 20:03:18,821 - INFO - ⏳ Download progress: 97.7%
2025-08-05 20:03:18,860 - INFO - ⏳ Download progress: 98.0%
2025-08-05 20:03:18,862 - INFO - ⏳ Download progress: 98.2%
2025-08-05 20:03:18,923 - INFO - ⏳ Download progress: 98.5%
2025-08-05 20:03:18,924 - INFO - ⏳ Download progress: 98.7%
2025-08-05 20:03:18,925 - INFO - ⏳ Download progress: 99.0%
2025-08-05 20:03:18,925 - INFO - ⏳ Download progress: 99.2%
2025-08-05 20:03:18,964 - INFO - ⏳ Download progress: 99.5%
2025-08-05 20:03:18,967 - INFO - ⏳ Download progress: 99.7%
2025-08-05 20:03:18,968 - INFO - ⏳ Download progress: 100.0%
2025-08-05 20:03:18,968 - INFO - ⏳ Download progress: 100.0%
2025-08-05 20:03:18,969 - INFO - ✅ Video downloaded successfully!
2025-08-05 20:03:18,982 - INFO - 🎉 Success! Video ID: 68924713687b930194503c82
2025-08-05 20:03:18,984 - INFO - ⏳ Waiting for video to render and download...
