2025-08-05 19:59:40,759 - INFO - 🚀 Starting Elai slide conversion test...
2025-08-05 19:59:40,760 - INFO - 📝 Converting slide to Elai format...
2025-08-05 19:59:40,761 - INFO - 💾 Saved Elai slide structure to elai_slide_structure.json
2025-08-05 19:59:40,762 - INFO - 📤 Creating video...
2025-08-05 19:59:41,229 - INFO - ✅ Video created with ID: 6892468cc20d1928444b942e
2025-08-05 19:59:41,231 - INFO - 🎬 Starting video render...
2025-08-05 19:59:41,474 - INFO - ✅ Render started successfully
2025-08-05 19:59:41,902 - INFO - 📊 Video status: validating
2025-08-05 19:59:41,902 - INFO - ⏳ Still processing... Status: validating
2025-08-05 19:59:52,368 - INFO - 📊 Video status: rendering
2025-08-05 19:59:52,460 - INFO - ⏳ Still processing... Status: rendering
2025-08-05 20:00:03,050 - INFO - 📊 Video status: rendering
2025-08-05 20:00:03,051 - INFO - ⏳ Still processing... Status: rendering
2025-08-05 20:00:13,829 - INFO - 📊 Video status: rendering
2025-08-05 20:00:13,831 - INFO - ⏳ Still processing... Status: rendering
2025-08-05 20:00:24,339 - INFO - 📊 Video status: rendering
2025-08-05 20:00:24,340 - INFO - ⏳ Still processing... Status: rendering
2025-08-05 20:00:34,866 - INFO - 📊 Video status: rendering
2025-08-05 20:00:34,867 - INFO - ⏳ Still processing... Status: rendering
2025-08-05 20:00:45,363 - INFO - 📊 Video status: ready
2025-08-05 20:00:45,363 - INFO - ✅ Video rendering completed with status: ready!
2025-08-05 20:00:45,365 - INFO - 📥 Downloading video to: elai_video_20250805_200045.mp4
2025-08-05 20:00:46,394 - INFO - ⏳ Download progress: 0.3%
2025-08-05 20:00:46,395 - INFO - ⏳ Download progress: 0.5%
2025-08-05 20:00:46,459 - INFO - ⏳ Download progress: 0.8%
2025-08-05 20:00:46,461 - INFO - ⏳ Download progress: 1.0%
2025-08-05 20:00:46,512 - INFO - ⏳ Download progress: 1.3%
2025-08-05 20:00:46,512 - INFO - ⏳ Download progress: 1.5%
2025-08-05 20:00:46,536 - INFO - ⏳ Download progress: 1.8%
2025-08-05 20:00:46,536 - INFO - ⏳ Download progress: 2.0%
2025-08-05 20:00:46,584 - INFO - ⏳ Download progress: 2.3%
2025-08-05 20:00:46,585 - INFO - ⏳ Download progress: 2.6%
2025-08-05 20:00:46,630 - INFO - ⏳ Download progress: 2.8%
2025-08-05 20:00:46,631 - INFO - ⏳ Download progress: 3.1%
2025-08-05 20:00:46,661 - INFO - ⏳ Download progress: 3.3%
2025-08-05 20:00:46,662 - INFO - ⏳ Download progress: 3.6%
2025-08-05 20:00:46,678 - INFO - ⏳ Download progress: 3.8%
2025-08-05 20:00:46,678 - INFO - ⏳ Download progress: 4.1%
2025-08-05 20:00:46,710 - INFO - ⏳ Download progress: 4.3%
2025-08-05 20:00:46,711 - INFO - ⏳ Download progress: 4.6%
2025-08-05 20:00:46,728 - INFO - ⏳ Download progress: 4.8%
2025-08-05 20:00:46,754 - INFO - ⏳ Download progress: 5.1%
2025-08-05 20:00:46,757 - INFO - ⏳ Download progress: 5.4%
2025-08-05 20:00:46,770 - INFO - ⏳ Download progress: 5.6%
2025-08-05 20:00:46,824 - INFO - ⏳ Download progress: 5.9%
2025-08-05 20:00:46,825 - INFO - ⏳ Download progress: 6.1%
2025-08-05 20:00:46,879 - INFO - ⏳ Download progress: 6.4%
2025-08-05 20:00:46,879 - INFO - ⏳ Download progress: 6.6%
2025-08-05 20:00:46,900 - INFO - ⏳ Download progress: 6.9%
2025-08-05 20:00:46,901 - INFO - ⏳ Download progress: 7.1%
2025-08-05 20:00:46,941 - INFO - ⏳ Download progress: 7.4%
2025-08-05 20:00:46,942 - INFO - ⏳ Download progress: 7.7%
2025-08-05 20:00:46,989 - INFO - ⏳ Download progress: 7.9%
2025-08-05 20:00:46,992 - INFO - ⏳ Download progress: 8.2%
2025-08-05 20:00:47,016 - INFO - ⏳ Download progress: 8.4%
2025-08-05 20:00:47,016 - INFO - ⏳ Download progress: 8.7%
2025-08-05 20:00:47,017 - INFO - ⏳ Download progress: 8.9%
2025-08-05 20:00:47,054 - INFO - ⏳ Download progress: 9.2%
2025-08-05 20:00:47,056 - INFO - ⏳ Download progress: 9.4%
2025-08-05 20:00:47,094 - INFO - ⏳ Download progress: 9.7%
2025-08-05 20:00:47,095 - INFO - ⏳ Download progress: 9.9%
2025-08-05 20:00:47,128 - INFO - ⏳ Download progress: 10.2%
2025-08-05 20:00:47,129 - INFO - ⏳ Download progress: 10.5%
2025-08-05 20:00:47,182 - INFO - ⏳ Download progress: 10.7%
2025-08-05 20:00:47,182 - INFO - ⏳ Download progress: 11.0%
2025-08-05 20:00:47,208 - INFO - ⏳ Download progress: 11.2%
2025-08-05 20:00:47,233 - INFO - ⏳ Download progress: 11.5%
2025-08-05 20:00:47,233 - INFO - ⏳ Download progress: 11.7%
2025-08-05 20:00:47,263 - INFO - ⏳ Download progress: 12.0%
2025-08-05 20:00:47,264 - INFO - ⏳ Download progress: 12.2%
2025-08-05 20:00:47,311 - INFO - ⏳ Download progress: 12.5%
2025-08-05 20:00:47,312 - INFO - ⏳ Download progress: 12.8%
2025-08-05 20:00:47,332 - INFO - ⏳ Download progress: 13.0%
2025-08-05 20:00:47,333 - INFO - ⏳ Download progress: 13.3%
2025-08-05 20:00:47,371 - INFO - ⏳ Download progress: 13.5%
2025-08-05 20:00:47,373 - INFO - ⏳ Download progress: 13.8%
2025-08-05 20:00:47,405 - INFO - ⏳ Download progress: 14.0%
2025-08-05 20:00:47,408 - INFO - ⏳ Download progress: 14.3%
2025-08-05 20:00:47,431 - INFO - ⏳ Download progress: 14.5%
2025-08-05 20:00:47,432 - INFO - ⏳ Download progress: 14.8%
2025-08-05 20:00:47,475 - INFO - ⏳ Download progress: 15.0%
2025-08-05 20:00:47,476 - INFO - ⏳ Download progress: 15.3%
2025-08-05 20:00:47,523 - INFO - ⏳ Download progress: 15.6%
2025-08-05 20:00:47,525 - INFO - ⏳ Download progress: 15.8%
2025-08-05 20:00:47,547 - INFO - ⏳ Download progress: 16.1%
2025-08-05 20:00:47,547 - INFO - ⏳ Download progress: 16.3%
2025-08-05 20:00:47,587 - INFO - ⏳ Download progress: 16.6%
2025-08-05 20:00:47,587 - INFO - ⏳ Download progress: 16.8%
2025-08-05 20:00:47,628 - INFO - ⏳ Download progress: 17.1%
2025-08-05 20:00:47,629 - INFO - ⏳ Download progress: 17.3%
2025-08-05 20:00:47,665 - INFO - ⏳ Download progress: 17.6%
2025-08-05 20:00:47,666 - INFO - ⏳ Download progress: 17.9%
2025-08-05 20:00:47,715 - INFO - ⏳ Download progress: 18.1%
2025-08-05 20:00:47,716 - INFO - ⏳ Download progress: 18.4%
2025-08-05 20:00:47,746 - INFO - ⏳ Download progress: 18.6%
2025-08-05 20:00:47,747 - INFO - ⏳ Download progress: 18.9%
2025-08-05 20:00:47,776 - INFO - ⏳ Download progress: 19.1%
2025-08-05 20:00:47,777 - INFO - ⏳ Download progress: 19.4%
2025-08-05 20:00:47,820 - INFO - ⏳ Download progress: 19.6%
2025-08-05 20:00:47,821 - INFO - ⏳ Download progress: 19.9%
2025-08-05 20:00:47,855 - INFO - ⏳ Download progress: 20.2%
2025-08-05 20:00:47,856 - INFO - ⏳ Download progress: 20.4%
2025-08-05 20:00:47,883 - INFO - ⏳ Download progress: 20.7%
2025-08-05 20:00:47,884 - INFO - ⏳ Download progress: 20.9%
2025-08-05 20:00:47,910 - INFO - ⏳ Download progress: 21.2%
2025-08-05 20:00:47,911 - INFO - ⏳ Download progress: 21.4%
2025-08-05 20:00:47,953 - INFO - ⏳ Download progress: 21.7%
2025-08-05 20:00:47,954 - INFO - ⏳ Download progress: 21.9%
2025-08-05 20:00:47,981 - INFO - ⏳ Download progress: 22.2%
2025-08-05 20:00:47,982 - INFO - ⏳ Download progress: 22.4%
2025-08-05 20:00:47,998 - INFO - ⏳ Download progress: 22.7%
2025-08-05 20:00:48,000 - INFO - ⏳ Download progress: 23.0%
2025-08-05 20:00:48,042 - INFO - ⏳ Download progress: 23.2%
2025-08-05 20:00:48,073 - INFO - ⏳ Download progress: 23.5%
2025-08-05 20:00:48,074 - INFO - ⏳ Download progress: 23.7%
2025-08-05 20:00:48,095 - INFO - ⏳ Download progress: 24.0%
2025-08-05 20:00:48,096 - INFO - ⏳ Download progress: 24.2%
2025-08-05 20:00:48,141 - INFO - ⏳ Download progress: 24.5%
2025-08-05 20:00:48,142 - INFO - ⏳ Download progress: 24.7%
2025-08-05 20:00:48,169 - INFO - ⏳ Download progress: 25.0%
2025-08-05 20:00:48,169 - INFO - ⏳ Download progress: 25.3%
2025-08-05 20:00:48,203 - INFO - ⏳ Download progress: 25.5%
2025-08-05 20:00:48,203 - INFO - ⏳ Download progress: 25.8%
2025-08-05 20:00:48,243 - INFO - ⏳ Download progress: 26.0%
2025-08-05 20:00:48,244 - INFO - ⏳ Download progress: 26.3%
2025-08-05 20:00:48,303 - INFO - ⏳ Download progress: 26.5%
2025-08-05 20:00:48,304 - INFO - ⏳ Download progress: 26.8%
2025-08-05 20:00:48,336 - INFO - ⏳ Download progress: 27.0%
2025-08-05 20:00:48,337 - INFO - ⏳ Download progress: 27.3%
2025-08-05 20:00:48,386 - INFO - ⏳ Download progress: 27.5%
2025-08-05 20:00:48,387 - INFO - ⏳ Download progress: 27.8%
2025-08-05 20:00:48,413 - INFO - ⏳ Download progress: 28.1%
2025-08-05 20:00:48,414 - INFO - ⏳ Download progress: 28.3%
2025-08-05 20:00:48,460 - INFO - ⏳ Download progress: 28.6%
2025-08-05 20:00:48,461 - INFO - ⏳ Download progress: 28.8%
2025-08-05 20:00:48,488 - INFO - ⏳ Download progress: 29.1%
2025-08-05 20:00:48,490 - INFO - ⏳ Download progress: 29.3%
2025-08-05 20:00:48,536 - INFO - ⏳ Download progress: 29.6%
2025-08-05 20:00:48,537 - INFO - ⏳ Download progress: 29.8%
2025-08-05 20:00:48,572 - INFO - ⏳ Download progress: 30.1%
2025-08-05 20:00:48,573 - INFO - ⏳ Download progress: 30.4%
2025-08-05 20:00:48,602 - INFO - ⏳ Download progress: 30.6%
2025-08-05 20:00:48,602 - INFO - ⏳ Download progress: 30.9%
2025-08-05 20:00:48,644 - INFO - ⏳ Download progress: 31.1%
2025-08-05 20:00:48,644 - INFO - ⏳ Download progress: 31.4%
2025-08-05 20:00:48,670 - INFO - ⏳ Download progress: 31.6%
2025-08-05 20:00:48,671 - INFO - ⏳ Download progress: 31.9%
2025-08-05 20:00:48,706 - INFO - ⏳ Download progress: 32.1%
2025-08-05 20:00:48,707 - INFO - ⏳ Download progress: 32.4%
2025-08-05 20:00:48,750 - INFO - ⏳ Download progress: 32.7%
2025-08-05 20:00:48,750 - INFO - ⏳ Download progress: 32.9%
2025-08-05 20:00:48,773 - INFO - ⏳ Download progress: 33.2%
2025-08-05 20:00:48,775 - INFO - ⏳ Download progress: 33.4%
2025-08-05 20:00:48,840 - INFO - ⏳ Download progress: 33.7%
2025-08-05 20:00:48,842 - INFO - ⏳ Download progress: 33.9%
2025-08-05 20:00:48,861 - INFO - ⏳ Download progress: 34.2%
2025-08-05 20:00:48,862 - INFO - ⏳ Download progress: 34.4%
2025-08-05 20:00:48,896 - INFO - ⏳ Download progress: 34.7%
2025-08-05 20:00:48,897 - INFO - ⏳ Download progress: 34.9%
2025-08-05 20:00:48,931 - INFO - ⏳ Download progress: 35.2%
2025-08-05 20:00:48,932 - INFO - ⏳ Download progress: 35.5%
2025-08-05 20:00:48,971 - INFO - ⏳ Download progress: 35.7%
2025-08-05 20:00:48,973 - INFO - ⏳ Download progress: 36.0%
2025-08-05 20:00:49,009 - INFO - ⏳ Download progress: 36.2%
2025-08-05 20:00:49,010 - INFO - ⏳ Download progress: 36.5%
2025-08-05 20:00:49,049 - INFO - ⏳ Download progress: 36.7%
2025-08-05 20:00:49,050 - INFO - ⏳ Download progress: 37.0%
2025-08-05 20:00:49,077 - INFO - ⏳ Download progress: 37.2%
2025-08-05 20:00:49,078 - INFO - ⏳ Download progress: 37.5%
2025-08-05 20:00:49,102 - INFO - ⏳ Download progress: 37.8%
2025-08-05 20:00:49,103 - INFO - ⏳ Download progress: 38.0%
2025-08-05 20:00:49,144 - INFO - ⏳ Download progress: 38.3%
2025-08-05 20:00:49,144 - INFO - ⏳ Download progress: 38.5%
2025-08-05 20:00:49,166 - INFO - ⏳ Download progress: 38.8%
2025-08-05 20:00:49,166 - INFO - ⏳ Download progress: 39.0%
2025-08-05 20:00:49,218 - INFO - ⏳ Download progress: 39.3%
2025-08-05 20:00:49,218 - INFO - ⏳ Download progress: 39.5%
2025-08-05 20:00:49,277 - INFO - ⏳ Download progress: 39.8%
2025-08-05 20:00:49,278 - INFO - ⏳ Download progress: 40.0%
2025-08-05 20:00:49,307 - INFO - ⏳ Download progress: 40.3%
2025-08-05 20:00:49,308 - INFO - ⏳ Download progress: 40.6%
2025-08-05 20:00:49,328 - INFO - ⏳ Download progress: 40.8%
2025-08-05 20:00:49,329 - INFO - ⏳ Download progress: 41.1%
2025-08-05 20:00:49,372 - INFO - ⏳ Download progress: 41.3%
2025-08-05 20:00:49,374 - INFO - ⏳ Download progress: 41.6%
2025-08-05 20:00:49,403 - INFO - ⏳ Download progress: 41.8%
2025-08-05 20:00:49,403 - INFO - ⏳ Download progress: 42.1%
2025-08-05 20:00:49,443 - INFO - ⏳ Download progress: 42.3%
2025-08-05 20:00:49,444 - INFO - ⏳ Download progress: 42.6%
2025-08-05 20:00:49,465 - INFO - ⏳ Download progress: 42.9%
2025-08-05 20:00:49,466 - INFO - ⏳ Download progress: 43.1%
2025-08-05 20:00:49,503 - INFO - ⏳ Download progress: 43.4%
2025-08-05 20:00:49,503 - INFO - ⏳ Download progress: 43.6%
2025-08-05 20:00:49,554 - INFO - ⏳ Download progress: 43.9%
2025-08-05 20:00:49,554 - INFO - ⏳ Download progress: 44.1%
2025-08-05 20:00:49,591 - INFO - ⏳ Download progress: 44.4%
2025-08-05 20:00:49,592 - INFO - ⏳ Download progress: 44.6%
2025-08-05 20:00:49,626 - INFO - ⏳ Download progress: 44.9%
2025-08-05 20:00:49,627 - INFO - ⏳ Download progress: 45.1%
2025-08-05 20:00:49,670 - INFO - ⏳ Download progress: 45.4%
2025-08-05 20:00:49,736 - INFO - ⏳ Download progress: 45.7%
2025-08-05 20:00:49,737 - INFO - ⏳ Download progress: 45.9%
2025-08-05 20:00:49,737 - INFO - ⏳ Download progress: 46.2%
2025-08-05 20:00:49,739 - INFO - ⏳ Download progress: 46.4%
2025-08-05 20:00:49,741 - INFO - ⏳ Download progress: 46.7%
2025-08-05 20:00:49,770 - INFO - ⏳ Download progress: 46.9%
2025-08-05 20:00:49,770 - INFO - ⏳ Download progress: 47.2%
2025-08-05 20:00:49,796 - INFO - ⏳ Download progress: 47.4%
2025-08-05 20:00:49,796 - INFO - ⏳ Download progress: 47.7%
2025-08-05 20:00:49,850 - INFO - ⏳ Download progress: 48.0%
2025-08-05 20:00:49,851 - INFO - ⏳ Download progress: 48.2%
2025-08-05 20:00:49,881 - INFO - ⏳ Download progress: 48.5%
2025-08-05 20:00:49,882 - INFO - ⏳ Download progress: 48.7%
2025-08-05 20:00:49,943 - INFO - ⏳ Download progress: 49.0%
2025-08-05 20:00:49,944 - INFO - ⏳ Download progress: 49.2%
2025-08-05 20:00:49,968 - INFO - ⏳ Download progress: 49.5%
2025-08-05 20:00:49,968 - INFO - ⏳ Download progress: 49.7%
2025-08-05 20:00:50,013 - INFO - ⏳ Download progress: 50.0%
2025-08-05 20:00:50,013 - INFO - ⏳ Download progress: 50.3%
2025-08-05 20:00:50,035 - INFO - ⏳ Download progress: 50.5%
2025-08-05 20:00:50,035 - INFO - ⏳ Download progress: 50.8%
2025-08-05 20:00:50,078 - INFO - ⏳ Download progress: 51.0%
2025-08-05 20:00:50,079 - INFO - ⏳ Download progress: 51.3%
2025-08-05 20:00:50,108 - INFO - ⏳ Download progress: 51.5%
2025-08-05 20:00:50,109 - INFO - ⏳ Download progress: 51.8%
2025-08-05 20:00:50,137 - INFO - ⏳ Download progress: 52.0%
2025-08-05 20:00:50,138 - INFO - ⏳ Download progress: 52.3%
2025-08-05 20:00:50,176 - INFO - ⏳ Download progress: 52.5%
2025-08-05 20:00:50,177 - INFO - ⏳ Download progress: 52.8%
2025-08-05 20:00:50,204 - INFO - ⏳ Download progress: 53.1%
2025-08-05 20:00:50,204 - INFO - ⏳ Download progress: 53.3%
2025-08-05 20:00:50,239 - INFO - ⏳ Download progress: 53.6%
2025-08-05 20:00:50,241 - INFO - ⏳ Download progress: 53.8%
2025-08-05 20:00:50,266 - INFO - ⏳ Download progress: 54.1%
2025-08-05 20:00:50,267 - INFO - ⏳ Download progress: 54.3%
2025-08-05 20:00:50,306 - INFO - ⏳ Download progress: 54.6%
2025-08-05 20:00:50,307 - INFO - ⏳ Download progress: 54.8%
2025-08-05 20:00:50,336 - INFO - ⏳ Download progress: 55.1%
2025-08-05 20:00:50,336 - INFO - ⏳ Download progress: 55.4%
2025-08-05 20:00:50,358 - INFO - ⏳ Download progress: 55.6%
2025-08-05 20:00:50,359 - INFO - ⏳ Download progress: 55.9%
2025-08-05 20:00:50,401 - INFO - ⏳ Download progress: 56.1%
2025-08-05 20:00:50,401 - INFO - ⏳ Download progress: 56.4%
2025-08-05 20:00:50,428 - INFO - ⏳ Download progress: 56.6%
2025-08-05 20:00:50,428 - INFO - ⏳ Download progress: 56.9%
2025-08-05 20:00:50,476 - INFO - ⏳ Download progress: 57.1%
2025-08-05 20:00:50,476 - INFO - ⏳ Download progress: 57.4%
2025-08-05 20:00:50,499 - INFO - ⏳ Download progress: 57.6%
2025-08-05 20:00:50,499 - INFO - ⏳ Download progress: 57.9%
2025-08-05 20:00:50,530 - INFO - ⏳ Download progress: 58.2%
2025-08-05 20:00:50,530 - INFO - ⏳ Download progress: 58.4%
2025-08-05 20:00:50,575 - INFO - ⏳ Download progress: 58.7%
2025-08-05 20:00:50,576 - INFO - ⏳ Download progress: 58.9%
2025-08-05 20:00:50,596 - INFO - ⏳ Download progress: 59.2%
2025-08-05 20:00:50,597 - INFO - ⏳ Download progress: 59.4%
2025-08-05 20:00:50,628 - INFO - ⏳ Download progress: 59.7%
2025-08-05 20:00:50,628 - INFO - ⏳ Download progress: 59.9%
2025-08-05 20:00:50,682 - INFO - ⏳ Download progress: 60.2%
2025-08-05 20:00:50,682 - INFO - ⏳ Download progress: 60.5%
2025-08-05 20:00:50,704 - INFO - ⏳ Download progress: 60.7%
2025-08-05 20:00:50,704 - INFO - ⏳ Download progress: 61.0%
2025-08-05 20:00:50,752 - INFO - ⏳ Download progress: 61.2%
2025-08-05 20:00:50,753 - INFO - ⏳ Download progress: 61.5%
2025-08-05 20:00:50,778 - INFO - ⏳ Download progress: 61.7%
2025-08-05 20:00:50,778 - INFO - ⏳ Download progress: 62.0%
2025-08-05 20:00:50,802 - INFO - ⏳ Download progress: 62.2%
2025-08-05 20:00:50,803 - INFO - ⏳ Download progress: 62.5%
2025-08-05 20:00:50,843 - INFO - ⏳ Download progress: 62.8%
2025-08-05 20:00:50,844 - INFO - ⏳ Download progress: 63.0%
2025-08-05 20:00:50,870 - INFO - ⏳ Download progress: 63.3%
2025-08-05 20:00:50,871 - INFO - ⏳ Download progress: 63.5%
2025-08-05 20:00:50,923 - INFO - ⏳ Download progress: 63.8%
2025-08-05 20:00:50,924 - INFO - ⏳ Download progress: 64.0%
2025-08-05 20:00:50,945 - INFO - ⏳ Download progress: 64.3%
2025-08-05 20:00:50,946 - INFO - ⏳ Download progress: 64.5%
2025-08-05 20:00:50,972 - INFO - ⏳ Download progress: 64.8%
2025-08-05 20:00:50,973 - INFO - ⏳ Download progress: 65.0%
2025-08-05 20:00:51,016 - INFO - ⏳ Download progress: 65.3%
2025-08-05 20:00:51,017 - INFO - ⏳ Download progress: 65.6%
2025-08-05 20:00:51,051 - INFO - ⏳ Download progress: 65.8%
2025-08-05 20:00:51,052 - INFO - ⏳ Download progress: 66.1%
2025-08-05 20:00:51,083 - INFO - ⏳ Download progress: 66.3%
2025-08-05 20:00:51,084 - INFO - ⏳ Download progress: 66.6%
2025-08-05 20:00:51,116 - INFO - ⏳ Download progress: 66.8%
2025-08-05 20:00:51,117 - INFO - ⏳ Download progress: 67.1%
2025-08-05 20:00:51,173 - INFO - ⏳ Download progress: 67.3%
2025-08-05 20:00:51,175 - INFO - ⏳ Download progress: 67.6%
2025-08-05 20:00:51,212 - INFO - ⏳ Download progress: 67.9%
2025-08-05 20:00:51,213 - INFO - ⏳ Download progress: 68.1%
2025-08-05 20:00:51,241 - INFO - ⏳ Download progress: 68.4%
2025-08-05 20:00:51,242 - INFO - ⏳ Download progress: 68.6%
2025-08-05 20:00:51,286 - INFO - ⏳ Download progress: 68.9%
2025-08-05 20:00:51,287 - INFO - ⏳ Download progress: 69.1%
2025-08-05 20:00:51,313 - INFO - ⏳ Download progress: 69.4%
2025-08-05 20:00:51,314 - INFO - ⏳ Download progress: 69.6%
2025-08-05 20:00:51,354 - INFO - ⏳ Download progress: 69.9%
2025-08-05 20:00:51,355 - INFO - ⏳ Download progress: 70.1%
2025-08-05 20:00:51,382 - INFO - ⏳ Download progress: 70.4%
2025-08-05 20:00:51,383 - INFO - ⏳ Download progress: 70.7%
2025-08-05 20:00:51,419 - INFO - ⏳ Download progress: 70.9%
2025-08-05 20:00:51,420 - INFO - ⏳ Download progress: 71.2%
2025-08-05 20:00:51,446 - INFO - ⏳ Download progress: 71.4%
2025-08-05 20:00:51,447 - INFO - ⏳ Download progress: 71.7%
2025-08-05 20:00:51,477 - INFO - ⏳ Download progress: 71.9%
2025-08-05 20:00:51,478 - INFO - ⏳ Download progress: 72.2%
2025-08-05 20:00:51,499 - INFO - ⏳ Download progress: 72.4%
2025-08-05 20:00:51,499 - INFO - ⏳ Download progress: 72.7%
2025-08-05 20:00:51,556 - INFO - ⏳ Download progress: 73.0%
2025-08-05 20:00:51,557 - INFO - ⏳ Download progress: 73.2%
2025-08-05 20:00:51,601 - INFO - ⏳ Download progress: 73.5%
2025-08-05 20:00:51,601 - INFO - ⏳ Download progress: 73.7%
2025-08-05 20:00:51,635 - INFO - ⏳ Download progress: 74.0%
2025-08-05 20:00:51,635 - INFO - ⏳ Download progress: 74.2%
2025-08-05 20:00:51,661 - INFO - ⏳ Download progress: 74.5%
2025-08-05 20:00:51,662 - INFO - ⏳ Download progress: 74.7%
2025-08-05 20:00:51,702 - INFO - ⏳ Download progress: 75.0%
2025-08-05 20:00:51,702 - INFO - ⏳ Download progress: 75.2%
2025-08-05 20:00:51,738 - INFO - ⏳ Download progress: 75.5%
2025-08-05 20:00:51,738 - INFO - ⏳ Download progress: 75.8%
2025-08-05 20:00:51,764 - INFO - ⏳ Download progress: 76.0%
2025-08-05 20:00:51,765 - INFO - ⏳ Download progress: 76.3%
2025-08-05 20:00:51,825 - INFO - ⏳ Download progress: 76.5%
2025-08-05 20:00:51,826 - INFO - ⏳ Download progress: 76.8%
2025-08-05 20:00:51,870 - INFO - ⏳ Download progress: 77.0%
2025-08-05 20:00:51,871 - INFO - ⏳ Download progress: 77.3%
2025-08-05 20:00:51,906 - INFO - ⏳ Download progress: 77.5%
2025-08-05 20:00:51,908 - INFO - ⏳ Download progress: 77.8%
2025-08-05 20:00:51,944 - INFO - ⏳ Download progress: 78.1%
2025-08-05 20:00:51,945 - INFO - ⏳ Download progress: 78.3%
2025-08-05 20:00:51,990 - INFO - ⏳ Download progress: 78.6%
2025-08-05 20:00:51,991 - INFO - ⏳ Download progress: 78.8%
2025-08-05 20:00:52,015 - INFO - ⏳ Download progress: 79.1%
2025-08-05 20:00:52,016 - INFO - ⏳ Download progress: 79.3%
2025-08-05 20:00:52,049 - INFO - ⏳ Download progress: 79.6%
2025-08-05 20:00:52,050 - INFO - ⏳ Download progress: 79.8%
2025-08-05 20:00:52,085 - INFO - ⏳ Download progress: 80.1%
2025-08-05 20:00:52,085 - INFO - ⏳ Download progress: 80.4%
2025-08-05 20:00:52,127 - INFO - ⏳ Download progress: 80.6%
2025-08-05 20:00:52,128 - INFO - ⏳ Download progress: 80.9%
2025-08-05 20:00:52,172 - INFO - ⏳ Download progress: 81.1%
2025-08-05 20:00:52,176 - INFO - ⏳ Download progress: 81.4%
2025-08-05 20:00:52,201 - INFO - ⏳ Download progress: 81.6%
2025-08-05 20:00:52,202 - INFO - ⏳ Download progress: 81.9%
2025-08-05 20:00:52,258 - INFO - ⏳ Download progress: 82.1%
2025-08-05 20:00:52,259 - INFO - ⏳ Download progress: 82.4%
2025-08-05 20:00:52,287 - INFO - ⏳ Download progress: 82.6%
2025-08-05 20:00:52,287 - INFO - ⏳ Download progress: 82.9%
2025-08-05 20:00:52,326 - INFO - ⏳ Download progress: 83.2%
2025-08-05 20:00:52,327 - INFO - ⏳ Download progress: 83.4%
2025-08-05 20:00:52,354 - INFO - ⏳ Download progress: 83.7%
2025-08-05 20:00:52,354 - INFO - ⏳ Download progress: 83.9%
2025-08-05 20:00:52,384 - INFO - ⏳ Download progress: 84.2%
2025-08-05 20:00:52,385 - INFO - ⏳ Download progress: 84.4%
2025-08-05 20:00:52,440 - INFO - ⏳ Download progress: 84.7%
2025-08-05 20:00:52,442 - INFO - ⏳ Download progress: 84.9%
2025-08-05 20:00:52,470 - INFO - ⏳ Download progress: 85.2%
2025-08-05 20:00:52,471 - INFO - ⏳ Download progress: 85.5%
2025-08-05 20:00:52,514 - INFO - ⏳ Download progress: 85.7%
2025-08-05 20:00:52,514 - INFO - ⏳ Download progress: 86.0%
2025-08-05 20:00:52,546 - INFO - ⏳ Download progress: 86.2%
2025-08-05 20:00:52,547 - INFO - ⏳ Download progress: 86.5%
2025-08-05 20:00:52,574 - INFO - ⏳ Download progress: 86.7%
2025-08-05 20:00:52,575 - INFO - ⏳ Download progress: 87.0%
2025-08-05 20:00:52,614 - INFO - ⏳ Download progress: 87.2%
2025-08-05 20:00:52,615 - INFO - ⏳ Download progress: 87.5%
2025-08-05 20:00:52,644 - INFO - ⏳ Download progress: 87.7%
2025-08-05 20:00:52,645 - INFO - ⏳ Download progress: 88.0%
2025-08-05 20:00:52,699 - INFO - ⏳ Download progress: 88.3%
2025-08-05 20:00:52,700 - INFO - ⏳ Download progress: 88.5%
2025-08-05 20:00:52,733 - INFO - ⏳ Download progress: 88.8%
2025-08-05 20:00:52,734 - INFO - ⏳ Download progress: 89.0%
2025-08-05 20:00:52,779 - INFO - ⏳ Download progress: 89.3%
2025-08-05 20:00:52,780 - INFO - ⏳ Download progress: 89.5%
2025-08-05 20:00:52,811 - INFO - ⏳ Download progress: 89.8%
2025-08-05 20:00:52,812 - INFO - ⏳ Download progress: 90.0%
2025-08-05 20:00:52,845 - INFO - ⏳ Download progress: 90.3%
2025-08-05 20:00:52,846 - INFO - ⏳ Download progress: 90.6%
2025-08-05 20:00:52,895 - INFO - ⏳ Download progress: 90.8%
2025-08-05 20:00:52,896 - INFO - ⏳ Download progress: 91.1%
2025-08-05 20:00:52,928 - INFO - ⏳ Download progress: 91.3%
2025-08-05 20:00:52,928 - INFO - ⏳ Download progress: 91.6%
2025-08-05 20:00:52,970 - INFO - ⏳ Download progress: 91.8%
2025-08-05 20:00:52,971 - INFO - ⏳ Download progress: 92.1%
2025-08-05 20:00:53,003 - INFO - ⏳ Download progress: 92.3%
2025-08-05 20:00:53,003 - INFO - ⏳ Download progress: 92.6%
2025-08-05 20:00:53,036 - INFO - ⏳ Download progress: 92.8%
2025-08-05 20:00:53,037 - INFO - ⏳ Download progress: 93.1%
2025-08-05 20:00:53,091 - INFO - ⏳ Download progress: 93.4%
2025-08-05 20:00:53,093 - INFO - ⏳ Download progress: 93.6%
2025-08-05 20:00:53,120 - INFO - ⏳ Download progress: 93.9%
2025-08-05 20:00:53,120 - INFO - ⏳ Download progress: 94.1%
2025-08-05 20:00:53,176 - INFO - ⏳ Download progress: 94.4%
2025-08-05 20:00:53,177 - INFO - ⏳ Download progress: 94.6%
2025-08-05 20:00:53,236 - INFO - ⏳ Download progress: 94.9%
2025-08-05 20:00:53,237 - INFO - ⏳ Download progress: 95.1%
2025-08-05 20:00:53,259 - INFO - ⏳ Download progress: 95.4%
2025-08-05 20:00:53,260 - INFO - ⏳ Download progress: 95.7%
2025-08-05 20:00:53,307 - INFO - ⏳ Download progress: 95.9%
2025-08-05 20:00:53,308 - INFO - ⏳ Download progress: 96.2%
2025-08-05 20:00:53,329 - INFO - ⏳ Download progress: 96.4%
2025-08-05 20:00:53,330 - INFO - ⏳ Download progress: 96.7%
2025-08-05 20:00:53,372 - INFO - ⏳ Download progress: 96.9%
2025-08-05 20:00:53,374 - INFO - ⏳ Download progress: 97.2%
2025-08-05 20:00:53,403 - INFO - ⏳ Download progress: 97.4%
2025-08-05 20:00:53,404 - INFO - ⏳ Download progress: 97.7%
2025-08-05 20:00:53,443 - INFO - ⏳ Download progress: 98.0%
2025-08-05 20:00:53,443 - INFO - ⏳ Download progress: 98.2%
2025-08-05 20:00:53,464 - INFO - ⏳ Download progress: 98.5%
2025-08-05 20:00:53,465 - INFO - ⏳ Download progress: 98.7%
2025-08-05 20:00:53,516 - INFO - ⏳ Download progress: 99.0%
2025-08-05 20:00:53,517 - INFO - ⏳ Download progress: 99.2%
2025-08-05 20:00:53,539 - INFO - ⏳ Download progress: 99.5%
2025-08-05 20:00:53,540 - INFO - ⏳ Download progress: 99.7%
2025-08-05 20:00:53,542 - INFO - ⏳ Download progress: 100.0%
2025-08-05 20:00:53,543 - INFO - ⏳ Download progress: 100.0%
2025-08-05 20:00:53,545 - INFO - ✅ Video downloaded successfully!
2025-08-05 20:00:53,549 - INFO - 🎉 Success! Video ID: 6892468cc20d1928444b942e
2025-08-05 20:00:53,550 - INFO - ⏳ Waiting for video to render and download...
