2025-08-05 19:57:17,415 - INFO - 🚀 Starting Elai slide conversion test...
2025-08-05 19:57:17,415 - INFO - 📝 Converting slide to Elai format...
2025-08-05 19:57:17,417 - INFO - 💾 Saved Elai slide structure to elai_slide_structure.json
2025-08-05 19:57:17,418 - INFO - 📤 Creating video...
2025-08-05 19:57:18,141 - INFO - ✅ Video created with ID: 689245fd687b9301945030dc
2025-08-05 19:57:18,143 - INFO - 🎬 Starting video render...
2025-08-05 19:57:18,606 - INFO - ✅ Render started successfully
2025-08-05 19:57:19,171 - INFO - 📊 Video status: validating
2025-08-05 19:57:19,173 - INFO - ⏳ Still processing... Status: validating
2025-08-05 19:57:29,696 - INFO - 📊 Video status: rendering
2025-08-05 19:57:29,769 - INFO - ⏳ Still processing... Status: rendering
2025-08-05 19:57:40,232 - INFO - 📊 Video status: rendering
2025-08-05 19:57:40,233 - INFO - ⏳ Still processing... Status: rendering
2025-08-05 19:57:50,827 - INFO - 📊 Video status: rendering
2025-08-05 19:57:50,828 - INFO - ⏳ Still processing... Status: rendering
2025-08-05 19:58:01,305 - INFO - 📊 Video status: rendering
2025-08-05 19:58:01,305 - INFO - ⏳ Still processing... Status: rendering
2025-08-05 19:58:11,773 - INFO - 📊 Video status: rendering
2025-08-05 19:58:11,774 - INFO - ⏳ Still processing... Status: rendering
2025-08-05 19:58:22,176 - INFO - 📊 Video status: rendering
2025-08-05 19:58:22,176 - INFO - ⏳ Still processing... Status: rendering
2025-08-05 19:58:32,631 - INFO - 📊 Video status: ready
2025-08-05 19:58:32,632 - INFO - ✅ Video rendering completed with status: ready!
2025-08-05 19:58:32,634 - INFO - 📥 Downloading video to: elai_video_20250805_195832.mp4
2025-08-05 19:58:33,769 - INFO - ⏳ Download progress: 0.3%
2025-08-05 19:58:33,770 - INFO - ⏳ Download progress: 0.5%
2025-08-05 19:58:33,833 - INFO - ⏳ Download progress: 0.8%
2025-08-05 19:58:33,834 - INFO - ⏳ Download progress: 1.0%
2025-08-05 19:58:33,876 - INFO - ⏳ Download progress: 1.3%
2025-08-05 19:58:33,876 - INFO - ⏳ Download progress: 1.5%
2025-08-05 19:58:33,902 - INFO - ⏳ Download progress: 1.8%
2025-08-05 19:58:33,934 - INFO - ⏳ Download progress: 2.0%
2025-08-05 19:58:33,935 - INFO - ⏳ Download progress: 2.3%
2025-08-05 19:58:33,987 - INFO - ⏳ Download progress: 2.6%
2025-08-05 19:58:33,988 - INFO - ⏳ Download progress: 2.8%
2025-08-05 19:58:34,010 - INFO - ⏳ Download progress: 3.1%
2025-08-05 19:58:34,011 - INFO - ⏳ Download progress: 3.3%
2025-08-05 19:58:34,044 - INFO - ⏳ Download progress: 3.6%
2025-08-05 19:58:34,044 - INFO - ⏳ Download progress: 3.8%
2025-08-05 19:58:34,075 - INFO - ⏳ Download progress: 4.1%
2025-08-05 19:58:34,076 - INFO - ⏳ Download progress: 4.3%
2025-08-05 19:58:34,086 - INFO - ⏳ Download progress: 4.6%
2025-08-05 19:58:34,134 - INFO - ⏳ Download progress: 4.8%
2025-08-05 19:58:34,135 - INFO - ⏳ Download progress: 5.1%
2025-08-05 19:58:34,162 - INFO - ⏳ Download progress: 5.4%
2025-08-05 19:58:34,163 - INFO - ⏳ Download progress: 5.6%
2025-08-05 19:58:34,206 - INFO - ⏳ Download progress: 5.9%
2025-08-05 19:58:34,208 - INFO - ⏳ Download progress: 6.1%
2025-08-05 19:58:34,271 - INFO - ⏳ Download progress: 6.4%
2025-08-05 19:58:34,272 - INFO - ⏳ Download progress: 6.6%
2025-08-05 19:58:34,307 - INFO - ⏳ Download progress: 6.9%
2025-08-05 19:58:34,308 - INFO - ⏳ Download progress: 7.1%
2025-08-05 19:58:34,325 - INFO - ⏳ Download progress: 7.4%
2025-08-05 19:58:34,326 - INFO - ⏳ Download progress: 7.7%
2025-08-05 19:58:34,354 - INFO - ⏳ Download progress: 7.9%
2025-08-05 19:58:34,355 - INFO - ⏳ Download progress: 8.2%
2025-08-05 19:58:34,397 - INFO - ⏳ Download progress: 8.4%
2025-08-05 19:58:34,398 - INFO - ⏳ Download progress: 8.7%
2025-08-05 19:58:34,419 - INFO - ⏳ Download progress: 8.9%
2025-08-05 19:58:34,420 - INFO - ⏳ Download progress: 9.2%
2025-08-05 19:58:34,449 - INFO - ⏳ Download progress: 9.4%
2025-08-05 19:58:34,492 - INFO - ⏳ Download progress: 9.7%
2025-08-05 19:58:34,494 - INFO - ⏳ Download progress: 9.9%
2025-08-05 19:58:34,512 - INFO - ⏳ Download progress: 10.2%
2025-08-05 19:58:34,513 - INFO - ⏳ Download progress: 10.5%
2025-08-05 19:58:34,537 - INFO - ⏳ Download progress: 10.7%
2025-08-05 19:58:34,583 - INFO - ⏳ Download progress: 11.0%
2025-08-05 19:58:34,584 - INFO - ⏳ Download progress: 11.2%
2025-08-05 19:58:34,604 - INFO - ⏳ Download progress: 11.5%
2025-08-05 19:58:34,605 - INFO - ⏳ Download progress: 11.7%
2025-08-05 19:58:34,645 - INFO - ⏳ Download progress: 12.0%
2025-08-05 19:58:34,645 - INFO - ⏳ Download progress: 12.2%
2025-08-05 19:58:34,684 - INFO - ⏳ Download progress: 12.5%
2025-08-05 19:58:34,684 - INFO - ⏳ Download progress: 12.8%
2025-08-05 19:58:34,712 - INFO - ⏳ Download progress: 13.0%
2025-08-05 19:58:34,712 - INFO - ⏳ Download progress: 13.3%
2025-08-05 19:58:34,753 - INFO - ⏳ Download progress: 13.5%
2025-08-05 19:58:34,754 - INFO - ⏳ Download progress: 13.8%
2025-08-05 19:58:34,775 - INFO - ⏳ Download progress: 14.0%
2025-08-05 19:58:34,776 - INFO - ⏳ Download progress: 14.3%
2025-08-05 19:58:34,826 - INFO - ⏳ Download progress: 14.5%
2025-08-05 19:58:34,827 - INFO - ⏳ Download progress: 14.8%
2025-08-05 19:58:34,855 - INFO - ⏳ Download progress: 15.1%
2025-08-05 19:58:34,856 - INFO - ⏳ Download progress: 15.3%
2025-08-05 19:58:34,883 - INFO - ⏳ Download progress: 15.6%
2025-08-05 19:58:34,883 - INFO - ⏳ Download progress: 15.8%
2025-08-05 19:58:34,929 - INFO - ⏳ Download progress: 16.1%
2025-08-05 19:58:34,930 - INFO - ⏳ Download progress: 16.3%
2025-08-05 19:58:34,976 - INFO - ⏳ Download progress: 16.6%
2025-08-05 19:58:34,977 - INFO - ⏳ Download progress: 16.8%
2025-08-05 19:58:34,999 - INFO - ⏳ Download progress: 17.1%
2025-08-05 19:58:34,999 - INFO - ⏳ Download progress: 17.3%
2025-08-05 19:58:35,027 - INFO - ⏳ Download progress: 17.6%
2025-08-05 19:58:35,027 - INFO - ⏳ Download progress: 17.9%
2025-08-05 19:58:35,070 - INFO - ⏳ Download progress: 18.1%
2025-08-05 19:58:35,071 - INFO - ⏳ Download progress: 18.4%
2025-08-05 19:58:35,093 - INFO - ⏳ Download progress: 18.6%
2025-08-05 19:58:35,093 - INFO - ⏳ Download progress: 18.9%
2025-08-05 19:58:35,120 - INFO - ⏳ Download progress: 19.1%
2025-08-05 19:58:35,121 - INFO - ⏳ Download progress: 19.4%
2025-08-05 19:58:35,171 - INFO - ⏳ Download progress: 19.6%
2025-08-05 19:58:35,171 - INFO - ⏳ Download progress: 19.9%
2025-08-05 19:58:35,191 - INFO - ⏳ Download progress: 20.2%
2025-08-05 19:58:35,214 - INFO - ⏳ Download progress: 20.4%
2025-08-05 19:58:35,215 - INFO - ⏳ Download progress: 20.7%
2025-08-05 19:58:35,244 - INFO - ⏳ Download progress: 20.9%
2025-08-05 19:58:35,244 - INFO - ⏳ Download progress: 21.2%
2025-08-05 19:58:35,284 - INFO - ⏳ Download progress: 21.4%
2025-08-05 19:58:35,284 - INFO - ⏳ Download progress: 21.7%
2025-08-05 19:58:35,321 - INFO - ⏳ Download progress: 21.9%
2025-08-05 19:58:35,322 - INFO - ⏳ Download progress: 22.2%
2025-08-05 19:58:35,349 - INFO - ⏳ Download progress: 22.4%
2025-08-05 19:58:35,349 - INFO - ⏳ Download progress: 22.7%
2025-08-05 19:58:35,396 - INFO - ⏳ Download progress: 23.0%
2025-08-05 19:58:35,396 - INFO - ⏳ Download progress: 23.2%
2025-08-05 19:58:35,418 - INFO - ⏳ Download progress: 23.5%
2025-08-05 19:58:35,419 - INFO - ⏳ Download progress: 23.7%
2025-08-05 19:58:35,445 - INFO - ⏳ Download progress: 24.0%
2025-08-05 19:58:35,446 - INFO - ⏳ Download progress: 24.2%
2025-08-05 19:58:35,486 - INFO - ⏳ Download progress: 24.5%
2025-08-05 19:58:35,487 - INFO - ⏳ Download progress: 24.7%
2025-08-05 19:58:35,509 - INFO - ⏳ Download progress: 25.0%
2025-08-05 19:58:35,510 - INFO - ⏳ Download progress: 25.3%
2025-08-05 19:58:35,549 - INFO - ⏳ Download progress: 25.5%
2025-08-05 19:58:35,550 - INFO - ⏳ Download progress: 25.8%
2025-08-05 19:58:35,576 - INFO - ⏳ Download progress: 26.0%
2025-08-05 19:58:35,577 - INFO - ⏳ Download progress: 26.3%
2025-08-05 19:58:35,632 - INFO - ⏳ Download progress: 26.5%
2025-08-05 19:58:35,633 - INFO - ⏳ Download progress: 26.8%
2025-08-05 19:58:35,658 - INFO - ⏳ Download progress: 27.0%
2025-08-05 19:58:35,660 - INFO - ⏳ Download progress: 27.3%
2025-08-05 19:58:35,711 - INFO - ⏳ Download progress: 27.5%
2025-08-05 19:58:35,712 - INFO - ⏳ Download progress: 27.8%
2025-08-05 19:58:35,753 - INFO - ⏳ Download progress: 28.1%
2025-08-05 19:58:35,753 - INFO - ⏳ Download progress: 28.3%
2025-08-05 19:58:35,791 - INFO - ⏳ Download progress: 28.6%
2025-08-05 19:58:35,792 - INFO - ⏳ Download progress: 28.8%
2025-08-05 19:58:35,836 - INFO - ⏳ Download progress: 29.1%
2025-08-05 19:58:35,837 - INFO - ⏳ Download progress: 29.3%
2025-08-05 19:58:35,860 - INFO - ⏳ Download progress: 29.6%
2025-08-05 19:58:35,861 - INFO - ⏳ Download progress: 29.8%
2025-08-05 19:58:35,897 - INFO - ⏳ Download progress: 30.1%
2025-08-05 19:58:35,897 - INFO - ⏳ Download progress: 30.4%
2025-08-05 19:58:35,971 - INFO - ⏳ Download progress: 30.6%
2025-08-05 19:58:35,971 - INFO - ⏳ Download progress: 30.9%
2025-08-05 19:58:35,999 - INFO - ⏳ Download progress: 31.1%
2025-08-05 19:58:35,999 - INFO - ⏳ Download progress: 31.4%
2025-08-05 19:58:36,031 - INFO - ⏳ Download progress: 31.6%
2025-08-05 19:58:36,031 - INFO - ⏳ Download progress: 31.9%
2025-08-05 19:58:36,087 - INFO - ⏳ Download progress: 32.1%
2025-08-05 19:58:36,087 - INFO - ⏳ Download progress: 32.4%
2025-08-05 19:58:36,130 - INFO - ⏳ Download progress: 32.7%
2025-08-05 19:58:36,131 - INFO - ⏳ Download progress: 32.9%
2025-08-05 19:58:36,177 - INFO - ⏳ Download progress: 33.2%
2025-08-05 19:58:36,177 - INFO - ⏳ Download progress: 33.4%
2025-08-05 19:58:36,203 - INFO - ⏳ Download progress: 33.7%
2025-08-05 19:58:36,204 - INFO - ⏳ Download progress: 33.9%
2025-08-05 19:58:36,246 - INFO - ⏳ Download progress: 34.2%
2025-08-05 19:58:36,247 - INFO - ⏳ Download progress: 34.4%
2025-08-05 19:58:36,278 - INFO - ⏳ Download progress: 34.7%
2025-08-05 19:58:36,279 - INFO - ⏳ Download progress: 34.9%
2025-08-05 19:58:36,302 - INFO - ⏳ Download progress: 35.2%
2025-08-05 19:58:36,303 - INFO - ⏳ Download progress: 35.5%
2025-08-05 19:58:36,349 - INFO - ⏳ Download progress: 35.7%
2025-08-05 19:58:36,350 - INFO - ⏳ Download progress: 36.0%
2025-08-05 19:58:36,380 - INFO - ⏳ Download progress: 36.2%
2025-08-05 19:58:36,381 - INFO - ⏳ Download progress: 36.5%
2025-08-05 19:58:36,426 - INFO - ⏳ Download progress: 36.7%
2025-08-05 19:58:36,427 - INFO - ⏳ Download progress: 37.0%
2025-08-05 19:58:36,456 - INFO - ⏳ Download progress: 37.2%
2025-08-05 19:58:36,456 - INFO - ⏳ Download progress: 37.5%
2025-08-05 19:58:36,494 - INFO - ⏳ Download progress: 37.8%
2025-08-05 19:58:36,495 - INFO - ⏳ Download progress: 38.0%
2025-08-05 19:58:36,543 - INFO - ⏳ Download progress: 38.3%
2025-08-05 19:58:36,544 - INFO - ⏳ Download progress: 38.5%
2025-08-05 19:58:36,567 - INFO - ⏳ Download progress: 38.8%
2025-08-05 19:58:36,567 - INFO - ⏳ Download progress: 39.0%
2025-08-05 19:58:36,597 - INFO - ⏳ Download progress: 39.3%
2025-08-05 19:58:36,597 - INFO - ⏳ Download progress: 39.5%
2025-08-05 19:58:36,634 - INFO - ⏳ Download progress: 39.8%
2025-08-05 19:58:36,634 - INFO - ⏳ Download progress: 40.0%
2025-08-05 19:58:36,661 - INFO - ⏳ Download progress: 40.3%
2025-08-05 19:58:36,661 - INFO - ⏳ Download progress: 40.6%
2025-08-05 19:58:36,699 - INFO - ⏳ Download progress: 40.8%
2025-08-05 19:58:36,699 - INFO - ⏳ Download progress: 41.1%
2025-08-05 19:58:36,727 - INFO - ⏳ Download progress: 41.3%
2025-08-05 19:58:36,728 - INFO - ⏳ Download progress: 41.6%
2025-08-05 19:58:36,754 - INFO - ⏳ Download progress: 41.8%
2025-08-05 19:58:36,755 - INFO - ⏳ Download progress: 42.1%
2025-08-05 19:58:36,795 - INFO - ⏳ Download progress: 42.3%
2025-08-05 19:58:36,796 - INFO - ⏳ Download progress: 42.6%
2025-08-05 19:58:36,851 - INFO - ⏳ Download progress: 42.9%
2025-08-05 19:58:36,851 - INFO - ⏳ Download progress: 43.1%
2025-08-05 19:58:36,874 - INFO - ⏳ Download progress: 43.4%
2025-08-05 19:58:36,876 - INFO - ⏳ Download progress: 43.6%
2025-08-05 19:58:36,916 - INFO - ⏳ Download progress: 43.9%
2025-08-05 19:58:36,916 - INFO - ⏳ Download progress: 44.1%
2025-08-05 19:58:36,949 - INFO - ⏳ Download progress: 44.4%
2025-08-05 19:58:36,950 - INFO - ⏳ Download progress: 44.6%
2025-08-05 19:58:37,005 - INFO - ⏳ Download progress: 44.9%
2025-08-05 19:58:37,006 - INFO - ⏳ Download progress: 45.2%
2025-08-05 19:58:37,036 - INFO - ⏳ Download progress: 45.4%
2025-08-05 19:58:37,036 - INFO - ⏳ Download progress: 45.7%
2025-08-05 19:58:37,080 - INFO - ⏳ Download progress: 45.9%
2025-08-05 19:58:37,081 - INFO - ⏳ Download progress: 46.2%
2025-08-05 19:58:37,114 - INFO - ⏳ Download progress: 46.4%
2025-08-05 19:58:37,114 - INFO - ⏳ Download progress: 46.7%
2025-08-05 19:58:37,148 - INFO - ⏳ Download progress: 46.9%
2025-08-05 19:58:37,149 - INFO - ⏳ Download progress: 47.2%
2025-08-05 19:58:37,212 - INFO - ⏳ Download progress: 47.4%
2025-08-05 19:58:37,212 - INFO - ⏳ Download progress: 47.7%
2025-08-05 19:58:37,236 - INFO - ⏳ Download progress: 48.0%
2025-08-05 19:58:37,236 - INFO - ⏳ Download progress: 48.2%
2025-08-05 19:58:37,283 - INFO - ⏳ Download progress: 48.5%
2025-08-05 19:58:37,283 - INFO - ⏳ Download progress: 48.7%
2025-08-05 19:58:37,331 - INFO - ⏳ Download progress: 49.0%
2025-08-05 19:58:37,332 - INFO - ⏳ Download progress: 49.2%
2025-08-05 19:58:37,354 - INFO - ⏳ Download progress: 49.5%
2025-08-05 19:58:37,355 - INFO - ⏳ Download progress: 49.7%
2025-08-05 19:58:37,381 - INFO - ⏳ Download progress: 50.0%
2025-08-05 19:58:37,382 - INFO - ⏳ Download progress: 50.3%
2025-08-05 19:58:37,428 - INFO - ⏳ Download progress: 50.5%
2025-08-05 19:58:37,428 - INFO - ⏳ Download progress: 50.8%
2025-08-05 19:58:37,484 - INFO - ⏳ Download progress: 51.0%
2025-08-05 19:58:37,485 - INFO - ⏳ Download progress: 51.3%
2025-08-05 19:58:37,518 - INFO - ⏳ Download progress: 51.5%
2025-08-05 19:58:37,519 - INFO - ⏳ Download progress: 51.8%
2025-08-05 19:58:37,543 - INFO - ⏳ Download progress: 52.0%
2025-08-05 19:58:37,543 - INFO - ⏳ Download progress: 52.3%
2025-08-05 19:58:37,572 - INFO - ⏳ Download progress: 52.5%
2025-08-05 19:58:37,572 - INFO - ⏳ Download progress: 52.8%
2025-08-05 19:58:37,621 - INFO - ⏳ Download progress: 53.1%
2025-08-05 19:58:37,622 - INFO - ⏳ Download progress: 53.3%
2025-08-05 19:58:37,651 - INFO - ⏳ Download progress: 53.6%
2025-08-05 19:58:37,651 - INFO - ⏳ Download progress: 53.8%
2025-08-05 19:58:37,680 - INFO - ⏳ Download progress: 54.1%
2025-08-05 19:58:37,680 - INFO - ⏳ Download progress: 54.3%
2025-08-05 19:58:37,722 - INFO - ⏳ Download progress: 54.6%
2025-08-05 19:58:37,722 - INFO - ⏳ Download progress: 54.8%
2025-08-05 19:58:37,776 - INFO - ⏳ Download progress: 55.1%
2025-08-05 19:58:37,777 - INFO - ⏳ Download progress: 55.4%
2025-08-05 19:58:37,799 - INFO - ⏳ Download progress: 55.6%
2025-08-05 19:58:37,800 - INFO - ⏳ Download progress: 55.9%
2025-08-05 19:58:37,849 - INFO - ⏳ Download progress: 56.1%
2025-08-05 19:58:37,850 - INFO - ⏳ Download progress: 56.4%
2025-08-05 19:58:37,871 - INFO - ⏳ Download progress: 56.6%
2025-08-05 19:58:37,871 - INFO - ⏳ Download progress: 56.9%
2025-08-05 19:58:37,919 - INFO - ⏳ Download progress: 57.1%
2025-08-05 19:58:37,920 - INFO - ⏳ Download progress: 57.4%
2025-08-05 19:58:37,942 - INFO - ⏳ Download progress: 57.6%
2025-08-05 19:58:37,943 - INFO - ⏳ Download progress: 57.9%
2025-08-05 19:58:37,970 - INFO - ⏳ Download progress: 58.2%
2025-08-05 19:58:37,970 - INFO - ⏳ Download progress: 58.4%
2025-08-05 19:58:38,011 - INFO - ⏳ Download progress: 58.7%
2025-08-05 19:58:38,012 - INFO - ⏳ Download progress: 58.9%
2025-08-05 19:58:38,059 - INFO - ⏳ Download progress: 59.2%
2025-08-05 19:58:38,061 - INFO - ⏳ Download progress: 59.4%
2025-08-05 19:58:38,080 - INFO - ⏳ Download progress: 59.7%
2025-08-05 19:58:38,081 - INFO - ⏳ Download progress: 59.9%
2025-08-05 19:58:38,107 - INFO - ⏳ Download progress: 60.2%
2025-08-05 19:58:38,108 - INFO - ⏳ Download progress: 60.5%
2025-08-05 19:58:38,133 - INFO - ⏳ Download progress: 60.7%
2025-08-05 19:58:38,133 - INFO - ⏳ Download progress: 61.0%
2025-08-05 19:58:38,182 - INFO - ⏳ Download progress: 61.2%
2025-08-05 19:58:38,183 - INFO - ⏳ Download progress: 61.5%
2025-08-05 19:58:38,225 - INFO - ⏳ Download progress: 61.7%
2025-08-05 19:58:38,227 - INFO - ⏳ Download progress: 62.0%
2025-08-05 19:58:38,248 - INFO - ⏳ Download progress: 62.2%
2025-08-05 19:58:38,249 - INFO - ⏳ Download progress: 62.5%
2025-08-05 19:58:38,276 - INFO - ⏳ Download progress: 62.8%
2025-08-05 19:58:38,277 - INFO - ⏳ Download progress: 63.0%
2025-08-05 19:58:38,327 - INFO - ⏳ Download progress: 63.3%
2025-08-05 19:58:38,328 - INFO - ⏳ Download progress: 63.5%
2025-08-05 19:58:38,349 - INFO - ⏳ Download progress: 63.8%
2025-08-05 19:58:38,349 - INFO - ⏳ Download progress: 64.0%
2025-08-05 19:58:38,375 - INFO - ⏳ Download progress: 64.3%
2025-08-05 19:58:38,377 - INFO - ⏳ Download progress: 64.5%
2025-08-05 19:58:38,416 - INFO - ⏳ Download progress: 64.8%
2025-08-05 19:58:38,417 - INFO - ⏳ Download progress: 65.0%
2025-08-05 19:58:38,455 - INFO - ⏳ Download progress: 65.3%
2025-08-05 19:58:38,456 - INFO - ⏳ Download progress: 65.6%
2025-08-05 19:58:38,500 - INFO - ⏳ Download progress: 65.8%
2025-08-05 19:58:38,501 - INFO - ⏳ Download progress: 66.1%
2025-08-05 19:58:38,524 - INFO - ⏳ Download progress: 66.3%
2025-08-05 19:58:38,525 - INFO - ⏳ Download progress: 66.6%
2025-08-05 19:58:38,555 - INFO - ⏳ Download progress: 66.8%
2025-08-05 19:58:38,555 - INFO - ⏳ Download progress: 67.1%
2025-08-05 19:58:38,601 - INFO - ⏳ Download progress: 67.3%
2025-08-05 19:58:38,601 - INFO - ⏳ Download progress: 67.6%
2025-08-05 19:58:38,627 - INFO - ⏳ Download progress: 67.9%
2025-08-05 19:58:38,628 - INFO - ⏳ Download progress: 68.1%
2025-08-05 19:58:38,674 - INFO - ⏳ Download progress: 68.4%
2025-08-05 19:58:38,675 - INFO - ⏳ Download progress: 68.6%
2025-08-05 19:58:38,696 - INFO - ⏳ Download progress: 68.9%
2025-08-05 19:58:38,697 - INFO - ⏳ Download progress: 69.1%
2025-08-05 19:58:38,723 - INFO - ⏳ Download progress: 69.4%
2025-08-05 19:58:38,724 - INFO - ⏳ Download progress: 69.6%
2025-08-05 19:58:38,758 - INFO - ⏳ Download progress: 69.9%
2025-08-05 19:58:38,759 - INFO - ⏳ Download progress: 70.1%
2025-08-05 19:58:38,784 - INFO - ⏳ Download progress: 70.4%
2025-08-05 19:58:38,785 - INFO - ⏳ Download progress: 70.7%
2025-08-05 19:58:38,830 - INFO - ⏳ Download progress: 70.9%
2025-08-05 19:58:38,830 - INFO - ⏳ Download progress: 71.2%
2025-08-05 19:58:38,860 - INFO - ⏳ Download progress: 71.4%
2025-08-05 19:58:38,861 - INFO - ⏳ Download progress: 71.7%
2025-08-05 19:58:38,891 - INFO - ⏳ Download progress: 71.9%
2025-08-05 19:58:38,893 - INFO - ⏳ Download progress: 72.2%
2025-08-05 19:58:38,928 - INFO - ⏳ Download progress: 72.4%
2025-08-05 19:58:38,928 - INFO - ⏳ Download progress: 72.7%
2025-08-05 19:58:38,965 - INFO - ⏳ Download progress: 73.0%
2025-08-05 19:58:38,966 - INFO - ⏳ Download progress: 73.2%
2025-08-05 19:58:39,000 - INFO - ⏳ Download progress: 73.5%
2025-08-05 19:58:39,001 - INFO - ⏳ Download progress: 73.7%
2025-08-05 19:58:39,022 - INFO - ⏳ Download progress: 74.0%
2025-08-05 19:58:39,023 - INFO - ⏳ Download progress: 74.2%
2025-08-05 19:58:39,063 - INFO - ⏳ Download progress: 74.5%
2025-08-05 19:58:39,064 - INFO - ⏳ Download progress: 74.7%
2025-08-05 19:58:39,089 - INFO - ⏳ Download progress: 75.0%
2025-08-05 19:58:39,090 - INFO - ⏳ Download progress: 75.3%
2025-08-05 19:58:39,132 - INFO - ⏳ Download progress: 75.5%
2025-08-05 19:58:39,132 - INFO - ⏳ Download progress: 75.8%
2025-08-05 19:58:39,180 - INFO - ⏳ Download progress: 76.0%
2025-08-05 19:58:39,180 - INFO - ⏳ Download progress: 76.3%
2025-08-05 19:58:39,201 - INFO - ⏳ Download progress: 76.5%
2025-08-05 19:58:39,202 - INFO - ⏳ Download progress: 76.8%
2025-08-05 19:58:39,228 - INFO - ⏳ Download progress: 77.0%
2025-08-05 19:58:39,229 - INFO - ⏳ Download progress: 77.3%
2025-08-05 19:58:39,277 - INFO - ⏳ Download progress: 77.5%
2025-08-05 19:58:39,278 - INFO - ⏳ Download progress: 77.8%
2025-08-05 19:58:39,300 - INFO - ⏳ Download progress: 78.1%
2025-08-05 19:58:39,300 - INFO - ⏳ Download progress: 78.3%
2025-08-05 19:58:39,339 - INFO - ⏳ Download progress: 78.6%
2025-08-05 19:58:39,340 - INFO - ⏳ Download progress: 78.8%
2025-08-05 19:58:39,369 - INFO - ⏳ Download progress: 79.1%
2025-08-05 19:58:39,369 - INFO - ⏳ Download progress: 79.3%
2025-08-05 19:58:39,415 - INFO - ⏳ Download progress: 79.6%
2025-08-05 19:58:39,416 - INFO - ⏳ Download progress: 79.8%
2025-08-05 19:58:39,440 - INFO - ⏳ Download progress: 80.1%
2025-08-05 19:58:39,441 - INFO - ⏳ Download progress: 80.4%
2025-08-05 19:58:39,469 - INFO - ⏳ Download progress: 80.6%
2025-08-05 19:58:39,470 - INFO - ⏳ Download progress: 80.9%
2025-08-05 19:58:39,520 - INFO - ⏳ Download progress: 81.1%
2025-08-05 19:58:39,521 - INFO - ⏳ Download progress: 81.4%
2025-08-05 19:58:39,561 - INFO - ⏳ Download progress: 81.6%
2025-08-05 19:58:39,562 - INFO - ⏳ Download progress: 81.9%
2025-08-05 19:58:39,589 - INFO - ⏳ Download progress: 82.1%
2025-08-05 19:58:39,590 - INFO - ⏳ Download progress: 82.4%
2025-08-05 19:58:39,628 - INFO - ⏳ Download progress: 82.6%
2025-08-05 19:58:39,629 - INFO - ⏳ Download progress: 82.9%
2025-08-05 19:58:39,657 - INFO - ⏳ Download progress: 83.2%
2025-08-05 19:58:39,658 - INFO - ⏳ Download progress: 83.4%
2025-08-05 19:58:39,695 - INFO - ⏳ Download progress: 83.7%
2025-08-05 19:58:39,695 - INFO - ⏳ Download progress: 83.9%
2025-08-05 19:58:39,718 - INFO - ⏳ Download progress: 84.2%
2025-08-05 19:58:39,719 - INFO - ⏳ Download progress: 84.4%
2025-08-05 19:58:39,764 - INFO - ⏳ Download progress: 84.7%
2025-08-05 19:58:39,765 - INFO - ⏳ Download progress: 84.9%
2025-08-05 19:58:39,795 - INFO - ⏳ Download progress: 85.2%
2025-08-05 19:58:39,795 - INFO - ⏳ Download progress: 85.5%
2025-08-05 19:58:39,842 - INFO - ⏳ Download progress: 85.7%
2025-08-05 19:58:39,843 - INFO - ⏳ Download progress: 86.0%
2025-08-05 19:58:39,876 - INFO - ⏳ Download progress: 86.2%
2025-08-05 19:58:39,878 - INFO - ⏳ Download progress: 86.5%
2025-08-05 19:58:39,916 - INFO - ⏳ Download progress: 86.7%
2025-08-05 19:58:39,917 - INFO - ⏳ Download progress: 87.0%
2025-08-05 19:58:39,943 - INFO - ⏳ Download progress: 87.2%
2025-08-05 19:58:39,943 - INFO - ⏳ Download progress: 87.5%
2025-08-05 19:58:39,995 - INFO - ⏳ Download progress: 87.8%
2025-08-05 19:58:39,995 - INFO - ⏳ Download progress: 88.0%
2025-08-05 19:58:40,023 - INFO - ⏳ Download progress: 88.3%
2025-08-05 19:58:40,023 - INFO - ⏳ Download progress: 88.5%
2025-08-05 19:58:40,067 - INFO - ⏳ Download progress: 88.8%
2025-08-05 19:58:40,068 - INFO - ⏳ Download progress: 89.0%
2025-08-05 19:58:40,108 - INFO - ⏳ Download progress: 89.3%
2025-08-05 19:58:40,110 - INFO - ⏳ Download progress: 89.5%
2025-08-05 19:58:40,136 - INFO - ⏳ Download progress: 89.8%
2025-08-05 19:58:40,136 - INFO - ⏳ Download progress: 90.0%
2025-08-05 19:58:40,184 - INFO - ⏳ Download progress: 90.3%
2025-08-05 19:58:40,185 - INFO - ⏳ Download progress: 90.6%
2025-08-05 19:58:40,208 - INFO - ⏳ Download progress: 90.8%
2025-08-05 19:58:40,210 - INFO - ⏳ Download progress: 91.1%
2025-08-05 19:58:40,236 - INFO - ⏳ Download progress: 91.3%
2025-08-05 19:58:40,237 - INFO - ⏳ Download progress: 91.6%
2025-08-05 19:58:40,283 - INFO - ⏳ Download progress: 91.8%
2025-08-05 19:58:40,284 - INFO - ⏳ Download progress: 92.1%
2025-08-05 19:58:40,325 - INFO - ⏳ Download progress: 92.3%
2025-08-05 19:58:40,326 - INFO - ⏳ Download progress: 92.6%
2025-08-05 19:58:40,352 - INFO - ⏳ Download progress: 92.9%
2025-08-05 19:58:40,352 - INFO - ⏳ Download progress: 93.1%
2025-08-05 19:58:40,377 - INFO - ⏳ Download progress: 93.4%
2025-08-05 19:58:40,378 - INFO - ⏳ Download progress: 93.6%
2025-08-05 19:58:40,422 - INFO - ⏳ Download progress: 93.9%
2025-08-05 19:58:40,423 - INFO - ⏳ Download progress: 94.1%
2025-08-05 19:58:40,453 - INFO - ⏳ Download progress: 94.4%
2025-08-05 19:58:40,453 - INFO - ⏳ Download progress: 94.6%
2025-08-05 19:58:40,483 - INFO - ⏳ Download progress: 94.9%
2025-08-05 19:58:40,484 - INFO - ⏳ Download progress: 95.1%
2025-08-05 19:58:40,515 - INFO - ⏳ Download progress: 95.4%
2025-08-05 19:58:40,516 - INFO - ⏳ Download progress: 95.7%
2025-08-05 19:58:40,549 - INFO - ⏳ Download progress: 95.9%
2025-08-05 19:58:40,549 - INFO - ⏳ Download progress: 96.2%
2025-08-05 19:58:40,585 - INFO - ⏳ Download progress: 96.4%
2025-08-05 19:58:40,586 - INFO - ⏳ Download progress: 96.7%
2025-08-05 19:58:40,617 - INFO - ⏳ Download progress: 96.9%
2025-08-05 19:58:40,618 - INFO - ⏳ Download progress: 97.2%
2025-08-05 19:58:40,664 - INFO - ⏳ Download progress: 97.4%
2025-08-05 19:58:40,665 - INFO - ⏳ Download progress: 97.7%
2025-08-05 19:58:40,712 - INFO - ⏳ Download progress: 98.0%
2025-08-05 19:58:40,713 - INFO - ⏳ Download progress: 98.2%
2025-08-05 19:58:40,738 - INFO - ⏳ Download progress: 98.5%
2025-08-05 19:58:40,739 - INFO - ⏳ Download progress: 98.7%
2025-08-05 19:58:40,784 - INFO - ⏳ Download progress: 99.0%
2025-08-05 19:58:40,784 - INFO - ⏳ Download progress: 99.2%
2025-08-05 19:58:40,808 - INFO - ⏳ Download progress: 99.5%
2025-08-05 19:58:40,809 - INFO - ⏳ Download progress: 99.7%
2025-08-05 19:58:40,812 - INFO - ⏳ Download progress: 100.0%
2025-08-05 19:58:40,812 - INFO - ⏳ Download progress: 100.0%
2025-08-05 19:58:40,813 - INFO - ✅ Video downloaded successfully!
2025-08-05 19:58:40,817 - INFO - 🎉 Success! Video ID: 689245fd687b9301945030dc
2025-08-05 19:58:40,817 - INFO - ⏳ Waiting for video to render and download...
