2025-08-05 20:04:41,681 - INFO - 🚀 Starting Elai slide conversion test...
2025-08-05 20:04:41,682 - INFO - 📤 Creating video...
2025-08-05 20:04:42,322 - INFO - ✅ Video created with ID: 689247b9c20d1928444ba66d
2025-08-05 20:04:42,324 - INFO - 🎬 Starting video render...
2025-08-05 20:04:42,538 - INFO - ✅ Render started successfully
2025-08-05 20:04:42,986 - INFO - 📊 Video status: validating
2025-08-05 20:04:42,987 - INFO - ⏳ Still processing... Status: validating
2025-08-05 20:04:53,458 - INFO - 📊 Video status: rendering
2025-08-05 20:04:53,458 - INFO - ⏳ Still processing... Status: rendering
2025-08-05 20:05:04,263 - INFO - 📊 Video status: rendering
2025-08-05 20:05:04,356 - INFO - ⏳ Still processing... Status: rendering
2025-08-05 20:05:14,793 - INFO - 📊 Video status: rendering
2025-08-05 20:05:14,794 - INFO - ⏳ Still processing... Status: rendering
2025-08-05 20:05:25,451 - INFO - 📊 Video status: rendering
2025-08-05 20:05:25,452 - INFO - ⏳ Still processing... Status: rendering
2025-08-05 20:05:35,905 - INFO - 📊 Video status: rendering
2025-08-05 20:05:35,905 - INFO - ⏳ Still processing... Status: rendering
2025-08-05 20:05:46,341 - INFO - 📊 Video status: ready
2025-08-05 20:05:46,341 - INFO - ✅ Video rendering completed with status: ready!
2025-08-05 20:05:46,343 - INFO - 📥 Downloading video to: elai_video_20250805_200546.mp4
2025-08-05 20:05:47,620 - INFO - ⏳ Download progress: 0.3%
2025-08-05 20:05:47,621 - INFO - ⏳ Download progress: 0.5%
2025-08-05 20:05:47,701 - INFO - ⏳ Download progress: 0.8%
2025-08-05 20:05:47,703 - INFO - ⏳ Download progress: 1.0%
2025-08-05 20:05:47,761 - INFO - ⏳ Download progress: 1.3%
2025-08-05 20:05:47,762 - INFO - ⏳ Download progress: 1.5%
2025-08-05 20:05:47,777 - INFO - ⏳ Download progress: 1.8%
2025-08-05 20:05:47,779 - INFO - ⏳ Download progress: 2.0%
2025-08-05 20:05:47,848 - INFO - ⏳ Download progress: 2.3%
2025-08-05 20:05:47,848 - INFO - ⏳ Download progress: 2.6%
2025-08-05 20:05:47,864 - INFO - ⏳ Download progress: 2.8%
2025-08-05 20:05:47,865 - INFO - ⏳ Download progress: 3.1%
2025-08-05 20:05:47,905 - INFO - ⏳ Download progress: 3.3%
2025-08-05 20:05:47,906 - INFO - ⏳ Download progress: 3.6%
2025-08-05 20:05:47,906 - INFO - ⏳ Download progress: 3.8%
2025-08-05 20:05:47,933 - INFO - ⏳ Download progress: 4.1%
2025-08-05 20:05:47,935 - INFO - ⏳ Download progress: 4.3%
2025-08-05 20:05:47,978 - INFO - ⏳ Download progress: 4.6%
2025-08-05 20:05:47,978 - INFO - ⏳ Download progress: 4.8%
2025-08-05 20:05:48,023 - INFO - ⏳ Download progress: 5.1%
2025-08-05 20:05:48,024 - INFO - ⏳ Download progress: 5.4%
2025-08-05 20:05:48,040 - INFO - ⏳ Download progress: 5.6%
2025-08-05 20:05:48,041 - INFO - ⏳ Download progress: 5.9%
2025-08-05 20:05:48,080 - INFO - ⏳ Download progress: 6.1%
2025-08-05 20:05:48,080 - INFO - ⏳ Download progress: 6.4%
2025-08-05 20:05:48,110 - INFO - ⏳ Download progress: 6.6%
2025-08-05 20:05:48,110 - INFO - ⏳ Download progress: 6.9%
2025-08-05 20:05:48,160 - INFO - ⏳ Download progress: 7.1%
2025-08-05 20:05:48,161 - INFO - ⏳ Download progress: 7.4%
2025-08-05 20:05:48,176 - INFO - ⏳ Download progress: 7.7%
2025-08-05 20:05:48,177 - INFO - ⏳ Download progress: 7.9%
2025-08-05 20:05:48,231 - INFO - ⏳ Download progress: 8.2%
2025-08-05 20:05:48,232 - INFO - ⏳ Download progress: 8.4%
2025-08-05 20:05:48,271 - INFO - ⏳ Download progress: 8.7%
2025-08-05 20:05:48,271 - INFO - ⏳ Download progress: 8.9%
2025-08-05 20:05:48,305 - INFO - ⏳ Download progress: 9.2%
2025-08-05 20:05:48,306 - INFO - ⏳ Download progress: 9.4%
2025-08-05 20:05:48,338 - INFO - ⏳ Download progress: 9.7%
2025-08-05 20:05:48,339 - INFO - ⏳ Download progress: 9.9%
2025-08-05 20:05:48,375 - INFO - ⏳ Download progress: 10.2%
2025-08-05 20:05:48,376 - INFO - ⏳ Download progress: 10.5%
2025-08-05 20:05:48,423 - INFO - ⏳ Download progress: 10.7%
2025-08-05 20:05:48,424 - INFO - ⏳ Download progress: 11.0%
2025-08-05 20:05:48,445 - INFO - ⏳ Download progress: 11.2%
2025-08-05 20:05:48,480 - INFO - ⏳ Download progress: 11.5%
2025-08-05 20:05:48,480 - INFO - ⏳ Download progress: 11.7%
2025-08-05 20:05:48,520 - INFO - ⏳ Download progress: 12.0%
2025-08-05 20:05:48,521 - INFO - ⏳ Download progress: 12.2%
2025-08-05 20:05:48,553 - INFO - ⏳ Download progress: 12.5%
2025-08-05 20:05:48,554 - INFO - ⏳ Download progress: 12.8%
2025-08-05 20:05:48,593 - INFO - ⏳ Download progress: 13.0%
2025-08-05 20:05:48,593 - INFO - ⏳ Download progress: 13.3%
2025-08-05 20:05:48,621 - INFO - ⏳ Download progress: 13.5%
2025-08-05 20:05:48,622 - INFO - ⏳ Download progress: 13.8%
2025-08-05 20:05:48,670 - INFO - ⏳ Download progress: 14.0%
2025-08-05 20:05:48,671 - INFO - ⏳ Download progress: 14.3%
2025-08-05 20:05:48,690 - INFO - ⏳ Download progress: 14.5%
2025-08-05 20:05:48,691 - INFO - ⏳ Download progress: 14.8%
2025-08-05 20:05:48,742 - INFO - ⏳ Download progress: 15.0%
2025-08-05 20:05:48,742 - INFO - ⏳ Download progress: 15.3%
2025-08-05 20:05:48,783 - INFO - ⏳ Download progress: 15.6%
2025-08-05 20:05:48,784 - INFO - ⏳ Download progress: 15.8%
2025-08-05 20:05:48,808 - INFO - ⏳ Download progress: 16.1%
2025-08-05 20:05:48,809 - INFO - ⏳ Download progress: 16.3%
2025-08-05 20:05:48,861 - INFO - ⏳ Download progress: 16.6%
2025-08-05 20:05:48,861 - INFO - ⏳ Download progress: 16.8%
2025-08-05 20:05:48,883 - INFO - ⏳ Download progress: 17.1%
2025-08-05 20:05:48,884 - INFO - ⏳ Download progress: 17.3%
2025-08-05 20:05:48,918 - INFO - ⏳ Download progress: 17.6%
2025-08-05 20:05:48,920 - INFO - ⏳ Download progress: 17.9%
2025-08-05 20:05:48,958 - INFO - ⏳ Download progress: 18.1%
2025-08-05 20:05:48,958 - INFO - ⏳ Download progress: 18.4%
2025-08-05 20:05:48,987 - INFO - ⏳ Download progress: 18.6%
2025-08-05 20:05:48,987 - INFO - ⏳ Download progress: 18.9%
2025-08-05 20:05:49,031 - INFO - ⏳ Download progress: 19.1%
2025-08-05 20:05:49,032 - INFO - ⏳ Download progress: 19.4%
2025-08-05 20:05:49,071 - INFO - ⏳ Download progress: 19.6%
2025-08-05 20:05:49,072 - INFO - ⏳ Download progress: 19.9%
2025-08-05 20:05:49,109 - INFO - ⏳ Download progress: 20.2%
2025-08-05 20:05:49,109 - INFO - ⏳ Download progress: 20.4%
2025-08-05 20:05:49,146 - INFO - ⏳ Download progress: 20.7%
2025-08-05 20:05:49,146 - INFO - ⏳ Download progress: 20.9%
2025-08-05 20:05:49,173 - INFO - ⏳ Download progress: 21.2%
2025-08-05 20:05:49,173 - INFO - ⏳ Download progress: 21.4%
2025-08-05 20:05:49,208 - INFO - ⏳ Download progress: 21.7%
2025-08-05 20:05:49,209 - INFO - ⏳ Download progress: 21.9%
2025-08-05 20:05:49,244 - INFO - ⏳ Download progress: 22.2%
2025-08-05 20:05:49,245 - INFO - ⏳ Download progress: 22.4%
2025-08-05 20:05:49,288 - INFO - ⏳ Download progress: 22.7%
2025-08-05 20:05:49,290 - INFO - ⏳ Download progress: 23.0%
2025-08-05 20:05:49,307 - INFO - ⏳ Download progress: 23.2%
2025-08-05 20:05:49,339 - INFO - ⏳ Download progress: 23.5%
2025-08-05 20:05:49,340 - INFO - ⏳ Download progress: 23.7%
2025-08-05 20:05:49,380 - INFO - ⏳ Download progress: 24.0%
2025-08-05 20:05:49,381 - INFO - ⏳ Download progress: 24.2%
2025-08-05 20:05:49,411 - INFO - ⏳ Download progress: 24.5%
2025-08-05 20:05:49,411 - INFO - ⏳ Download progress: 24.7%
2025-08-05 20:05:49,442 - INFO - ⏳ Download progress: 25.0%
2025-08-05 20:05:49,442 - INFO - ⏳ Download progress: 25.3%
2025-08-05 20:05:49,481 - INFO - ⏳ Download progress: 25.5%
2025-08-05 20:05:49,481 - INFO - ⏳ Download progress: 25.8%
2025-08-05 20:05:49,514 - INFO - ⏳ Download progress: 26.0%
2025-08-05 20:05:49,515 - INFO - ⏳ Download progress: 26.3%
2025-08-05 20:05:49,543 - INFO - ⏳ Download progress: 26.5%
2025-08-05 20:05:49,543 - INFO - ⏳ Download progress: 26.8%
2025-08-05 20:05:49,566 - INFO - ⏳ Download progress: 27.0%
2025-08-05 20:05:49,568 - INFO - ⏳ Download progress: 27.3%
2025-08-05 20:05:49,610 - INFO - ⏳ Download progress: 27.5%
2025-08-05 20:05:49,611 - INFO - ⏳ Download progress: 27.8%
2025-08-05 20:05:49,635 - INFO - ⏳ Download progress: 28.1%
2025-08-05 20:05:49,637 - INFO - ⏳ Download progress: 28.3%
2025-08-05 20:05:49,670 - INFO - ⏳ Download progress: 28.6%
2025-08-05 20:05:49,671 - INFO - ⏳ Download progress: 28.8%
2025-08-05 20:05:49,720 - INFO - ⏳ Download progress: 29.1%
2025-08-05 20:05:49,721 - INFO - ⏳ Download progress: 29.3%
2025-08-05 20:05:49,766 - INFO - ⏳ Download progress: 29.6%
2025-08-05 20:05:49,767 - INFO - ⏳ Download progress: 29.8%
2025-08-05 20:05:49,788 - INFO - ⏳ Download progress: 30.1%
2025-08-05 20:05:49,789 - INFO - ⏳ Download progress: 30.4%
2025-08-05 20:05:49,825 - INFO - ⏳ Download progress: 30.6%
2025-08-05 20:05:49,826 - INFO - ⏳ Download progress: 30.9%
2025-08-05 20:05:49,862 - INFO - ⏳ Download progress: 31.1%
2025-08-05 20:05:49,862 - INFO - ⏳ Download progress: 31.4%
2025-08-05 20:05:49,889 - INFO - ⏳ Download progress: 31.6%
2025-08-05 20:05:49,890 - INFO - ⏳ Download progress: 31.9%
2025-08-05 20:05:49,932 - INFO - ⏳ Download progress: 32.1%
2025-08-05 20:05:49,933 - INFO - ⏳ Download progress: 32.4%
2025-08-05 20:05:49,966 - INFO - ⏳ Download progress: 32.7%
2025-08-05 20:05:49,966 - INFO - ⏳ Download progress: 32.9%
2025-08-05 20:05:49,993 - INFO - ⏳ Download progress: 33.2%
2025-08-05 20:05:49,994 - INFO - ⏳ Download progress: 33.4%
2025-08-05 20:05:50,037 - INFO - ⏳ Download progress: 33.7%
2025-08-05 20:05:50,038 - INFO - ⏳ Download progress: 33.9%
2025-08-05 20:05:50,084 - INFO - ⏳ Download progress: 34.2%
2025-08-05 20:05:50,086 - INFO - ⏳ Download progress: 34.4%
2025-08-05 20:05:50,106 - INFO - ⏳ Download progress: 34.7%
2025-08-05 20:05:50,107 - INFO - ⏳ Download progress: 34.9%
2025-08-05 20:05:50,133 - INFO - ⏳ Download progress: 35.2%
2025-08-05 20:05:50,133 - INFO - ⏳ Download progress: 35.5%
2025-08-05 20:05:50,157 - INFO - ⏳ Download progress: 35.7%
2025-08-05 20:05:50,158 - INFO - ⏳ Download progress: 36.0%
2025-08-05 20:05:50,202 - INFO - ⏳ Download progress: 36.2%
2025-08-05 20:05:50,204 - INFO - ⏳ Download progress: 36.5%
2025-08-05 20:05:50,249 - INFO - ⏳ Download progress: 36.7%
2025-08-05 20:05:50,250 - INFO - ⏳ Download progress: 37.0%
2025-08-05 20:05:50,277 - INFO - ⏳ Download progress: 37.2%
2025-08-05 20:05:50,278 - INFO - ⏳ Download progress: 37.5%
2025-08-05 20:05:50,321 - INFO - ⏳ Download progress: 37.8%
2025-08-05 20:05:50,322 - INFO - ⏳ Download progress: 38.0%
2025-08-05 20:05:50,344 - INFO - ⏳ Download progress: 38.3%
2025-08-05 20:05:50,344 - INFO - ⏳ Download progress: 38.5%
2025-08-05 20:05:50,390 - INFO - ⏳ Download progress: 38.8%
2025-08-05 20:05:50,391 - INFO - ⏳ Download progress: 39.0%
2025-08-05 20:05:50,414 - INFO - ⏳ Download progress: 39.3%
2025-08-05 20:05:50,415 - INFO - ⏳ Download progress: 39.5%
2025-08-05 20:05:50,465 - INFO - ⏳ Download progress: 39.8%
2025-08-05 20:05:50,466 - INFO - ⏳ Download progress: 40.0%
2025-08-05 20:05:50,495 - INFO - ⏳ Download progress: 40.3%
2025-08-05 20:05:50,495 - INFO - ⏳ Download progress: 40.6%
2025-08-05 20:05:50,517 - INFO - ⏳ Download progress: 40.8%
2025-08-05 20:05:50,519 - INFO - ⏳ Download progress: 41.1%
2025-08-05 20:05:50,562 - INFO - ⏳ Download progress: 41.3%
2025-08-05 20:05:50,562 - INFO - ⏳ Download progress: 41.6%
2025-08-05 20:05:50,592 - INFO - ⏳ Download progress: 41.8%
2025-08-05 20:05:50,592 - INFO - ⏳ Download progress: 42.1%
2025-08-05 20:05:50,631 - INFO - ⏳ Download progress: 42.3%
2025-08-05 20:05:50,632 - INFO - ⏳ Download progress: 42.6%
2025-08-05 20:05:50,659 - INFO - ⏳ Download progress: 42.9%
2025-08-05 20:05:50,659 - INFO - ⏳ Download progress: 43.1%
2025-08-05 20:05:50,705 - INFO - ⏳ Download progress: 43.4%
2025-08-05 20:05:50,705 - INFO - ⏳ Download progress: 43.6%
2025-08-05 20:05:50,725 - INFO - ⏳ Download progress: 43.9%
2025-08-05 20:05:50,726 - INFO - ⏳ Download progress: 44.1%
2025-08-05 20:05:50,774 - INFO - ⏳ Download progress: 44.4%
2025-08-05 20:05:50,775 - INFO - ⏳ Download progress: 44.6%
2025-08-05 20:05:50,797 - INFO - ⏳ Download progress: 44.9%
2025-08-05 20:05:50,798 - INFO - ⏳ Download progress: 45.1%
2025-08-05 20:05:50,841 - INFO - ⏳ Download progress: 45.4%
2025-08-05 20:05:50,842 - INFO - ⏳ Download progress: 45.7%
2025-08-05 20:05:50,875 - INFO - ⏳ Download progress: 45.9%
2025-08-05 20:05:50,876 - INFO - ⏳ Download progress: 46.2%
2025-08-05 20:05:50,905 - INFO - ⏳ Download progress: 46.4%
2025-08-05 20:05:50,906 - INFO - ⏳ Download progress: 46.7%
2025-08-05 20:05:50,944 - INFO - ⏳ Download progress: 46.9%
2025-08-05 20:05:50,945 - INFO - ⏳ Download progress: 47.2%
2025-08-05 20:05:50,973 - INFO - ⏳ Download progress: 47.4%
2025-08-05 20:05:50,973 - INFO - ⏳ Download progress: 47.7%
2025-08-05 20:05:51,003 - INFO - ⏳ Download progress: 48.0%
2025-08-05 20:05:51,004 - INFO - ⏳ Download progress: 48.2%
2025-08-05 20:05:51,041 - INFO - ⏳ Download progress: 48.5%
2025-08-05 20:05:51,041 - INFO - ⏳ Download progress: 48.7%
2025-08-05 20:05:51,071 - INFO - ⏳ Download progress: 49.0%
2025-08-05 20:05:51,072 - INFO - ⏳ Download progress: 49.2%
2025-08-05 20:05:51,127 - INFO - ⏳ Download progress: 49.5%
2025-08-05 20:05:51,127 - INFO - ⏳ Download progress: 49.7%
2025-08-05 20:05:51,158 - INFO - ⏳ Download progress: 50.0%
2025-08-05 20:05:51,159 - INFO - ⏳ Download progress: 50.3%
2025-08-05 20:05:51,204 - INFO - ⏳ Download progress: 50.5%
2025-08-05 20:05:51,205 - INFO - ⏳ Download progress: 50.8%
2025-08-05 20:05:51,226 - INFO - ⏳ Download progress: 51.0%
2025-08-05 20:05:51,226 - INFO - ⏳ Download progress: 51.3%
2025-08-05 20:05:51,273 - INFO - ⏳ Download progress: 51.5%
2025-08-05 20:05:51,274 - INFO - ⏳ Download progress: 51.8%
2025-08-05 20:05:51,301 - INFO - ⏳ Download progress: 52.0%
2025-08-05 20:05:51,303 - INFO - ⏳ Download progress: 52.3%
2025-08-05 20:05:51,331 - INFO - ⏳ Download progress: 52.5%
2025-08-05 20:05:51,331 - INFO - ⏳ Download progress: 52.8%
2025-08-05 20:05:51,381 - INFO - ⏳ Download progress: 53.1%
2025-08-05 20:05:51,382 - INFO - ⏳ Download progress: 53.3%
2025-08-05 20:05:51,404 - INFO - ⏳ Download progress: 53.6%
2025-08-05 20:05:51,405 - INFO - ⏳ Download progress: 53.8%
2025-08-05 20:05:51,455 - INFO - ⏳ Download progress: 54.1%
2025-08-05 20:05:51,456 - INFO - ⏳ Download progress: 54.3%
2025-08-05 20:05:51,503 - INFO - ⏳ Download progress: 54.6%
2025-08-05 20:05:51,505 - INFO - ⏳ Download progress: 54.8%
2025-08-05 20:05:51,525 - INFO - ⏳ Download progress: 55.1%
2025-08-05 20:05:51,526 - INFO - ⏳ Download progress: 55.4%
2025-08-05 20:05:51,564 - INFO - ⏳ Download progress: 55.6%
2025-08-05 20:05:51,565 - INFO - ⏳ Download progress: 55.9%
2025-08-05 20:05:51,614 - INFO - ⏳ Download progress: 56.1%
2025-08-05 20:05:51,614 - INFO - ⏳ Download progress: 56.4%
2025-08-05 20:05:51,641 - INFO - ⏳ Download progress: 56.6%
2025-08-05 20:05:51,642 - INFO - ⏳ Download progress: 56.9%
2025-08-05 20:05:51,670 - INFO - ⏳ Download progress: 57.1%
2025-08-05 20:05:51,672 - INFO - ⏳ Download progress: 57.4%
2025-08-05 20:05:51,713 - INFO - ⏳ Download progress: 57.6%
2025-08-05 20:05:51,713 - INFO - ⏳ Download progress: 57.9%
2025-08-05 20:05:51,743 - INFO - ⏳ Download progress: 58.2%
2025-08-05 20:05:51,743 - INFO - ⏳ Download progress: 58.4%
2025-08-05 20:05:51,786 - INFO - ⏳ Download progress: 58.7%
2025-08-05 20:05:51,788 - INFO - ⏳ Download progress: 58.9%
2025-08-05 20:05:51,813 - INFO - ⏳ Download progress: 59.2%
2025-08-05 20:05:51,814 - INFO - ⏳ Download progress: 59.4%
2025-08-05 20:05:51,858 - INFO - ⏳ Download progress: 59.7%
2025-08-05 20:05:51,858 - INFO - ⏳ Download progress: 59.9%
2025-08-05 20:05:51,888 - INFO - ⏳ Download progress: 60.2%
2025-08-05 20:05:51,889 - INFO - ⏳ Download progress: 60.5%
2025-08-05 20:05:51,933 - INFO - ⏳ Download progress: 60.7%
2025-08-05 20:05:51,934 - INFO - ⏳ Download progress: 61.0%
2025-08-05 20:05:51,960 - INFO - ⏳ Download progress: 61.2%
2025-08-05 20:05:51,961 - INFO - ⏳ Download progress: 61.5%
2025-08-05 20:05:52,006 - INFO - ⏳ Download progress: 61.7%
2025-08-05 20:05:52,007 - INFO - ⏳ Download progress: 62.0%
2025-08-05 20:05:52,035 - INFO - ⏳ Download progress: 62.2%
2025-08-05 20:05:52,038 - INFO - ⏳ Download progress: 62.5%
2025-08-05 20:05:52,072 - INFO - ⏳ Download progress: 62.8%
2025-08-05 20:05:52,073 - INFO - ⏳ Download progress: 63.0%
2025-08-05 20:05:52,104 - INFO - ⏳ Download progress: 63.3%
2025-08-05 20:05:52,105 - INFO - ⏳ Download progress: 63.5%
2025-08-05 20:05:52,126 - INFO - ⏳ Download progress: 63.8%
2025-08-05 20:05:52,126 - INFO - ⏳ Download progress: 64.0%
2025-08-05 20:05:52,171 - INFO - ⏳ Download progress: 64.3%
2025-08-05 20:05:52,172 - INFO - ⏳ Download progress: 64.5%
2025-08-05 20:05:52,195 - INFO - ⏳ Download progress: 64.8%
2025-08-05 20:05:52,195 - INFO - ⏳ Download progress: 65.0%
2025-08-05 20:05:52,240 - INFO - ⏳ Download progress: 65.3%
2025-08-05 20:05:52,241 - INFO - ⏳ Download progress: 65.6%
2025-08-05 20:05:52,262 - INFO - ⏳ Download progress: 65.8%
2025-08-05 20:05:52,263 - INFO - ⏳ Download progress: 66.1%
2025-08-05 20:05:52,299 - INFO - ⏳ Download progress: 66.3%
2025-08-05 20:05:52,299 - INFO - ⏳ Download progress: 66.6%
2025-08-05 20:05:52,336 - INFO - ⏳ Download progress: 66.8%
2025-08-05 20:05:52,338 - INFO - ⏳ Download progress: 67.1%
2025-08-05 20:05:52,358 - INFO - ⏳ Download progress: 67.3%
2025-08-05 20:05:52,359 - INFO - ⏳ Download progress: 67.6%
2025-08-05 20:05:52,405 - INFO - ⏳ Download progress: 67.9%
2025-08-05 20:05:52,406 - INFO - ⏳ Download progress: 68.1%
2025-08-05 20:05:52,432 - INFO - ⏳ Download progress: 68.4%
2025-08-05 20:05:52,432 - INFO - ⏳ Download progress: 68.6%
2025-08-05 20:05:52,471 - INFO - ⏳ Download progress: 68.9%
2025-08-05 20:05:52,472 - INFO - ⏳ Download progress: 69.1%
2025-08-05 20:05:52,519 - INFO - ⏳ Download progress: 69.4%
2025-08-05 20:05:52,521 - INFO - ⏳ Download progress: 69.6%
2025-08-05 20:05:52,541 - INFO - ⏳ Download progress: 69.9%
2025-08-05 20:05:52,542 - INFO - ⏳ Download progress: 70.1%
2025-08-05 20:05:52,571 - INFO - ⏳ Download progress: 70.4%
2025-08-05 20:05:52,572 - INFO - ⏳ Download progress: 70.7%
2025-08-05 20:05:52,604 - INFO - ⏳ Download progress: 70.9%
2025-08-05 20:05:52,605 - INFO - ⏳ Download progress: 71.2%
2025-08-05 20:05:52,633 - INFO - ⏳ Download progress: 71.4%
2025-08-05 20:05:52,633 - INFO - ⏳ Download progress: 71.7%
2025-08-05 20:05:52,671 - INFO - ⏳ Download progress: 71.9%
2025-08-05 20:05:52,672 - INFO - ⏳ Download progress: 72.2%
2025-08-05 20:05:52,696 - INFO - ⏳ Download progress: 72.4%
2025-08-05 20:05:52,697 - INFO - ⏳ Download progress: 72.7%
2025-08-05 20:05:52,730 - INFO - ⏳ Download progress: 73.0%
2025-08-05 20:05:52,730 - INFO - ⏳ Download progress: 73.2%
2025-08-05 20:05:52,769 - INFO - ⏳ Download progress: 73.5%
2025-08-05 20:05:52,771 - INFO - ⏳ Download progress: 73.7%
2025-08-05 20:05:52,810 - INFO - ⏳ Download progress: 74.0%
2025-08-05 20:05:52,810 - INFO - ⏳ Download progress: 74.2%
2025-08-05 20:05:52,833 - INFO - ⏳ Download progress: 74.5%
2025-08-05 20:05:52,833 - INFO - ⏳ Download progress: 74.7%
2025-08-05 20:05:52,877 - INFO - ⏳ Download progress: 75.0%
2025-08-05 20:05:52,877 - INFO - ⏳ Download progress: 75.2%
2025-08-05 20:05:52,899 - INFO - ⏳ Download progress: 75.5%
2025-08-05 20:05:52,900 - INFO - ⏳ Download progress: 75.8%
2025-08-05 20:05:52,953 - INFO - ⏳ Download progress: 76.0%
2025-08-05 20:05:52,955 - INFO - ⏳ Download progress: 76.3%
2025-08-05 20:05:52,984 - INFO - ⏳ Download progress: 76.5%
2025-08-05 20:05:52,985 - INFO - ⏳ Download progress: 76.8%
2025-08-05 20:05:53,014 - INFO - ⏳ Download progress: 77.0%
2025-08-05 20:05:53,015 - INFO - ⏳ Download progress: 77.3%
2025-08-05 20:05:53,056 - INFO - ⏳ Download progress: 77.5%
2025-08-05 20:05:53,057 - INFO - ⏳ Download progress: 77.8%
2025-08-05 20:05:53,088 - INFO - ⏳ Download progress: 78.1%
2025-08-05 20:05:53,089 - INFO - ⏳ Download progress: 78.3%
2025-08-05 20:05:53,131 - INFO - ⏳ Download progress: 78.6%
2025-08-05 20:05:53,132 - INFO - ⏳ Download progress: 78.8%
2025-08-05 20:05:53,155 - INFO - ⏳ Download progress: 79.1%
2025-08-05 20:05:53,155 - INFO - ⏳ Download progress: 79.3%
2025-08-05 20:05:53,199 - INFO - ⏳ Download progress: 79.6%
2025-08-05 20:05:53,199 - INFO - ⏳ Download progress: 79.8%
2025-08-05 20:05:53,224 - INFO - ⏳ Download progress: 80.1%
2025-08-05 20:05:53,224 - INFO - ⏳ Download progress: 80.4%
2025-08-05 20:05:53,247 - INFO - ⏳ Download progress: 80.6%
2025-08-05 20:05:53,247 - INFO - ⏳ Download progress: 80.9%
2025-08-05 20:05:53,293 - INFO - ⏳ Download progress: 81.1%
2025-08-05 20:05:53,294 - INFO - ⏳ Download progress: 81.4%
2025-08-05 20:05:53,314 - INFO - ⏳ Download progress: 81.6%
2025-08-05 20:05:53,314 - INFO - ⏳ Download progress: 81.9%
2025-08-05 20:05:53,361 - INFO - ⏳ Download progress: 82.1%
2025-08-05 20:05:53,362 - INFO - ⏳ Download progress: 82.4%
2025-08-05 20:05:53,390 - INFO - ⏳ Download progress: 82.6%
2025-08-05 20:05:53,391 - INFO - ⏳ Download progress: 82.9%
2025-08-05 20:05:53,435 - INFO - ⏳ Download progress: 83.2%
2025-08-05 20:05:53,438 - INFO - ⏳ Download progress: 83.4%
2025-08-05 20:05:53,466 - INFO - ⏳ Download progress: 83.7%
2025-08-05 20:05:53,467 - INFO - ⏳ Download progress: 83.9%
2025-08-05 20:05:53,505 - INFO - ⏳ Download progress: 84.2%
2025-08-05 20:05:53,506 - INFO - ⏳ Download progress: 84.4%
2025-08-05 20:05:53,538 - INFO - ⏳ Download progress: 84.7%
2025-08-05 20:05:53,539 - INFO - ⏳ Download progress: 84.9%
2025-08-05 20:05:53,562 - INFO - ⏳ Download progress: 85.2%
2025-08-05 20:05:53,562 - INFO - ⏳ Download progress: 85.5%
2025-08-05 20:05:53,599 - INFO - ⏳ Download progress: 85.7%
2025-08-05 20:05:53,599 - INFO - ⏳ Download progress: 86.0%
2025-08-05 20:05:53,634 - INFO - ⏳ Download progress: 86.2%
2025-08-05 20:05:53,635 - INFO - ⏳ Download progress: 86.5%
2025-08-05 20:05:53,674 - INFO - ⏳ Download progress: 86.7%
2025-08-05 20:05:53,721 - INFO - ⏳ Download progress: 87.0%
2025-08-05 20:05:53,722 - INFO - ⏳ Download progress: 87.2%
2025-08-05 20:05:53,724 - INFO - ⏳ Download progress: 87.5%
2025-08-05 20:05:53,742 - INFO - ⏳ Download progress: 87.7%
2025-08-05 20:05:53,743 - INFO - ⏳ Download progress: 88.0%
2025-08-05 20:05:53,797 - INFO - ⏳ Download progress: 88.3%
2025-08-05 20:05:53,798 - INFO - ⏳ Download progress: 88.5%
2025-08-05 20:05:53,820 - INFO - ⏳ Download progress: 88.8%
2025-08-05 20:05:53,821 - INFO - ⏳ Download progress: 89.0%
2025-08-05 20:05:53,869 - INFO - ⏳ Download progress: 89.3%
2025-08-05 20:05:53,870 - INFO - ⏳ Download progress: 89.5%
2025-08-05 20:05:53,897 - INFO - ⏳ Download progress: 89.8%
2025-08-05 20:05:53,898 - INFO - ⏳ Download progress: 90.0%
2025-08-05 20:05:53,920 - INFO - ⏳ Download progress: 90.3%
2025-08-05 20:05:53,922 - INFO - ⏳ Download progress: 90.6%
2025-08-05 20:05:53,971 - INFO - ⏳ Download progress: 90.8%
2025-08-05 20:05:53,972 - INFO - ⏳ Download progress: 91.1%
2025-08-05 20:05:54,009 - INFO - ⏳ Download progress: 91.3%
2025-08-05 20:05:54,009 - INFO - ⏳ Download progress: 91.6%
2025-08-05 20:05:54,041 - INFO - ⏳ Download progress: 91.8%
2025-08-05 20:05:54,042 - INFO - ⏳ Download progress: 92.1%
2025-08-05 20:05:54,098 - INFO - ⏳ Download progress: 92.3%
2025-08-05 20:05:54,098 - INFO - ⏳ Download progress: 92.6%
2025-08-05 20:05:54,126 - INFO - ⏳ Download progress: 92.8%
2025-08-05 20:05:54,127 - INFO - ⏳ Download progress: 93.1%
2025-08-05 20:05:54,170 - INFO - ⏳ Download progress: 93.4%
2025-08-05 20:05:54,171 - INFO - ⏳ Download progress: 93.6%
2025-08-05 20:05:54,190 - INFO - ⏳ Download progress: 93.9%
2025-08-05 20:05:54,192 - INFO - ⏳ Download progress: 94.1%
2025-08-05 20:05:54,218 - INFO - ⏳ Download progress: 94.4%
2025-08-05 20:05:54,219 - INFO - ⏳ Download progress: 94.6%
2025-08-05 20:05:54,270 - INFO - ⏳ Download progress: 94.9%
2025-08-05 20:05:54,272 - INFO - ⏳ Download progress: 95.1%
2025-08-05 20:05:54,302 - INFO - ⏳ Download progress: 95.4%
2025-08-05 20:05:54,304 - INFO - ⏳ Download progress: 95.7%
2025-08-05 20:05:54,334 - INFO - ⏳ Download progress: 95.9%
2025-08-05 20:05:54,334 - INFO - ⏳ Download progress: 96.2%
2025-08-05 20:05:54,369 - INFO - ⏳ Download progress: 96.4%
2025-08-05 20:05:54,371 - INFO - ⏳ Download progress: 96.7%
2025-08-05 20:05:54,416 - INFO - ⏳ Download progress: 96.9%
2025-08-05 20:05:54,417 - INFO - ⏳ Download progress: 97.2%
2025-08-05 20:05:54,451 - INFO - ⏳ Download progress: 97.4%
2025-08-05 20:05:54,452 - INFO - ⏳ Download progress: 97.7%
2025-08-05 20:05:54,474 - INFO - ⏳ Download progress: 98.0%
2025-08-05 20:05:54,474 - INFO - ⏳ Download progress: 98.2%
2025-08-05 20:05:54,514 - INFO - ⏳ Download progress: 98.5%
2025-08-05 20:05:54,514 - INFO - ⏳ Download progress: 98.7%
2025-08-05 20:05:54,550 - INFO - ⏳ Download progress: 99.0%
2025-08-05 20:05:54,550 - INFO - ⏳ Download progress: 99.2%
2025-08-05 20:05:54,589 - INFO - ⏳ Download progress: 99.5%
2025-08-05 20:05:54,590 - INFO - ⏳ Download progress: 99.7%
2025-08-05 20:05:54,593 - INFO - ⏳ Download progress: 100.0%
2025-08-05 20:05:54,594 - INFO - ⏳ Download progress: 100.0%
2025-08-05 20:05:54,594 - INFO - ✅ Video downloaded successfully!
2025-08-05 20:05:54,598 - INFO - 🎉 Success! Video ID: 689247b9c20d1928444ba66d
2025-08-05 20:05:54,599 - INFO - ⏳ Waiting for video to render and download...
