2025-08-05 19:46:52,671 - INFO - 🚀 Starting Elai slide conversion test...
2025-08-05 19:46:52,672 - INFO - 📝 Converting slide to Elai format...
2025-08-05 19:46:52,675 - INFO - 💾 Saved Elai slide structure to elai_slide_structure.json
2025-08-05 19:46:52,676 - INFO - 📤 Creating video...
2025-08-05 19:46:53,260 - INFO - ✅ Video created with ID: 6892438cc62d9038071d7080
2025-08-05 19:46:53,262 - INFO - 🎬 Starting video render...
2025-08-05 19:46:53,694 - INFO - ✅ Render started successfully
2025-08-05 19:46:54,226 - INFO - 📊 Video status: validating
2025-08-05 19:46:54,227 - INFO - ⏳ Still processing... Status: validating
2025-08-05 19:47:04,652 - INFO - 📊 Video status: rendering
2025-08-05 19:47:04,653 - INFO - ⏳ Still processing... Status: rendering
2025-08-05 19:47:15,188 - INFO - 📊 Video status: rendering
2025-08-05 19:47:15,188 - INFO - ⏳ Still processing... Status: rendering
2025-08-05 19:47:25,600 - INFO - 📊 Video status: rendering
2025-08-05 19:47:25,601 - INFO - ⏳ Still processing... Status: rendering
2025-08-05 19:47:36,173 - INFO - 📊 Video status: rendering
2025-08-05 19:47:36,174 - INFO - ⏳ Still processing... Status: rendering
2025-08-05 19:47:46,591 - INFO - 📊 Video status: ready
2025-08-05 19:47:46,591 - INFO - ✅ Video rendering completed with status: ready!
2025-08-05 19:47:46,593 - INFO - 📥 Downloading video to: elai_video_20250805_194746.mp4
2025-08-05 19:47:47,641 - INFO - ⏳ Download progress: 0.3%
2025-08-05 19:47:47,642 - INFO - ⏳ Download progress: 0.5%
2025-08-05 19:47:47,757 - INFO - ⏳ Download progress: 0.8%
2025-08-05 19:47:47,757 - INFO - ⏳ Download progress: 1.0%
2025-08-05 19:47:47,802 - INFO - ⏳ Download progress: 1.3%
2025-08-05 19:47:47,803 - INFO - ⏳ Download progress: 1.5%
2025-08-05 19:47:47,835 - INFO - ⏳ Download progress: 1.8%
2025-08-05 19:47:47,836 - INFO - ⏳ Download progress: 2.0%
2025-08-05 19:47:47,874 - INFO - ⏳ Download progress: 2.3%
2025-08-05 19:47:47,875 - INFO - ⏳ Download progress: 2.6%
2025-08-05 19:47:47,922 - INFO - ⏳ Download progress: 2.8%
2025-08-05 19:47:47,923 - INFO - ⏳ Download progress: 3.1%
2025-08-05 19:47:47,944 - INFO - ⏳ Download progress: 3.3%
2025-08-05 19:47:47,945 - INFO - ⏳ Download progress: 3.6%
2025-08-05 19:47:47,966 - INFO - ⏳ Download progress: 3.8%
2025-08-05 19:47:47,967 - INFO - ⏳ Download progress: 4.1%
2025-08-05 19:47:48,008 - INFO - ⏳ Download progress: 4.3%
2025-08-05 19:47:48,009 - INFO - ⏳ Download progress: 4.6%
2025-08-05 19:47:48,017 - INFO - ⏳ Download progress: 4.8%
2025-08-05 19:47:48,046 - INFO - ⏳ Download progress: 5.1%
2025-08-05 19:47:48,046 - INFO - ⏳ Download progress: 5.4%
2025-08-05 19:47:48,091 - INFO - ⏳ Download progress: 5.6%
2025-08-05 19:47:48,092 - INFO - ⏳ Download progress: 5.9%
2025-08-05 19:47:48,145 - INFO - ⏳ Download progress: 6.1%
2025-08-05 19:47:48,146 - INFO - ⏳ Download progress: 6.4%
2025-08-05 19:47:48,160 - INFO - ⏳ Download progress: 6.6%
2025-08-05 19:47:48,190 - INFO - ⏳ Download progress: 6.9%
2025-08-05 19:47:48,192 - INFO - ⏳ Download progress: 7.1%
2025-08-05 19:47:48,212 - INFO - ⏳ Download progress: 7.4%
2025-08-05 19:47:48,213 - INFO - ⏳ Download progress: 7.7%
2025-08-05 19:47:48,214 - INFO - ⏳ Download progress: 7.9%
2025-08-05 19:47:48,270 - INFO - ⏳ Download progress: 8.2%
2025-08-05 19:47:48,273 - INFO - ⏳ Download progress: 8.4%
2025-08-05 19:47:48,298 - INFO - ⏳ Download progress: 8.7%
2025-08-05 19:47:48,299 - INFO - ⏳ Download progress: 8.9%
2025-08-05 19:47:48,344 - INFO - ⏳ Download progress: 9.2%
2025-08-05 19:47:48,346 - INFO - ⏳ Download progress: 9.4%
2025-08-05 19:47:48,383 - INFO - ⏳ Download progress: 9.7%
2025-08-05 19:47:48,386 - INFO - ⏳ Download progress: 9.9%
2025-08-05 19:47:48,417 - INFO - ⏳ Download progress: 10.2%
2025-08-05 19:47:48,420 - INFO - ⏳ Download progress: 10.5%
2025-08-05 19:47:48,444 - INFO - ⏳ Download progress: 10.7%
2025-08-05 19:47:48,446 - INFO - ⏳ Download progress: 11.0%
2025-08-05 19:47:48,472 - INFO - ⏳ Download progress: 11.2%
2025-08-05 19:47:48,502 - INFO - ⏳ Download progress: 11.5%
2025-08-05 19:47:48,503 - INFO - ⏳ Download progress: 11.7%
2025-08-05 19:47:48,543 - INFO - ⏳ Download progress: 12.0%
2025-08-05 19:47:48,544 - INFO - ⏳ Download progress: 12.2%
2025-08-05 19:47:48,565 - INFO - ⏳ Download progress: 12.5%
2025-08-05 19:47:48,566 - INFO - ⏳ Download progress: 12.8%
2025-08-05 19:47:48,567 - INFO - ⏳ Download progress: 13.0%
2025-08-05 19:47:48,624 - INFO - ⏳ Download progress: 13.3%
2025-08-05 19:47:48,626 - INFO - ⏳ Download progress: 13.5%
2025-08-05 19:47:48,644 - INFO - ⏳ Download progress: 13.8%
2025-08-05 19:47:48,645 - INFO - ⏳ Download progress: 14.0%
2025-08-05 19:47:48,667 - INFO - ⏳ Download progress: 14.3%
2025-08-05 19:47:48,690 - INFO - ⏳ Download progress: 14.5%
2025-08-05 19:47:48,692 - INFO - ⏳ Download progress: 14.8%
2025-08-05 19:47:48,730 - INFO - ⏳ Download progress: 15.0%
2025-08-05 19:47:48,731 - INFO - ⏳ Download progress: 15.3%
2025-08-05 19:47:48,775 - INFO - ⏳ Download progress: 15.6%
2025-08-05 19:47:48,776 - INFO - ⏳ Download progress: 15.8%
2025-08-05 19:47:48,805 - INFO - ⏳ Download progress: 16.1%
2025-08-05 19:47:48,806 - INFO - ⏳ Download progress: 16.3%
2025-08-05 19:47:48,827 - INFO - ⏳ Download progress: 16.6%
2025-08-05 19:47:48,828 - INFO - ⏳ Download progress: 16.8%
2025-08-05 19:47:48,849 - INFO - ⏳ Download progress: 17.1%
2025-08-05 19:47:48,850 - INFO - ⏳ Download progress: 17.3%
2025-08-05 19:47:48,899 - INFO - ⏳ Download progress: 17.6%
2025-08-05 19:47:48,900 - INFO - ⏳ Download progress: 17.9%
2025-08-05 19:47:48,942 - INFO - ⏳ Download progress: 18.1%
2025-08-05 19:47:48,943 - INFO - ⏳ Download progress: 18.4%
2025-08-05 19:47:48,967 - INFO - ⏳ Download progress: 18.6%
2025-08-05 19:47:48,972 - INFO - ⏳ Download progress: 18.9%
2025-08-05 19:47:49,011 - INFO - ⏳ Download progress: 19.1%
2025-08-05 19:47:49,012 - INFO - ⏳ Download progress: 19.4%
2025-08-05 19:47:49,053 - INFO - ⏳ Download progress: 19.6%
2025-08-05 19:47:49,056 - INFO - ⏳ Download progress: 19.9%
2025-08-05 19:47:49,080 - INFO - ⏳ Download progress: 20.2%
2025-08-05 19:47:49,081 - INFO - ⏳ Download progress: 20.4%
2025-08-05 19:47:49,125 - INFO - ⏳ Download progress: 20.7%
2025-08-05 19:47:49,127 - INFO - ⏳ Download progress: 20.9%
2025-08-05 19:47:49,148 - INFO - ⏳ Download progress: 21.2%
2025-08-05 19:47:49,149 - INFO - ⏳ Download progress: 21.4%
2025-08-05 19:47:49,175 - INFO - ⏳ Download progress: 21.7%
2025-08-05 19:47:49,178 - INFO - ⏳ Download progress: 21.9%
2025-08-05 19:47:49,214 - INFO - ⏳ Download progress: 22.2%
2025-08-05 19:47:49,214 - INFO - ⏳ Download progress: 22.4%
2025-08-05 19:47:49,262 - INFO - ⏳ Download progress: 22.7%
2025-08-05 19:47:49,263 - INFO - ⏳ Download progress: 23.0%
2025-08-05 19:47:49,291 - INFO - ⏳ Download progress: 23.2%
2025-08-05 19:47:49,294 - INFO - ⏳ Download progress: 23.5%
2025-08-05 19:47:49,307 - INFO - ⏳ Download progress: 23.7%
2025-08-05 19:47:49,341 - INFO - ⏳ Download progress: 24.0%
2025-08-05 19:47:49,342 - INFO - ⏳ Download progress: 24.2%
2025-08-05 19:47:49,387 - INFO - ⏳ Download progress: 24.5%
2025-08-05 19:47:49,388 - INFO - ⏳ Download progress: 24.7%
2025-08-05 19:47:49,408 - INFO - ⏳ Download progress: 25.0%
2025-08-05 19:47:49,410 - INFO - ⏳ Download progress: 25.3%
2025-08-05 19:47:49,450 - INFO - ⏳ Download progress: 25.5%
2025-08-05 19:47:49,452 - INFO - ⏳ Download progress: 25.8%
2025-08-05 19:47:49,483 - INFO - ⏳ Download progress: 26.0%
2025-08-05 19:47:49,483 - INFO - ⏳ Download progress: 26.3%
2025-08-05 19:47:49,506 - INFO - ⏳ Download progress: 26.5%
2025-08-05 19:47:49,506 - INFO - ⏳ Download progress: 26.8%
2025-08-05 19:47:49,549 - INFO - ⏳ Download progress: 27.0%
2025-08-05 19:47:49,549 - INFO - ⏳ Download progress: 27.3%
2025-08-05 19:47:49,577 - INFO - ⏳ Download progress: 27.5%
2025-08-05 19:47:49,578 - INFO - ⏳ Download progress: 27.8%
2025-08-05 19:47:49,607 - INFO - ⏳ Download progress: 28.1%
2025-08-05 19:47:49,609 - INFO - ⏳ Download progress: 28.3%
2025-08-05 19:47:49,655 - INFO - ⏳ Download progress: 28.6%
2025-08-05 19:47:49,657 - INFO - ⏳ Download progress: 28.8%
2025-08-05 19:47:49,676 - INFO - ⏳ Download progress: 29.1%
2025-08-05 19:47:49,677 - INFO - ⏳ Download progress: 29.3%
2025-08-05 19:47:49,713 - INFO - ⏳ Download progress: 29.6%
2025-08-05 19:47:49,714 - INFO - ⏳ Download progress: 29.8%
2025-08-05 19:47:49,760 - INFO - ⏳ Download progress: 30.1%
2025-08-05 19:47:49,761 - INFO - ⏳ Download progress: 30.4%
2025-08-05 19:47:49,780 - INFO - ⏳ Download progress: 30.6%
2025-08-05 19:47:49,781 - INFO - ⏳ Download progress: 30.9%
2025-08-05 19:47:49,793 - INFO - ⏳ Download progress: 31.1%
2025-08-05 19:47:49,832 - INFO - ⏳ Download progress: 31.4%
2025-08-05 19:47:49,833 - INFO - ⏳ Download progress: 31.6%
2025-08-05 19:47:49,862 - INFO - ⏳ Download progress: 31.9%
2025-08-05 19:47:49,863 - INFO - ⏳ Download progress: 32.1%
2025-08-05 19:47:49,907 - INFO - ⏳ Download progress: 32.4%
2025-08-05 19:47:49,912 - INFO - ⏳ Download progress: 32.7%
2025-08-05 19:47:49,938 - INFO - ⏳ Download progress: 32.9%
2025-08-05 19:47:49,943 - INFO - ⏳ Download progress: 33.2%
2025-08-05 19:47:49,958 - INFO - ⏳ Download progress: 33.4%
2025-08-05 19:47:49,960 - INFO - ⏳ Download progress: 33.7%
2025-08-05 19:47:49,997 - INFO - ⏳ Download progress: 33.9%
2025-08-05 19:47:49,998 - INFO - ⏳ Download progress: 34.2%
2025-08-05 19:47:50,026 - INFO - ⏳ Download progress: 34.4%
2025-08-05 19:47:50,029 - INFO - ⏳ Download progress: 34.7%
2025-08-05 19:47:50,066 - INFO - ⏳ Download progress: 34.9%
2025-08-05 19:47:50,067 - INFO - ⏳ Download progress: 35.2%
2025-08-05 19:47:50,093 - INFO - ⏳ Download progress: 35.5%
2025-08-05 19:47:50,094 - INFO - ⏳ Download progress: 35.7%
2025-08-05 19:47:50,135 - INFO - ⏳ Download progress: 36.0%
2025-08-05 19:47:50,136 - INFO - ⏳ Download progress: 36.2%
2025-08-05 19:47:50,162 - INFO - ⏳ Download progress: 36.5%
2025-08-05 19:47:50,162 - INFO - ⏳ Download progress: 36.7%
2025-08-05 19:47:50,210 - INFO - ⏳ Download progress: 37.0%
2025-08-05 19:47:50,212 - INFO - ⏳ Download progress: 37.2%
2025-08-05 19:47:50,237 - INFO - ⏳ Download progress: 37.5%
2025-08-05 19:47:50,239 - INFO - ⏳ Download progress: 37.8%
2025-08-05 19:47:50,290 - INFO - ⏳ Download progress: 38.0%
2025-08-05 19:47:50,291 - INFO - ⏳ Download progress: 38.3%
2025-08-05 19:47:50,317 - INFO - ⏳ Download progress: 38.5%
2025-08-05 19:47:50,317 - INFO - ⏳ Download progress: 38.8%
2025-08-05 19:47:50,345 - INFO - ⏳ Download progress: 39.0%
2025-08-05 19:47:50,345 - INFO - ⏳ Download progress: 39.3%
2025-08-05 19:47:50,383 - INFO - ⏳ Download progress: 39.5%
2025-08-05 19:47:50,384 - INFO - ⏳ Download progress: 39.8%
2025-08-05 19:47:50,428 - INFO - ⏳ Download progress: 40.0%
2025-08-05 19:47:50,428 - INFO - ⏳ Download progress: 40.3%
2025-08-05 19:47:50,457 - INFO - ⏳ Download progress: 40.6%
2025-08-05 19:47:50,459 - INFO - ⏳ Download progress: 40.8%
2025-08-05 19:47:50,487 - INFO - ⏳ Download progress: 41.1%
2025-08-05 19:47:50,491 - INFO - ⏳ Download progress: 41.3%
2025-08-05 19:47:50,521 - INFO - ⏳ Download progress: 41.6%
2025-08-05 19:47:50,522 - INFO - ⏳ Download progress: 41.8%
2025-08-05 19:47:50,563 - INFO - ⏳ Download progress: 42.1%
2025-08-05 19:47:50,563 - INFO - ⏳ Download progress: 42.3%
2025-08-05 19:47:50,619 - INFO - ⏳ Download progress: 42.6%
2025-08-05 19:47:50,621 - INFO - ⏳ Download progress: 42.9%
2025-08-05 19:47:50,646 - INFO - ⏳ Download progress: 43.1%
2025-08-05 19:47:50,647 - INFO - ⏳ Download progress: 43.4%
2025-08-05 19:47:50,675 - INFO - ⏳ Download progress: 43.6%
2025-08-05 19:47:50,676 - INFO - ⏳ Download progress: 43.9%
2025-08-05 19:47:50,738 - INFO - ⏳ Download progress: 44.1%
2025-08-05 19:47:50,739 - INFO - ⏳ Download progress: 44.4%
2025-08-05 19:47:50,767 - INFO - ⏳ Download progress: 44.6%
2025-08-05 19:47:50,767 - INFO - ⏳ Download progress: 44.9%
2025-08-05 19:47:50,819 - INFO - ⏳ Download progress: 45.1%
2025-08-05 19:47:50,819 - INFO - ⏳ Download progress: 45.4%
2025-08-05 19:47:50,849 - INFO - ⏳ Download progress: 45.7%
2025-08-05 19:47:50,850 - INFO - ⏳ Download progress: 45.9%
2025-08-05 19:47:50,898 - INFO - ⏳ Download progress: 46.2%
2025-08-05 19:47:50,899 - INFO - ⏳ Download progress: 46.4%
2025-08-05 19:47:50,924 - INFO - ⏳ Download progress: 46.7%
2025-08-05 19:47:50,925 - INFO - ⏳ Download progress: 46.9%
2025-08-05 19:47:50,946 - INFO - ⏳ Download progress: 47.2%
2025-08-05 19:47:50,946 - INFO - ⏳ Download progress: 47.4%
2025-08-05 19:47:50,989 - INFO - ⏳ Download progress: 47.7%
2025-08-05 19:47:50,991 - INFO - ⏳ Download progress: 48.0%
2025-08-05 19:47:51,027 - INFO - ⏳ Download progress: 48.2%
2025-08-05 19:47:51,028 - INFO - ⏳ Download progress: 48.5%
2025-08-05 19:47:51,061 - INFO - ⏳ Download progress: 48.7%
2025-08-05 19:47:51,061 - INFO - ⏳ Download progress: 49.0%
2025-08-05 19:47:51,084 - INFO - ⏳ Download progress: 49.2%
2025-08-05 19:47:51,084 - INFO - ⏳ Download progress: 49.5%
2025-08-05 19:47:51,123 - INFO - ⏳ Download progress: 49.7%
2025-08-05 19:47:51,124 - INFO - ⏳ Download progress: 50.0%
2025-08-05 19:47:51,151 - INFO - ⏳ Download progress: 50.3%
2025-08-05 19:47:51,152 - INFO - ⏳ Download progress: 50.5%
2025-08-05 19:47:51,181 - INFO - ⏳ Download progress: 50.8%
2025-08-05 19:47:51,181 - INFO - ⏳ Download progress: 51.0%
2025-08-05 19:47:51,225 - INFO - ⏳ Download progress: 51.3%
2025-08-05 19:47:51,226 - INFO - ⏳ Download progress: 51.5%
2025-08-05 19:47:51,261 - INFO - ⏳ Download progress: 51.8%
2025-08-05 19:47:51,262 - INFO - ⏳ Download progress: 52.0%
2025-08-05 19:47:51,283 - INFO - ⏳ Download progress: 52.3%
2025-08-05 19:47:51,284 - INFO - ⏳ Download progress: 52.5%
2025-08-05 19:47:51,329 - INFO - ⏳ Download progress: 52.8%
2025-08-05 19:47:51,329 - INFO - ⏳ Download progress: 53.1%
2025-08-05 19:47:51,351 - INFO - ⏳ Download progress: 53.3%
2025-08-05 19:47:51,352 - INFO - ⏳ Download progress: 53.6%
2025-08-05 19:47:51,401 - INFO - ⏳ Download progress: 53.8%
2025-08-05 19:47:51,403 - INFO - ⏳ Download progress: 54.1%
2025-08-05 19:47:51,424 - INFO - ⏳ Download progress: 54.3%
2025-08-05 19:47:51,425 - INFO - ⏳ Download progress: 54.6%
2025-08-05 19:47:51,445 - INFO - ⏳ Download progress: 54.8%
2025-08-05 19:47:51,446 - INFO - ⏳ Download progress: 55.1%
2025-08-05 19:47:51,488 - INFO - ⏳ Download progress: 55.4%
2025-08-05 19:47:51,490 - INFO - ⏳ Download progress: 55.6%
2025-08-05 19:47:51,510 - INFO - ⏳ Download progress: 55.9%
2025-08-05 19:47:51,510 - INFO - ⏳ Download progress: 56.1%
2025-08-05 19:47:51,556 - INFO - ⏳ Download progress: 56.4%
2025-08-05 19:47:51,559 - INFO - ⏳ Download progress: 56.6%
2025-08-05 19:47:51,579 - INFO - ⏳ Download progress: 56.9%
2025-08-05 19:47:51,579 - INFO - ⏳ Download progress: 57.1%
2025-08-05 19:47:51,610 - INFO - ⏳ Download progress: 57.4%
2025-08-05 19:47:51,610 - INFO - ⏳ Download progress: 57.6%
2025-08-05 19:47:51,655 - INFO - ⏳ Download progress: 57.9%
2025-08-05 19:47:51,657 - INFO - ⏳ Download progress: 58.2%
2025-08-05 19:47:51,681 - INFO - ⏳ Download progress: 58.4%
2025-08-05 19:47:51,682 - INFO - ⏳ Download progress: 58.7%
2025-08-05 19:47:51,738 - INFO - ⏳ Download progress: 58.9%
2025-08-05 19:47:51,739 - INFO - ⏳ Download progress: 59.2%
2025-08-05 19:47:51,759 - INFO - ⏳ Download progress: 59.4%
2025-08-05 19:47:51,759 - INFO - ⏳ Download progress: 59.7%
2025-08-05 19:47:51,796 - INFO - ⏳ Download progress: 59.9%
2025-08-05 19:47:51,796 - INFO - ⏳ Download progress: 60.2%
2025-08-05 19:47:51,824 - INFO - ⏳ Download progress: 60.5%
2025-08-05 19:47:51,825 - INFO - ⏳ Download progress: 60.7%
2025-08-05 19:47:51,875 - INFO - ⏳ Download progress: 61.0%
2025-08-05 19:47:51,876 - INFO - ⏳ Download progress: 61.2%
2025-08-05 19:47:51,906 - INFO - ⏳ Download progress: 61.5%
2025-08-05 19:47:51,907 - INFO - ⏳ Download progress: 61.7%
2025-08-05 19:47:51,947 - INFO - ⏳ Download progress: 62.0%
2025-08-05 19:47:51,947 - INFO - ⏳ Download progress: 62.2%
2025-08-05 19:47:51,983 - INFO - ⏳ Download progress: 62.5%
2025-08-05 19:47:51,983 - INFO - ⏳ Download progress: 62.8%
2025-08-05 19:47:52,007 - INFO - ⏳ Download progress: 63.0%
2025-08-05 19:47:52,008 - INFO - ⏳ Download progress: 63.3%
2025-08-05 19:47:52,059 - INFO - ⏳ Download progress: 63.5%
2025-08-05 19:47:52,059 - INFO - ⏳ Download progress: 63.8%
2025-08-05 19:47:52,091 - INFO - ⏳ Download progress: 64.0%
2025-08-05 19:47:52,091 - INFO - ⏳ Download progress: 64.3%
2025-08-05 19:47:52,114 - INFO - ⏳ Download progress: 64.5%
2025-08-05 19:47:52,115 - INFO - ⏳ Download progress: 64.8%
2025-08-05 19:47:52,161 - INFO - ⏳ Download progress: 65.0%
2025-08-05 19:47:52,161 - INFO - ⏳ Download progress: 65.3%
2025-08-05 19:47:52,185 - INFO - ⏳ Download progress: 65.6%
2025-08-05 19:47:52,186 - INFO - ⏳ Download progress: 65.8%
2025-08-05 19:47:52,231 - INFO - ⏳ Download progress: 66.1%
2025-08-05 19:47:52,232 - INFO - ⏳ Download progress: 66.3%
2025-08-05 19:47:52,266 - INFO - ⏳ Download progress: 66.6%
2025-08-05 19:47:52,267 - INFO - ⏳ Download progress: 66.8%
2025-08-05 19:47:52,317 - INFO - ⏳ Download progress: 67.1%
2025-08-05 19:47:52,318 - INFO - ⏳ Download progress: 67.3%
2025-08-05 19:47:52,345 - INFO - ⏳ Download progress: 67.6%
2025-08-05 19:47:52,347 - INFO - ⏳ Download progress: 67.9%
2025-08-05 19:47:52,386 - INFO - ⏳ Download progress: 68.1%
2025-08-05 19:47:52,387 - INFO - ⏳ Download progress: 68.4%
2025-08-05 19:47:52,413 - INFO - ⏳ Download progress: 68.6%
2025-08-05 19:47:52,414 - INFO - ⏳ Download progress: 68.9%
2025-08-05 19:47:52,442 - INFO - ⏳ Download progress: 69.1%
2025-08-05 19:47:52,443 - INFO - ⏳ Download progress: 69.4%
2025-08-05 19:47:52,482 - INFO - ⏳ Download progress: 69.6%
2025-08-05 19:47:52,482 - INFO - ⏳ Download progress: 69.9%
2025-08-05 19:47:52,514 - INFO - ⏳ Download progress: 70.1%
2025-08-05 19:47:52,515 - INFO - ⏳ Download progress: 70.4%
2025-08-05 19:47:52,537 - INFO - ⏳ Download progress: 70.7%
2025-08-05 19:47:52,539 - INFO - ⏳ Download progress: 70.9%
2025-08-05 19:47:52,577 - INFO - ⏳ Download progress: 71.2%
2025-08-05 19:47:52,578 - INFO - ⏳ Download progress: 71.4%
2025-08-05 19:47:52,619 - INFO - ⏳ Download progress: 71.7%
2025-08-05 19:47:52,620 - INFO - ⏳ Download progress: 71.9%
2025-08-05 19:47:52,646 - INFO - ⏳ Download progress: 72.2%
2025-08-05 19:47:52,647 - INFO - ⏳ Download progress: 72.4%
2025-08-05 19:47:52,675 - INFO - ⏳ Download progress: 72.7%
2025-08-05 19:47:52,677 - INFO - ⏳ Download progress: 73.0%
2025-08-05 19:47:52,710 - INFO - ⏳ Download progress: 73.2%
2025-08-05 19:47:52,711 - INFO - ⏳ Download progress: 73.5%
2025-08-05 19:47:52,732 - INFO - ⏳ Download progress: 73.7%
2025-08-05 19:47:52,733 - INFO - ⏳ Download progress: 74.0%
2025-08-05 19:47:52,755 - INFO - ⏳ Download progress: 74.2%
2025-08-05 19:47:52,757 - INFO - ⏳ Download progress: 74.5%
2025-08-05 19:47:52,798 - INFO - ⏳ Download progress: 74.7%
2025-08-05 19:47:52,799 - INFO - ⏳ Download progress: 75.0%
2025-08-05 19:47:52,827 - INFO - ⏳ Download progress: 75.2%
2025-08-05 19:47:52,828 - INFO - ⏳ Download progress: 75.5%
2025-08-05 19:47:52,873 - INFO - ⏳ Download progress: 75.8%
2025-08-05 19:47:52,874 - INFO - ⏳ Download progress: 76.0%
2025-08-05 19:47:52,899 - INFO - ⏳ Download progress: 76.3%
2025-08-05 19:47:52,900 - INFO - ⏳ Download progress: 76.5%
2025-08-05 19:47:52,928 - INFO - ⏳ Download progress: 76.8%
2025-08-05 19:47:52,928 - INFO - ⏳ Download progress: 77.0%
2025-08-05 19:47:52,967 - INFO - ⏳ Download progress: 77.3%
2025-08-05 19:47:52,967 - INFO - ⏳ Download progress: 77.5%
2025-08-05 19:47:53,012 - INFO - ⏳ Download progress: 77.8%
2025-08-05 19:47:53,013 - INFO - ⏳ Download progress: 78.1%
2025-08-05 19:47:53,034 - INFO - ⏳ Download progress: 78.3%
2025-08-05 19:47:53,034 - INFO - ⏳ Download progress: 78.6%
2025-08-05 19:47:53,061 - INFO - ⏳ Download progress: 78.8%
2025-08-05 19:47:53,061 - INFO - ⏳ Download progress: 79.1%
2025-08-05 19:47:53,103 - INFO - ⏳ Download progress: 79.3%
2025-08-05 19:47:53,104 - INFO - ⏳ Download progress: 79.6%
2025-08-05 19:47:53,126 - INFO - ⏳ Download progress: 79.8%
2025-08-05 19:47:53,126 - INFO - ⏳ Download progress: 80.1%
2025-08-05 19:47:53,170 - INFO - ⏳ Download progress: 80.4%
2025-08-05 19:47:53,172 - INFO - ⏳ Download progress: 80.6%
2025-08-05 19:47:53,195 - INFO - ⏳ Download progress: 80.9%
2025-08-05 19:47:53,196 - INFO - ⏳ Download progress: 81.1%
2025-08-05 19:47:53,231 - INFO - ⏳ Download progress: 81.4%
2025-08-05 19:47:53,231 - INFO - ⏳ Download progress: 81.6%
2025-08-05 19:47:53,271 - INFO - ⏳ Download progress: 81.9%
2025-08-05 19:47:53,272 - INFO - ⏳ Download progress: 82.1%
2025-08-05 19:47:53,293 - INFO - ⏳ Download progress: 82.4%
2025-08-05 19:47:53,294 - INFO - ⏳ Download progress: 82.6%
2025-08-05 19:47:53,336 - INFO - ⏳ Download progress: 82.9%
2025-08-05 19:47:53,336 - INFO - ⏳ Download progress: 83.2%
2025-08-05 19:47:53,358 - INFO - ⏳ Download progress: 83.4%
2025-08-05 19:47:53,359 - INFO - ⏳ Download progress: 83.7%
2025-08-05 19:47:53,399 - INFO - ⏳ Download progress: 83.9%
2025-08-05 19:47:53,400 - INFO - ⏳ Download progress: 84.2%
2025-08-05 19:47:53,434 - INFO - ⏳ Download progress: 84.4%
2025-08-05 19:47:53,435 - INFO - ⏳ Download progress: 84.7%
2025-08-05 19:47:53,456 - INFO - ⏳ Download progress: 84.9%
2025-08-05 19:47:53,457 - INFO - ⏳ Download progress: 85.2%
2025-08-05 19:47:53,494 - INFO - ⏳ Download progress: 85.5%
2025-08-05 19:47:53,495 - INFO - ⏳ Download progress: 85.7%
2025-08-05 19:47:53,530 - INFO - ⏳ Download progress: 86.0%
2025-08-05 19:47:53,530 - INFO - ⏳ Download progress: 86.2%
2025-08-05 19:47:53,572 - INFO - ⏳ Download progress: 86.5%
2025-08-05 19:47:53,574 - INFO - ⏳ Download progress: 86.7%
2025-08-05 19:47:53,602 - INFO - ⏳ Download progress: 87.0%
2025-08-05 19:47:53,603 - INFO - ⏳ Download progress: 87.2%
2025-08-05 19:47:53,632 - INFO - ⏳ Download progress: 87.5%
2025-08-05 19:47:53,632 - INFO - ⏳ Download progress: 87.7%
2025-08-05 19:47:53,676 - INFO - ⏳ Download progress: 88.0%
2025-08-05 19:47:53,677 - INFO - ⏳ Download progress: 88.3%
2025-08-05 19:47:53,704 - INFO - ⏳ Download progress: 88.5%
2025-08-05 19:47:53,705 - INFO - ⏳ Download progress: 88.8%
2025-08-05 19:47:53,740 - INFO - ⏳ Download progress: 89.0%
2025-08-05 19:47:53,742 - INFO - ⏳ Download progress: 89.3%
2025-08-05 19:47:53,767 - INFO - ⏳ Download progress: 89.5%
2025-08-05 19:47:53,767 - INFO - ⏳ Download progress: 89.8%
2025-08-05 19:47:53,810 - INFO - ⏳ Download progress: 90.0%
2025-08-05 19:47:53,811 - INFO - ⏳ Download progress: 90.3%
2025-08-05 19:47:53,831 - INFO - ⏳ Download progress: 90.6%
2025-08-05 19:47:53,832 - INFO - ⏳ Download progress: 90.8%
2025-08-05 19:47:53,865 - INFO - ⏳ Download progress: 91.1%
2025-08-05 19:47:53,866 - INFO - ⏳ Download progress: 91.3%
2025-08-05 19:47:53,897 - INFO - ⏳ Download progress: 91.6%
2025-08-05 19:47:53,898 - INFO - ⏳ Download progress: 91.8%
2025-08-05 19:47:53,936 - INFO - ⏳ Download progress: 92.1%
2025-08-05 19:47:53,936 - INFO - ⏳ Download progress: 92.3%
2025-08-05 19:47:53,980 - INFO - ⏳ Download progress: 92.6%
2025-08-05 19:47:53,981 - INFO - ⏳ Download progress: 92.8%
2025-08-05 19:47:54,010 - INFO - ⏳ Download progress: 93.1%
2025-08-05 19:47:54,010 - INFO - ⏳ Download progress: 93.4%
2025-08-05 19:47:54,058 - INFO - ⏳ Download progress: 93.6%
2025-08-05 19:47:54,059 - INFO - ⏳ Download progress: 93.9%
2025-08-05 19:47:54,083 - INFO - ⏳ Download progress: 94.1%
2025-08-05 19:47:54,084 - INFO - ⏳ Download progress: 94.4%
2025-08-05 19:47:54,134 - INFO - ⏳ Download progress: 94.6%
2025-08-05 19:47:54,134 - INFO - ⏳ Download progress: 94.9%
2025-08-05 19:47:54,157 - INFO - ⏳ Download progress: 95.1%
2025-08-05 19:47:54,158 - INFO - ⏳ Download progress: 95.4%
2025-08-05 19:47:54,185 - INFO - ⏳ Download progress: 95.7%
2025-08-05 19:47:54,186 - INFO - ⏳ Download progress: 95.9%
2025-08-05 19:47:54,231 - INFO - ⏳ Download progress: 96.2%
2025-08-05 19:47:54,231 - INFO - ⏳ Download progress: 96.4%
2025-08-05 19:47:54,269 - INFO - ⏳ Download progress: 96.7%
2025-08-05 19:47:54,270 - INFO - ⏳ Download progress: 96.9%
2025-08-05 19:47:54,296 - INFO - ⏳ Download progress: 97.2%
2025-08-05 19:47:54,297 - INFO - ⏳ Download progress: 97.4%
2025-08-05 19:47:54,333 - INFO - ⏳ Download progress: 97.7%
2025-08-05 19:47:54,333 - INFO - ⏳ Download progress: 98.0%
2025-08-05 19:47:54,360 - INFO - ⏳ Download progress: 98.2%
2025-08-05 19:47:54,360 - INFO - ⏳ Download progress: 98.5%
2025-08-05 19:47:54,383 - INFO - ⏳ Download progress: 98.7%
2025-08-05 19:47:54,384 - INFO - ⏳ Download progress: 99.0%
2025-08-05 19:47:54,419 - INFO - ⏳ Download progress: 99.2%
2025-08-05 19:47:54,420 - INFO - ⏳ Download progress: 99.5%
2025-08-05 19:47:54,440 - INFO - ⏳ Download progress: 99.7%
2025-08-05 19:47:54,441 - INFO - ⏳ Download progress: 100.0%
2025-08-05 19:47:54,442 - INFO - ⏳ Download progress: 100.0%
2025-08-05 19:47:54,442 - INFO - ✅ Video downloaded successfully!
2025-08-05 19:47:54,446 - INFO - 🎉 Success! Video ID: 6892438cc62d9038071d7080
2025-08-05 19:47:54,446 - INFO - ⏳ Waiting for video to render and download...
