2025-08-05 19:51:10,201 - INFO - 🚀 Starting Elai slide conversion test...
2025-08-05 19:51:10,201 - INFO - 📝 Converting slide to Elai format...
2025-08-05 19:51:10,202 - INFO - 💾 Saved Elai slide structure to elai_slide_structure.json
2025-08-05 19:51:10,203 - INFO - 📤 Creating video...
2025-08-05 19:51:10,841 - INFO - ✅ Video created with ID: 6892448d687b9301945020aa
2025-08-05 19:51:10,842 - INFO - 🎬 Starting video render...
2025-08-05 19:51:11,276 - INFO - ✅ Render started successfully
2025-08-05 19:51:11,700 - INFO - 📊 Video status: validating
2025-08-05 19:51:11,701 - INFO - ⏳ Still processing... Status: validating
2025-08-05 19:51:22,316 - INFO - 📊 Video status: rendering
2025-08-05 19:51:22,398 - INFO - ⏳ Still processing... Status: rendering
2025-08-05 19:51:32,882 - INFO - 📊 Video status: rendering
2025-08-05 19:51:32,882 - INFO - ⏳ Still processing... Status: rendering
2025-08-05 19:51:43,289 - INFO - 📊 Video status: rendering
2025-08-05 19:51:43,290 - INFO - ⏳ Still processing... Status: rendering
2025-08-05 19:51:53,822 - INFO - 📊 Video status: rendering
2025-08-05 19:51:53,822 - INFO - ⏳ Still processing... Status: rendering
2025-08-05 19:52:04,457 - INFO - 📊 Video status: rendering
2025-08-05 19:52:04,457 - INFO - ⏳ Still processing... Status: rendering
2025-08-05 19:52:14,996 - INFO - 📊 Video status: ready
2025-08-05 19:52:14,997 - INFO - ✅ Video rendering completed with status: ready!
2025-08-05 19:52:14,999 - INFO - 📥 Downloading video to: elai_video_20250805_195214.mp4
2025-08-05 19:52:15,947 - INFO - ⏳ Download progress: 0.3%
2025-08-05 19:52:15,955 - INFO - ⏳ Download progress: 0.5%
2025-08-05 19:52:16,081 - INFO - ⏳ Download progress: 0.8%
2025-08-05 19:52:16,082 - INFO - ⏳ Download progress: 1.0%
2025-08-05 19:52:16,115 - INFO - ⏳ Download progress: 1.3%
2025-08-05 19:52:16,116 - INFO - ⏳ Download progress: 1.5%
2025-08-05 19:52:16,127 - INFO - ⏳ Download progress: 1.8%
2025-08-05 19:52:16,194 - INFO - ⏳ Download progress: 2.0%
2025-08-05 19:52:16,194 - INFO - ⏳ Download progress: 2.3%
2025-08-05 19:52:16,223 - INFO - ⏳ Download progress: 2.6%
2025-08-05 19:52:16,225 - INFO - ⏳ Download progress: 2.8%
2025-08-05 19:52:16,264 - INFO - ⏳ Download progress: 3.1%
2025-08-05 19:52:16,264 - INFO - ⏳ Download progress: 3.3%
2025-08-05 19:52:16,291 - INFO - ⏳ Download progress: 3.6%
2025-08-05 19:52:16,292 - INFO - ⏳ Download progress: 3.8%
2025-08-05 19:52:16,320 - INFO - ⏳ Download progress: 4.1%
2025-08-05 19:52:16,320 - INFO - ⏳ Download progress: 4.3%
2025-08-05 19:52:16,379 - INFO - ⏳ Download progress: 4.6%
2025-08-05 19:52:16,379 - INFO - ⏳ Download progress: 4.8%
2025-08-05 19:52:16,398 - INFO - ⏳ Download progress: 5.1%
2025-08-05 19:52:16,443 - INFO - ⏳ Download progress: 5.4%
2025-08-05 19:52:16,443 - INFO - ⏳ Download progress: 5.6%
2025-08-05 19:52:16,459 - INFO - ⏳ Download progress: 5.9%
2025-08-05 19:52:16,482 - INFO - ⏳ Download progress: 6.1%
2025-08-05 19:52:16,520 - INFO - ⏳ Download progress: 6.4%
2025-08-05 19:52:16,522 - INFO - ⏳ Download progress: 6.6%
2025-08-05 19:52:16,553 - INFO - ⏳ Download progress: 6.9%
2025-08-05 19:52:16,555 - INFO - ⏳ Download progress: 7.1%
2025-08-05 19:52:16,579 - INFO - ⏳ Download progress: 7.4%
2025-08-05 19:52:16,579 - INFO - ⏳ Download progress: 7.7%
2025-08-05 19:52:16,595 - INFO - ⏳ Download progress: 7.9%
2025-08-05 19:52:16,601 - INFO - ⏳ Download progress: 8.2%
2025-08-05 19:52:16,641 - INFO - ⏳ Download progress: 8.4%
2025-08-05 19:52:16,643 - INFO - ⏳ Download progress: 8.7%
2025-08-05 19:52:16,668 - INFO - ⏳ Download progress: 8.9%
2025-08-05 19:52:16,668 - INFO - ⏳ Download progress: 9.2%
2025-08-05 19:52:16,729 - INFO - ⏳ Download progress: 9.4%
2025-08-05 19:52:16,730 - INFO - ⏳ Download progress: 9.7%
2025-08-05 19:52:16,760 - INFO - ⏳ Download progress: 9.9%
2025-08-05 19:52:16,760 - INFO - ⏳ Download progress: 10.2%
2025-08-05 19:52:16,809 - INFO - ⏳ Download progress: 10.5%
2025-08-05 19:52:16,810 - INFO - ⏳ Download progress: 10.7%
2025-08-05 19:52:16,826 - INFO - ⏳ Download progress: 11.0%
2025-08-05 19:52:16,859 - INFO - ⏳ Download progress: 11.2%
2025-08-05 19:52:16,860 - INFO - ⏳ Download progress: 11.5%
2025-08-05 19:52:16,903 - INFO - ⏳ Download progress: 11.7%
2025-08-05 19:52:16,903 - INFO - ⏳ Download progress: 12.0%
2025-08-05 19:52:16,909 - INFO - ⏳ Download progress: 12.2%
2025-08-05 19:52:16,936 - INFO - ⏳ Download progress: 12.5%
2025-08-05 19:52:16,937 - INFO - ⏳ Download progress: 12.8%
2025-08-05 19:52:16,942 - INFO - ⏳ Download progress: 13.0%
2025-08-05 19:52:16,980 - INFO - ⏳ Download progress: 13.3%
2025-08-05 19:52:16,981 - INFO - ⏳ Download progress: 13.5%
2025-08-05 19:52:17,029 - INFO - ⏳ Download progress: 13.8%
2025-08-05 19:52:17,029 - INFO - ⏳ Download progress: 14.0%
2025-08-05 19:52:17,069 - INFO - ⏳ Download progress: 14.3%
2025-08-05 19:52:17,070 - INFO - ⏳ Download progress: 14.5%
2025-08-05 19:52:17,104 - INFO - ⏳ Download progress: 14.8%
2025-08-05 19:52:17,133 - INFO - ⏳ Download progress: 15.1%
2025-08-05 19:52:17,133 - INFO - ⏳ Download progress: 15.3%
2025-08-05 19:52:17,175 - INFO - ⏳ Download progress: 15.6%
2025-08-05 19:52:17,177 - INFO - ⏳ Download progress: 15.8%
2025-08-05 19:52:17,206 - INFO - ⏳ Download progress: 16.1%
2025-08-05 19:52:17,207 - INFO - ⏳ Download progress: 16.3%
2025-08-05 19:52:17,222 - INFO - ⏳ Download progress: 16.6%
2025-08-05 19:52:17,224 - INFO - ⏳ Download progress: 16.8%
2025-08-05 19:52:17,272 - INFO - ⏳ Download progress: 17.1%
2025-08-05 19:52:17,275 - INFO - ⏳ Download progress: 17.3%
2025-08-05 19:52:17,296 - INFO - ⏳ Download progress: 17.6%
2025-08-05 19:52:17,297 - INFO - ⏳ Download progress: 17.9%
2025-08-05 19:52:17,347 - INFO - ⏳ Download progress: 18.1%
2025-08-05 19:52:17,347 - INFO - ⏳ Download progress: 18.4%
2025-08-05 19:52:17,370 - INFO - ⏳ Download progress: 18.6%
2025-08-05 19:52:17,371 - INFO - ⏳ Download progress: 18.9%
2025-08-05 19:52:17,404 - INFO - ⏳ Download progress: 19.1%
2025-08-05 19:52:17,407 - INFO - ⏳ Download progress: 19.4%
2025-08-05 19:52:17,449 - INFO - ⏳ Download progress: 19.6%
2025-08-05 19:52:17,450 - INFO - ⏳ Download progress: 19.9%
2025-08-05 19:52:17,481 - INFO - ⏳ Download progress: 20.2%
2025-08-05 19:52:17,481 - INFO - ⏳ Download progress: 20.4%
2025-08-05 19:52:17,484 - INFO - ⏳ Download progress: 20.7%
2025-08-05 19:52:17,530 - INFO - ⏳ Download progress: 20.9%
2025-08-05 19:52:17,530 - INFO - ⏳ Download progress: 21.2%
2025-08-05 19:52:17,552 - INFO - ⏳ Download progress: 21.4%
2025-08-05 19:52:17,553 - INFO - ⏳ Download progress: 21.7%
2025-08-05 19:52:17,591 - INFO - ⏳ Download progress: 21.9%
2025-08-05 19:52:17,605 - INFO - ⏳ Download progress: 22.2%
2025-08-05 19:52:17,642 - INFO - ⏳ Download progress: 22.4%
2025-08-05 19:52:17,643 - INFO - ⏳ Download progress: 22.7%
2025-08-05 19:52:17,672 - INFO - ⏳ Download progress: 23.0%
2025-08-05 19:52:17,673 - INFO - ⏳ Download progress: 23.2%
2025-08-05 19:52:17,683 - INFO - ⏳ Download progress: 23.5%
2025-08-05 19:52:17,732 - INFO - ⏳ Download progress: 23.7%
2025-08-05 19:52:17,733 - INFO - ⏳ Download progress: 24.0%
2025-08-05 19:52:17,754 - INFO - ⏳ Download progress: 24.2%
2025-08-05 19:52:17,755 - INFO - ⏳ Download progress: 24.5%
2025-08-05 19:52:17,780 - INFO - ⏳ Download progress: 24.7%
2025-08-05 19:52:17,780 - INFO - ⏳ Download progress: 25.0%
2025-08-05 19:52:17,818 - INFO - ⏳ Download progress: 25.3%
2025-08-05 19:52:17,818 - INFO - ⏳ Download progress: 25.5%
2025-08-05 19:52:17,862 - INFO - ⏳ Download progress: 25.8%
2025-08-05 19:52:17,863 - INFO - ⏳ Download progress: 26.0%
2025-08-05 19:52:17,884 - INFO - ⏳ Download progress: 26.3%
2025-08-05 19:52:17,885 - INFO - ⏳ Download progress: 26.5%
2025-08-05 19:52:17,910 - INFO - ⏳ Download progress: 26.8%
2025-08-05 19:52:17,911 - INFO - ⏳ Download progress: 27.0%
2025-08-05 19:52:17,960 - INFO - ⏳ Download progress: 27.3%
2025-08-05 19:52:17,961 - INFO - ⏳ Download progress: 27.5%
2025-08-05 19:52:17,981 - INFO - ⏳ Download progress: 27.8%
2025-08-05 19:52:17,982 - INFO - ⏳ Download progress: 28.1%
2025-08-05 19:52:18,005 - INFO - ⏳ Download progress: 28.3%
2025-08-05 19:52:18,008 - INFO - ⏳ Download progress: 28.6%
2025-08-05 19:52:18,046 - INFO - ⏳ Download progress: 28.8%
2025-08-05 19:52:18,047 - INFO - ⏳ Download progress: 29.1%
2025-08-05 19:52:18,068 - INFO - ⏳ Download progress: 29.3%
2025-08-05 19:52:18,069 - INFO - ⏳ Download progress: 29.6%
2025-08-05 19:52:18,124 - INFO - ⏳ Download progress: 29.8%
2025-08-05 19:52:18,125 - INFO - ⏳ Download progress: 30.1%
2025-08-05 19:52:18,164 - INFO - ⏳ Download progress: 30.4%
2025-08-05 19:52:18,165 - INFO - ⏳ Download progress: 30.6%
2025-08-05 19:52:18,192 - INFO - ⏳ Download progress: 30.9%
2025-08-05 19:52:18,194 - INFO - ⏳ Download progress: 31.1%
2025-08-05 19:52:18,217 - INFO - ⏳ Download progress: 31.4%
2025-08-05 19:52:18,217 - INFO - ⏳ Download progress: 31.6%
2025-08-05 19:52:18,257 - INFO - ⏳ Download progress: 31.9%
2025-08-05 19:52:18,258 - INFO - ⏳ Download progress: 32.1%
2025-08-05 19:52:18,288 - INFO - ⏳ Download progress: 32.4%
2025-08-05 19:52:18,290 - INFO - ⏳ Download progress: 32.7%
2025-08-05 19:52:18,322 - INFO - ⏳ Download progress: 32.9%
2025-08-05 19:52:18,323 - INFO - ⏳ Download progress: 33.2%
2025-08-05 19:52:18,353 - INFO - ⏳ Download progress: 33.4%
2025-08-05 19:52:18,355 - INFO - ⏳ Download progress: 33.7%
2025-08-05 19:52:18,394 - INFO - ⏳ Download progress: 33.9%
2025-08-05 19:52:18,394 - INFO - ⏳ Download progress: 34.2%
2025-08-05 19:52:18,423 - INFO - ⏳ Download progress: 34.4%
2025-08-05 19:52:18,425 - INFO - ⏳ Download progress: 34.7%
2025-08-05 19:52:18,476 - INFO - ⏳ Download progress: 34.9%
2025-08-05 19:52:18,477 - INFO - ⏳ Download progress: 35.2%
2025-08-05 19:52:18,500 - INFO - ⏳ Download progress: 35.5%
2025-08-05 19:52:18,501 - INFO - ⏳ Download progress: 35.7%
2025-08-05 19:52:18,525 - INFO - ⏳ Download progress: 36.0%
2025-08-05 19:52:18,526 - INFO - ⏳ Download progress: 36.2%
2025-08-05 19:52:18,571 - INFO - ⏳ Download progress: 36.5%
2025-08-05 19:52:18,574 - INFO - ⏳ Download progress: 36.7%
2025-08-05 19:52:18,615 - INFO - ⏳ Download progress: 37.0%
2025-08-05 19:52:18,616 - INFO - ⏳ Download progress: 37.2%
2025-08-05 19:52:18,668 - INFO - ⏳ Download progress: 37.5%
2025-08-05 19:52:18,668 - INFO - ⏳ Download progress: 37.8%
2025-08-05 19:52:18,690 - INFO - ⏳ Download progress: 38.0%
2025-08-05 19:52:18,692 - INFO - ⏳ Download progress: 38.3%
2025-08-05 19:52:18,729 - INFO - ⏳ Download progress: 38.5%
2025-08-05 19:52:18,730 - INFO - ⏳ Download progress: 38.8%
2025-08-05 19:52:18,762 - INFO - ⏳ Download progress: 39.0%
2025-08-05 19:52:18,763 - INFO - ⏳ Download progress: 39.3%
2025-08-05 19:52:18,788 - INFO - ⏳ Download progress: 39.5%
2025-08-05 19:52:18,790 - INFO - ⏳ Download progress: 39.8%
2025-08-05 19:52:18,832 - INFO - ⏳ Download progress: 40.0%
2025-08-05 19:52:18,832 - INFO - ⏳ Download progress: 40.3%
2025-08-05 19:52:18,854 - INFO - ⏳ Download progress: 40.6%
2025-08-05 19:52:18,855 - INFO - ⏳ Download progress: 40.8%
2025-08-05 19:52:18,898 - INFO - ⏳ Download progress: 41.1%
2025-08-05 19:52:18,899 - INFO - ⏳ Download progress: 41.3%
2025-08-05 19:52:18,934 - INFO - ⏳ Download progress: 41.6%
2025-08-05 19:52:18,934 - INFO - ⏳ Download progress: 41.8%
2025-08-05 19:52:18,978 - INFO - ⏳ Download progress: 42.1%
2025-08-05 19:52:18,978 - INFO - ⏳ Download progress: 42.3%
2025-08-05 19:52:18,999 - INFO - ⏳ Download progress: 42.6%
2025-08-05 19:52:19,000 - INFO - ⏳ Download progress: 42.9%
2025-08-05 19:52:19,024 - INFO - ⏳ Download progress: 43.1%
2025-08-05 19:52:19,025 - INFO - ⏳ Download progress: 43.4%
2025-08-05 19:52:19,072 - INFO - ⏳ Download progress: 43.6%
2025-08-05 19:52:19,074 - INFO - ⏳ Download progress: 43.9%
2025-08-05 19:52:19,116 - INFO - ⏳ Download progress: 44.1%
2025-08-05 19:52:19,116 - INFO - ⏳ Download progress: 44.4%
2025-08-05 19:52:19,141 - INFO - ⏳ Download progress: 44.6%
2025-08-05 19:52:19,142 - INFO - ⏳ Download progress: 44.9%
2025-08-05 19:52:19,173 - INFO - ⏳ Download progress: 45.2%
2025-08-05 19:52:19,174 - INFO - ⏳ Download progress: 45.4%
2025-08-05 19:52:19,212 - INFO - ⏳ Download progress: 45.7%
2025-08-05 19:52:19,212 - INFO - ⏳ Download progress: 45.9%
2025-08-05 19:52:19,242 - INFO - ⏳ Download progress: 46.2%
2025-08-05 19:52:19,242 - INFO - ⏳ Download progress: 46.4%
2025-08-05 19:52:19,284 - INFO - ⏳ Download progress: 46.7%
2025-08-05 19:52:19,284 - INFO - ⏳ Download progress: 46.9%
2025-08-05 19:52:19,311 - INFO - ⏳ Download progress: 47.2%
2025-08-05 19:52:19,312 - INFO - ⏳ Download progress: 47.4%
2025-08-05 19:52:19,349 - INFO - ⏳ Download progress: 47.7%
2025-08-05 19:52:19,350 - INFO - ⏳ Download progress: 48.0%
2025-08-05 19:52:19,382 - INFO - ⏳ Download progress: 48.2%
2025-08-05 19:52:19,382 - INFO - ⏳ Download progress: 48.5%
2025-08-05 19:52:19,425 - INFO - ⏳ Download progress: 48.7%
2025-08-05 19:52:19,425 - INFO - ⏳ Download progress: 49.0%
2025-08-05 19:52:19,452 - INFO - ⏳ Download progress: 49.2%
2025-08-05 19:52:19,453 - INFO - ⏳ Download progress: 49.5%
2025-08-05 19:52:19,482 - INFO - ⏳ Download progress: 49.7%
2025-08-05 19:52:19,483 - INFO - ⏳ Download progress: 50.0%
2025-08-05 19:52:19,520 - INFO - ⏳ Download progress: 50.3%
2025-08-05 19:52:19,521 - INFO - ⏳ Download progress: 50.5%
2025-08-05 19:52:19,560 - INFO - ⏳ Download progress: 50.8%
2025-08-05 19:52:19,561 - INFO - ⏳ Download progress: 51.0%
2025-08-05 19:52:19,583 - INFO - ⏳ Download progress: 51.3%
2025-08-05 19:52:19,584 - INFO - ⏳ Download progress: 51.5%
2025-08-05 19:52:19,626 - INFO - ⏳ Download progress: 51.8%
2025-08-05 19:52:19,627 - INFO - ⏳ Download progress: 52.0%
2025-08-05 19:52:19,661 - INFO - ⏳ Download progress: 52.3%
2025-08-05 19:52:19,662 - INFO - ⏳ Download progress: 52.5%
2025-08-05 19:52:19,684 - INFO - ⏳ Download progress: 52.8%
2025-08-05 19:52:19,685 - INFO - ⏳ Download progress: 53.1%
2025-08-05 19:52:19,742 - INFO - ⏳ Download progress: 53.3%
2025-08-05 19:52:19,743 - INFO - ⏳ Download progress: 53.6%
2025-08-05 19:52:19,764 - INFO - ⏳ Download progress: 53.8%
2025-08-05 19:52:19,765 - INFO - ⏳ Download progress: 54.1%
2025-08-05 19:52:19,809 - INFO - ⏳ Download progress: 54.3%
2025-08-05 19:52:19,810 - INFO - ⏳ Download progress: 54.6%
2025-08-05 19:52:19,834 - INFO - ⏳ Download progress: 54.8%
2025-08-05 19:52:19,835 - INFO - ⏳ Download progress: 55.1%
2025-08-05 19:52:19,887 - INFO - ⏳ Download progress: 55.4%
2025-08-05 19:52:19,888 - INFO - ⏳ Download progress: 55.6%
2025-08-05 19:52:19,909 - INFO - ⏳ Download progress: 55.9%
2025-08-05 19:52:19,910 - INFO - ⏳ Download progress: 56.1%
2025-08-05 19:52:19,944 - INFO - ⏳ Download progress: 56.4%
2025-08-05 19:52:19,945 - INFO - ⏳ Download progress: 56.6%
2025-08-05 19:52:19,992 - INFO - ⏳ Download progress: 56.9%
2025-08-05 19:52:19,992 - INFO - ⏳ Download progress: 57.1%
2025-08-05 19:52:20,035 - INFO - ⏳ Download progress: 57.4%
2025-08-05 19:52:20,035 - INFO - ⏳ Download progress: 57.6%
2025-08-05 19:52:20,061 - INFO - ⏳ Download progress: 57.9%
2025-08-05 19:52:20,061 - INFO - ⏳ Download progress: 58.2%
2025-08-05 19:52:20,090 - INFO - ⏳ Download progress: 58.4%
2025-08-05 19:52:20,091 - INFO - ⏳ Download progress: 58.7%
2025-08-05 19:52:20,113 - INFO - ⏳ Download progress: 58.9%
2025-08-05 19:52:20,113 - INFO - ⏳ Download progress: 59.2%
2025-08-05 19:52:20,155 - INFO - ⏳ Download progress: 59.4%
2025-08-05 19:52:20,156 - INFO - ⏳ Download progress: 59.7%
2025-08-05 19:52:20,188 - INFO - ⏳ Download progress: 59.9%
2025-08-05 19:52:20,188 - INFO - ⏳ Download progress: 60.2%
2025-08-05 19:52:20,230 - INFO - ⏳ Download progress: 60.5%
2025-08-05 19:52:20,230 - INFO - ⏳ Download progress: 60.7%
2025-08-05 19:52:20,271 - INFO - ⏳ Download progress: 61.0%
2025-08-05 19:52:20,272 - INFO - ⏳ Download progress: 61.2%
2025-08-05 19:52:20,297 - INFO - ⏳ Download progress: 61.5%
2025-08-05 19:52:20,297 - INFO - ⏳ Download progress: 61.7%
2025-08-05 19:52:20,344 - INFO - ⏳ Download progress: 62.0%
2025-08-05 19:52:20,345 - INFO - ⏳ Download progress: 62.2%
2025-08-05 19:52:20,372 - INFO - ⏳ Download progress: 62.5%
2025-08-05 19:52:20,373 - INFO - ⏳ Download progress: 62.8%
2025-08-05 19:52:20,408 - INFO - ⏳ Download progress: 63.0%
2025-08-05 19:52:20,409 - INFO - ⏳ Download progress: 63.3%
2025-08-05 19:52:20,451 - INFO - ⏳ Download progress: 63.5%
2025-08-05 19:52:20,451 - INFO - ⏳ Download progress: 63.8%
2025-08-05 19:52:20,485 - INFO - ⏳ Download progress: 64.0%
2025-08-05 19:52:20,486 - INFO - ⏳ Download progress: 64.3%
2025-08-05 19:52:20,524 - INFO - ⏳ Download progress: 64.5%
2025-08-05 19:52:20,525 - INFO - ⏳ Download progress: 64.8%
2025-08-05 19:52:20,545 - INFO - ⏳ Download progress: 65.0%
2025-08-05 19:52:20,546 - INFO - ⏳ Download progress: 65.3%
2025-08-05 19:52:20,578 - INFO - ⏳ Download progress: 65.6%
2025-08-05 19:52:20,579 - INFO - ⏳ Download progress: 65.8%
2025-08-05 19:52:20,619 - INFO - ⏳ Download progress: 66.1%
2025-08-05 19:52:20,620 - INFO - ⏳ Download progress: 66.3%
2025-08-05 19:52:20,646 - INFO - ⏳ Download progress: 66.6%
2025-08-05 19:52:20,646 - INFO - ⏳ Download progress: 66.8%
2025-08-05 19:52:20,697 - INFO - ⏳ Download progress: 67.1%
2025-08-05 19:52:20,697 - INFO - ⏳ Download progress: 67.3%
2025-08-05 19:52:20,720 - INFO - ⏳ Download progress: 67.6%
2025-08-05 19:52:20,720 - INFO - ⏳ Download progress: 67.9%
2025-08-05 19:52:20,742 - INFO - ⏳ Download progress: 68.1%
2025-08-05 19:52:20,743 - INFO - ⏳ Download progress: 68.4%
2025-08-05 19:52:20,789 - INFO - ⏳ Download progress: 68.6%
2025-08-05 19:52:20,791 - INFO - ⏳ Download progress: 68.9%
2025-08-05 19:52:20,822 - INFO - ⏳ Download progress: 69.1%
2025-08-05 19:52:20,824 - INFO - ⏳ Download progress: 69.4%
2025-08-05 19:52:20,850 - INFO - ⏳ Download progress: 69.6%
2025-08-05 19:52:20,850 - INFO - ⏳ Download progress: 69.9%
2025-08-05 19:52:20,891 - INFO - ⏳ Download progress: 70.1%
2025-08-05 19:52:20,892 - INFO - ⏳ Download progress: 70.4%
2025-08-05 19:52:20,933 - INFO - ⏳ Download progress: 70.7%
2025-08-05 19:52:20,934 - INFO - ⏳ Download progress: 70.9%
2025-08-05 19:52:20,962 - INFO - ⏳ Download progress: 71.2%
2025-08-05 19:52:20,963 - INFO - ⏳ Download progress: 71.4%
2025-08-05 19:52:20,999 - INFO - ⏳ Download progress: 71.7%
2025-08-05 19:52:21,000 - INFO - ⏳ Download progress: 71.9%
2025-08-05 19:52:21,040 - INFO - ⏳ Download progress: 72.2%
2025-08-05 19:52:21,042 - INFO - ⏳ Download progress: 72.4%
2025-08-05 19:52:21,066 - INFO - ⏳ Download progress: 72.7%
2025-08-05 19:52:21,067 - INFO - ⏳ Download progress: 73.0%
2025-08-05 19:52:21,103 - INFO - ⏳ Download progress: 73.2%
2025-08-05 19:52:21,103 - INFO - ⏳ Download progress: 73.5%
2025-08-05 19:52:21,125 - INFO - ⏳ Download progress: 73.7%
2025-08-05 19:52:21,126 - INFO - ⏳ Download progress: 74.0%
2025-08-05 19:52:21,177 - INFO - ⏳ Download progress: 74.2%
2025-08-05 19:52:21,177 - INFO - ⏳ Download progress: 74.5%
2025-08-05 19:52:21,198 - INFO - ⏳ Download progress: 74.7%
2025-08-05 19:52:21,199 - INFO - ⏳ Download progress: 75.0%
2025-08-05 19:52:21,228 - INFO - ⏳ Download progress: 75.3%
2025-08-05 19:52:21,228 - INFO - ⏳ Download progress: 75.5%
2025-08-05 19:52:21,268 - INFO - ⏳ Download progress: 75.8%
2025-08-05 19:52:21,268 - INFO - ⏳ Download progress: 76.0%
2025-08-05 19:52:21,294 - INFO - ⏳ Download progress: 76.3%
2025-08-05 19:52:21,295 - INFO - ⏳ Download progress: 76.5%
2025-08-05 19:52:21,328 - INFO - ⏳ Download progress: 76.8%
2025-08-05 19:52:21,328 - INFO - ⏳ Download progress: 77.0%
2025-08-05 19:52:21,375 - INFO - ⏳ Download progress: 77.3%
2025-08-05 19:52:21,375 - INFO - ⏳ Download progress: 77.5%
2025-08-05 19:52:21,426 - INFO - ⏳ Download progress: 77.8%
2025-08-05 19:52:21,427 - INFO - ⏳ Download progress: 78.1%
2025-08-05 19:52:21,460 - INFO - ⏳ Download progress: 78.3%
2025-08-05 19:52:21,460 - INFO - ⏳ Download progress: 78.6%
2025-08-05 19:52:21,482 - INFO - ⏳ Download progress: 78.8%
2025-08-05 19:52:21,483 - INFO - ⏳ Download progress: 79.1%
2025-08-05 19:52:21,528 - INFO - ⏳ Download progress: 79.3%
2025-08-05 19:52:21,529 - INFO - ⏳ Download progress: 79.6%
2025-08-05 19:52:21,567 - INFO - ⏳ Download progress: 79.8%
2025-08-05 19:52:21,568 - INFO - ⏳ Download progress: 80.1%
2025-08-05 19:52:21,602 - INFO - ⏳ Download progress: 80.4%
2025-08-05 19:52:21,602 - INFO - ⏳ Download progress: 80.6%
2025-08-05 19:52:21,625 - INFO - ⏳ Download progress: 80.9%
2025-08-05 19:52:21,626 - INFO - ⏳ Download progress: 81.1%
2025-08-05 19:52:21,669 - INFO - ⏳ Download progress: 81.4%
2025-08-05 19:52:21,670 - INFO - ⏳ Download progress: 81.6%
2025-08-05 19:52:21,698 - INFO - ⏳ Download progress: 81.9%
2025-08-05 19:52:21,699 - INFO - ⏳ Download progress: 82.1%
2025-08-05 19:52:21,745 - INFO - ⏳ Download progress: 82.4%
2025-08-05 19:52:21,745 - INFO - ⏳ Download progress: 82.6%
2025-08-05 19:52:21,773 - INFO - ⏳ Download progress: 82.9%
2025-08-05 19:52:21,776 - INFO - ⏳ Download progress: 83.2%
2025-08-05 19:52:21,821 - INFO - ⏳ Download progress: 83.4%
2025-08-05 19:52:21,821 - INFO - ⏳ Download progress: 83.7%
2025-08-05 19:52:21,845 - INFO - ⏳ Download progress: 83.9%
2025-08-05 19:52:21,845 - INFO - ⏳ Download progress: 84.2%
2025-08-05 19:52:21,891 - INFO - ⏳ Download progress: 84.4%
2025-08-05 19:52:21,892 - INFO - ⏳ Download progress: 84.7%
2025-08-05 19:52:21,917 - INFO - ⏳ Download progress: 84.9%
2025-08-05 19:52:21,918 - INFO - ⏳ Download progress: 85.2%
2025-08-05 19:52:21,952 - INFO - ⏳ Download progress: 85.5%
2025-08-05 19:52:21,953 - INFO - ⏳ Download progress: 85.7%
2025-08-05 19:52:21,995 - INFO - ⏳ Download progress: 86.0%
2025-08-05 19:52:21,996 - INFO - ⏳ Download progress: 86.2%
2025-08-05 19:52:22,018 - INFO - ⏳ Download progress: 86.5%
2025-08-05 19:52:22,018 - INFO - ⏳ Download progress: 86.7%
2025-08-05 19:52:22,063 - INFO - ⏳ Download progress: 87.0%
2025-08-05 19:52:22,064 - INFO - ⏳ Download progress: 87.2%
2025-08-05 19:52:22,090 - INFO - ⏳ Download progress: 87.5%
2025-08-05 19:52:22,092 - INFO - ⏳ Download progress: 87.8%
2025-08-05 19:52:22,126 - INFO - ⏳ Download progress: 88.0%
2025-08-05 19:52:22,127 - INFO - ⏳ Download progress: 88.3%
2025-08-05 19:52:22,177 - INFO - ⏳ Download progress: 88.5%
2025-08-05 19:52:22,177 - INFO - ⏳ Download progress: 88.8%
2025-08-05 19:52:22,200 - INFO - ⏳ Download progress: 89.0%
2025-08-05 19:52:22,200 - INFO - ⏳ Download progress: 89.3%
2025-08-05 19:52:22,244 - INFO - ⏳ Download progress: 89.5%
2025-08-05 19:52:22,245 - INFO - ⏳ Download progress: 89.8%
2025-08-05 19:52:22,266 - INFO - ⏳ Download progress: 90.0%
2025-08-05 19:52:22,266 - INFO - ⏳ Download progress: 90.3%
2025-08-05 19:52:22,288 - INFO - ⏳ Download progress: 90.6%
2025-08-05 19:52:22,289 - INFO - ⏳ Download progress: 90.8%
2025-08-05 19:52:22,339 - INFO - ⏳ Download progress: 91.1%
2025-08-05 19:52:22,340 - INFO - ⏳ Download progress: 91.3%
2025-08-05 19:52:22,378 - INFO - ⏳ Download progress: 91.6%
2025-08-05 19:52:22,378 - INFO - ⏳ Download progress: 91.8%
2025-08-05 19:52:22,428 - INFO - ⏳ Download progress: 92.1%
2025-08-05 19:52:22,428 - INFO - ⏳ Download progress: 92.3%
2025-08-05 19:52:22,451 - INFO - ⏳ Download progress: 92.6%
2025-08-05 19:52:22,452 - INFO - ⏳ Download progress: 92.9%
2025-08-05 19:52:22,486 - INFO - ⏳ Download progress: 93.1%
2025-08-05 19:52:22,486 - INFO - ⏳ Download progress: 93.4%
2025-08-05 19:52:22,528 - INFO - ⏳ Download progress: 93.6%
2025-08-05 19:52:22,529 - INFO - ⏳ Download progress: 93.9%
2025-08-05 19:52:22,549 - INFO - ⏳ Download progress: 94.1%
2025-08-05 19:52:22,550 - INFO - ⏳ Download progress: 94.4%
2025-08-05 19:52:22,602 - INFO - ⏳ Download progress: 94.6%
2025-08-05 19:52:22,603 - INFO - ⏳ Download progress: 94.9%
2025-08-05 19:52:22,627 - INFO - ⏳ Download progress: 95.1%
2025-08-05 19:52:22,628 - INFO - ⏳ Download progress: 95.4%
2025-08-05 19:52:22,660 - INFO - ⏳ Download progress: 95.7%
2025-08-05 19:52:22,661 - INFO - ⏳ Download progress: 95.9%
2025-08-05 19:52:22,710 - INFO - ⏳ Download progress: 96.2%
2025-08-05 19:52:22,711 - INFO - ⏳ Download progress: 96.4%
2025-08-05 19:52:22,751 - INFO - ⏳ Download progress: 96.7%
2025-08-05 19:52:22,751 - INFO - ⏳ Download progress: 96.9%
2025-08-05 19:52:22,790 - INFO - ⏳ Download progress: 97.2%
2025-08-05 19:52:22,793 - INFO - ⏳ Download progress: 97.4%
2025-08-05 19:52:22,812 - INFO - ⏳ Download progress: 97.7%
2025-08-05 19:52:22,812 - INFO - ⏳ Download progress: 98.0%
2025-08-05 19:52:22,859 - INFO - ⏳ Download progress: 98.2%
2025-08-05 19:52:22,860 - INFO - ⏳ Download progress: 98.5%
2025-08-05 19:52:22,880 - INFO - ⏳ Download progress: 98.7%
2025-08-05 19:52:22,880 - INFO - ⏳ Download progress: 99.0%
2025-08-05 19:52:22,913 - INFO - ⏳ Download progress: 99.2%
2025-08-05 19:52:22,913 - INFO - ⏳ Download progress: 99.5%
2025-08-05 19:52:22,939 - INFO - ⏳ Download progress: 99.7%
2025-08-05 19:52:22,941 - INFO - ⏳ Download progress: 100.0%
2025-08-05 19:52:22,943 - INFO - ⏳ Download progress: 100.0%
2025-08-05 19:52:22,943 - INFO - ✅ Video downloaded successfully!
2025-08-05 19:52:22,948 - INFO - 🎉 Success! Video ID: 6892448d687b9301945020aa
2025-08-05 19:52:22,949 - INFO - ⏳ Waiting for video to render and download...
